{"/Users/liyixin/repos/web/auto_config/src/components/AlgorithmLayout.vue": {"path":"/Users/liyixin/repos/web/auto_config/src/components/AlgorithmLayout.vue","statementMap":{"0":{"start":{"line":54,"column":14},"end":{"line":54,"column":null}},"1":{"start":{"line":69,"column":6},"end":{"line":70,"column":null}},"2":{"start":{"line":70,"column":2},"end":{"line":70,"column":69}},"3":{"start":{"line":70,"column":29},"end":{"line":70,"column":69}},"4":{"start":{"line":74,"column":6},"end":{"line":75,"column":null}},"5":{"start":{"line":75,"column":2},"end":{"line":75,"column":55}},"6":{"start":{"line":75,"column":29},"end":{"line":75,"column":55}},"7":{"start":{"line":78,"column":6},"end":{"line":78,"column":59}},"8":{"start":{"line":81,"column":6},"end":{"line":84,"column":null}},"9":{"start":{"line":82,"column":2},"end":{"line":82,"column":null}},"10":{"start":{"line":82,"column":24},"end":{"line":82,"column":null}},"11":{"start":{"line":83,"column":2},"end":{"line":83,"column":null}},"12":{"start":{"line":83,"column":37},"end":{"line":83,"column":63}},"13":{"start":{"line":2,"column":7},"end":{"line":2,"column":26}},"14":{"start":{"line":4,"column":9},"end":{"line":4,"column":26}},"15":{"start":{"line":18,"column":9},"end":{"line":18,"column":29}},"16":{"start":{"line":2,"column":2},"end":{"line":42,"column":12}},"17":{"start":{"line":5,"column":6},"end":{"line":13,"column":null}},"18":{"start":{"line":11,"column":16},"end":{"line":11,"column":null}},"19":{"start":{"line":27,"column":17},"end":{"line":27,"column":39}},"20":{"start":{"line":37,"column":17},"end":{"line":37,"column":39}}},"fnMap":{"0":{"name":"(anonymous_0)","decl":{"start":{"line":69,"column":18},"end":{"line":69,"column":null}},"loc":{"start":{"line":70,"column":2},"end":{"line":70,"column":69}},"line":70},"1":{"name":"(anonymous_1)","decl":{"start":{"line":70,"column":15},"end":{"line":70,"column":23}},"loc":{"start":{"line":70,"column":29},"end":{"line":70,"column":69}},"line":70},"2":{"name":"(anonymous_2)","decl":{"start":{"line":74,"column":23},"end":{"line":74,"column":null}},"loc":{"start":{"line":75,"column":2},"end":{"line":75,"column":55}},"line":75},"3":{"name":"(anonymous_3)","decl":{"start":{"line":75,"column":15},"end":{"line":75,"column":23}},"loc":{"start":{"line":75,"column":29},"end":{"line":75,"column":55}},"line":75},"4":{"name":"(anonymous_4)","decl":{"start":{"line":81,"column":20},"end":{"line":81,"column":68}},"loc":{"start":{"line":81,"column":68},"end":{"line":84,"column":null}},"line":81},"5":{"name":"(anonymous_5)","decl":{"start":{"line":83,"column":25},"end":{"line":83,"column":31}},"loc":{"start":{"line":83,"column":37},"end":{"line":83,"column":63}},"line":83},"6":{"name":"(anonymous_6)","decl":{"start":{"line":6,"column":22},"end":{"line":6,"column":null}},"loc":{"start":{"line":6,"column":18},"end":{"line":13,"column":null}},"line":6},"7":{"name":"(anonymous_7)","decl":{"start":{"line":11,"column":9},"end":{"line":11,"column":14}},"loc":{"start":{"line":11,"column":16},"end":{"line":11,"column":null}},"line":11},"8":{"name":"(anonymous_8)","decl":{"start":{"line":27,"column":15},"end":{"line":27,"column":17}},"loc":{"start":{"line":27,"column":17},"end":{"line":27,"column":39}},"line":27},"9":{"name":"(anonymous_9)","decl":{"start":{"line":37,"column":15},"end":{"line":37,"column":17}},"loc":{"start":{"line":37,"column":17},"end":{"line":37,"column":39}},"line":37}},"branchMap":{"0":{"loc":{"start":{"line":70,"column":29},"end":{"line":70,"column":69}},"type":"binary-expr","locations":[{"start":{"line":70,"column":29},"end":{"line":70,"column":58}},{"start":{"line":70,"column":58},"end":{"line":70,"column":69}}],"line":70},"1":{"loc":{"start":{"line":78,"column":30},"end":{"line":78,"column":59}},"type":"binary-expr","locations":[{"start":{"line":78,"column":30},"end":{"line":78,"column":57}},{"start":{"line":78,"column":57},"end":{"line":78,"column":59}}],"line":78},"2":{"loc":{"start":{"line":82,"column":2},"end":{"line":82,"column":null}},"type":"if","locations":[{"start":{"line":82,"column":2},"end":{"line":82,"column":null}},{"start":{},"end":{}}],"line":82},"3":{"loc":{"start":{"line":83,"column":9},"end":{"line":83,"column":null}},"type":"binary-expr","locations":[{"start":{"line":83,"column":9},"end":{"line":83,"column":63}},{"start":{"line":83,"column":67},"end":{"line":83,"column":null}}],"line":83},"4":{"loc":{"start":{"line":21,"column":14},"end":{"line":27,"column":null}},"type":"cond-expr","locations":[{"start":{"line":21,"column":35},"end":{"line":27,"column":null}}],"line":21},"5":{"loc":{"start":{"line":27,"column":15},"end":{"line":27,"column":null}},"type":"binary-expr","locations":[{"start":{"line":27,"column":15},"end":{"line":27,"column":17}},{"start":{"line":27,"column":15},"end":{"line":27,"column":39}}],"line":27},"6":{"loc":{"start":{"line":32,"column":14},"end":{"line":42,"column":12}},"type":"cond-expr","locations":[{"start":{"line":32,"column":14},"end":{"line":40,"column":32}},{"start":{"line":40,"column":22},"end":{"line":42,"column":12}}],"line":32},"7":{"loc":{"start":{"line":37,"column":15},"end":{"line":37,"column":null}},"type":"binary-expr","locations":[{"start":{"line":37,"column":15},"end":{"line":37,"column":17}},{"start":{"line":37,"column":15},"end":{"line":37,"column":39}}],"line":37},"8":{"loc":{"start":{"line":40,"column":22},"end":{"line":42,"column":12}},"type":"cond-expr","locations":[{"start":{"line":40,"column":38},"end":{"line":40,"column":null}},{"start":{"line":42,"column":6},"end":{"line":42,"column":12}}],"line":40}},"s":{"0":4,"1":4,"2":4,"3":8,"4":4,"5":4,"6":8,"7":4,"8":4,"9":5,"10":0,"11":5,"12":6,"13":2,"14":2,"15":2,"16":5,"17":9,"18":1,"19":0,"20":0},"f":{"0":4,"1":8,"2":4,"3":8,"4":5,"5":6,"6":9,"7":1,"8":0,"9":0},"b":{"0":[8,7],"1":[4,0],"2":[0,5],"3":[5,0],"4":[1],"5":[1,1],"6":[5,0],"7":[5,4],"8":[0,0]},"meta":{"lastBranch":9,"lastFunction":10,"lastStatement":21,"seen":{"s:54:14:54:Infinity":0,"s:69:6:70:Infinity":1,"f:69:18:69:Infinity":0,"s:70:2:70:69":2,"f:70:15:70:23":1,"s:70:29:70:69":3,"b:70:29:70:58:70:58:70:69":0,"s:74:6:75:Infinity":4,"f:74:23:74:Infinity":2,"s:75:2:75:55":5,"f:75:15:75:23":3,"s:75:29:75:55":6,"s:78:6:78:59":7,"b:78:30:78:57:78:57:78:59":1,"s:81:6:84:Infinity":8,"f:81:20:81:68":4,"b:82:2:82:Infinity:undefined:undefined:undefined:undefined":2,"s:82:2:82:Infinity":9,"s:82:24:82:Infinity":10,"s:83:2:83:Infinity":11,"b:83:9:83:63:83:67:83:Infinity":3,"f:83:25:83:31":5,"s:83:37:83:63":12,"s:2:7:2:26":13,"s:4:9:4:26":14,"s:18:9:18:29":15,"s:2:2:42:12":16,"f:6:22:6:Infinity":6,"s:5:6:13:Infinity":17,"f:11:9:11:14":7,"s:11:16:11:Infinity":18,"b:21:35:27:Infinity":4,"b:27:15:27:17:27:15:27:39":5,"f:27:15:27:17":8,"s:27:17:27:39":19,"b:32:14:40:32:40:22:42:12":6,"b:37:15:37:17:37:15:37:39":7,"f:37:15:37:17":9,"s:37:17:37:39":20,"b:40:38:40:Infinity:42:6:42:12":8}}}
,"/Users/liyixin/repos/web/auto_config/src/components/AlgorithmTabContent.vue": {"path":"/Users/liyixin/repos/web/auto_config/src/components/AlgorithmTabContent.vue","statementMap":{"0":{"start":{"line":42,"column":14},"end":{"line":42,"column":null}},"1":{"start":{"line":52,"column":13},"end":{"line":52,"column":null}},"2":{"start":{"line":56,"column":6},"end":{"line":56,"column":48}},"3":{"start":{"line":56,"column":35},"end":{"line":56,"column":48}},"4":{"start":{"line":58,"column":6},"end":{"line":61,"column":null}},"5":{"start":{"line":59,"column":14},"end":{"line":59,"column":null}},"6":{"start":{"line":60,"column":2},"end":{"line":60,"column":null}},"7":{"start":{"line":63,"column":6},"end":{"line":66,"column":null}},"8":{"start":{"line":63,"column":22},"end":{"line":65,"column":null}},"9":{"start":{"line":65,"column":11},"end":{"line":65,"column":null}},"10":{"start":{"line":69,"column":6},"end":{"line":72,"column":null}},"11":{"start":{"line":69,"column":25},"end":{"line":71,"column":null}},"12":{"start":{"line":71,"column":11},"end":{"line":71,"column":null}},"13":{"start":{"line":76,"column":14},"end":{"line":76,"column":null}},"14":{"start":{"line":77,"column":2},"end":{"line":77,"column":null}},"15":{"start":{"line":81,"column":2},"end":{"line":81,"column":null}},"16":{"start":{"line":85,"column":2},"end":{"line":85,"column":null}},"17":{"start":{"line":2,"column":7},"end":{"line":2,"column":31}},"18":{"start":{"line":2,"column":2},"end":{"line":28,"column":null}},"19":{"start":{"line":15,"column":6},"end":{"line":28,"column":null}},"20":{"start":{"line":28,"column":19},"end":{"line":28,"column":null}}},"fnMap":{"0":{"name":"(anonymous_0)","decl":{"start":{"line":56,"column":20},"end":{"line":56,"column":35}},"loc":{"start":{"line":56,"column":35},"end":{"line":56,"column":48}},"line":56},"1":{"name":"(anonymous_1)","decl":{"start":{"line":58,"column":20},"end":{"line":58,"column":60}},"loc":{"start":{"line":58,"column":60},"end":{"line":61,"column":null}},"line":58},"2":{"name":"(anonymous_2)","decl":{"start":{"line":63,"column":22},"end":{"line":63,"column":null}},"loc":{"start":{"line":63,"column":22},"end":{"line":65,"column":null}},"line":63},"3":{"name":"(anonymous_3)","decl":{"start":{"line":64,"column":31},"end":{"line":64,"column":null}},"loc":{"start":{"line":65,"column":11},"end":{"line":65,"column":null}},"line":65},"4":{"name":"(anonymous_4)","decl":{"start":{"line":69,"column":25},"end":{"line":69,"column":null}},"loc":{"start":{"line":69,"column":25},"end":{"line":71,"column":null}},"line":69},"5":{"name":"(anonymous_5)","decl":{"start":{"line":70,"column":31},"end":{"line":70,"column":null}},"loc":{"start":{"line":71,"column":11},"end":{"line":71,"column":null}},"line":71},"6":{"name":"getChildConfig","decl":{"start":{"line":75,"column":9},"end":{"line":75,"column":24}},"loc":{"start":{"line":75,"column":62},"end":{"line":77,"column":null}},"line":75},"7":{"name":"onUpdate","decl":{"start":{"line":80,"column":9},"end":{"line":80,"column":18}},"loc":{"start":{"line":80,"column":65},"end":{"line":81,"column":null}},"line":80},"8":{"name":"onNestedUpdate","decl":{"start":{"line":84,"column":9},"end":{"line":84,"column":24}},"loc":{"start":{"line":84,"column":89},"end":{"line":85,"column":null}},"line":84},"9":{"name":"(anonymous_9)","decl":{"start":{"line":16,"column":24},"end":{"line":16,"column":null}},"loc":{"start":{"line":16,"column":20},"end":{"line":28,"column":null}},"line":16},"10":{"name":"(anonymous_10)","decl":{"start":{"line":28,"column":11},"end":{"line":28,"column":17}},"loc":{"start":{"line":28,"column":19},"end":{"line":28,"column":null}},"line":28}},"branchMap":{"0":{"loc":{"start":{"line":60,"column":10},"end":{"line":60,"column":46}},"type":"binary-expr","locations":[{"start":{"line":60,"column":10},"end":{"line":60,"column":45}},{"start":{"line":60,"column":45},"end":{"line":60,"column":46}}],"line":60},"1":{"loc":{"start":{"line":64,"column":3},"end":{"line":64,"column":29}},"type":"binary-expr","locations":[{"start":{"line":64,"column":3},"end":{"line":64,"column":27}},{"start":{"line":64,"column":27},"end":{"line":64,"column":29}}],"line":64},"2":{"loc":{"start":{"line":65,"column":11},"end":{"line":65,"column":null}},"type":"binary-expr","locations":[{"start":{"line":65,"column":11},"end":{"line":65,"column":40}},{"start":{"line":65,"column":40},"end":{"line":65,"column":null}}],"line":65},"3":{"loc":{"start":{"line":70,"column":3},"end":{"line":70,"column":29}},"type":"binary-expr","locations":[{"start":{"line":70,"column":3},"end":{"line":70,"column":27}},{"start":{"line":70,"column":27},"end":{"line":70,"column":29}}],"line":70},"4":{"loc":{"start":{"line":77,"column":10},"end":{"line":77,"column":46}},"type":"binary-expr","locations":[{"start":{"line":77,"column":10},"end":{"line":77,"column":45}},{"start":{"line":77,"column":45},"end":{"line":77,"column":46}}],"line":77},"5":{"loc":{"start":{"line":5,"column":12},"end":{"line":10,"column":null}},"type":"cond-expr","locations":[{"start":{"line":5,"column":35},"end":{"line":10,"column":null}}],"line":5},"6":{"loc":{"start":{"line":14,"column":15},"end":{"line":28,"column":null}},"type":"cond-expr","locations":[{"start":{"line":14,"column":35},"end":{"line":28,"column":null}}],"line":14},"7":{"loc":{"start":{"line":24,"column":21},"end":{"line":24,"column":null}},"type":"binary-expr","locations":[{"start":{"line":24,"column":21},"end":{"line":24,"column":35}},{"start":{"line":24,"column":35},"end":{"line":24,"column":null}}],"line":24},"8":{"loc":{"start":{"line":28,"column":19},"end":{"line":28,"column":null}},"type":"cond-expr","locations":[{"start":{"line":28,"column":36},"end":{"line":28,"column":48}},{"start":{"line":28,"column":48},"end":{"line":28,"column":null}}],"line":28}},"s":{"0":6,"1":6,"2":6,"3":2,"4":6,"5":7,"6":7,"7":6,"8":7,"9":7,"10":6,"11":7,"12":7,"13":2,"14":2,"15":0,"16":0,"17":2,"18":7,"19":2,"20":0},"f":{"0":2,"1":7,"2":7,"3":7,"4":7,"5":7,"6":2,"7":0,"8":0,"9":2,"10":0},"b":{"0":[7,0],"1":[7,0],"2":[7,2],"3":[7,0],"4":[2,0],"5":[5],"6":[2],"7":[2,0],"8":[0,0]},"meta":{"lastBranch":0,"lastFunction":0,"lastStatement":0,"seen":{}}}
,"/Users/liyixin/repos/web/auto_config/src/components/AutoConfigForm.vue": {"path":"/Users/liyixin/repos/web/auto_config/src/components/AutoConfigForm.vue","statementMap":{"0":{"start":{"line":65,"column":14},"end":{"line":65,"column":null}},"1":{"start":{"line":84,"column":13},"end":{"line":84,"column":null}},"2":{"start":{"line":89,"column":6},"end":{"line":89,"column":49}},"3":{"start":{"line":90,"column":6},"end":{"line":90,"column":41}},"4":{"start":{"line":91,"column":6},"end":{"line":91,"column":null}},"5":{"start":{"line":92,"column":6},"end":{"line":92,"column":41}},"6":{"start":{"line":94,"column":65},"end":{"line":94,"column":92}},"7":{"start":{"line":95,"column":44},"end":{"line":95,"column":74}},"8":{"start":{"line":98,"column":6},"end":{"line":99,"column":null}},"9":{"start":{"line":99,"column":2},"end":{"line":99,"column":null}},"10":{"start":{"line":103,"column":6},"end":{"line":104,"column":null}},"11":{"start":{"line":103,"column":22},"end":{"line":104,"column":53}},"12":{"start":{"line":110,"column":2},"end":{"line":110,"column":null}},"13":{"start":{"line":111,"column":2},"end":{"line":111,"column":null}},"14":{"start":{"line":113,"column":2},"end":{"line":114,"column":null}},"15":{"start":{"line":114,"column":4},"end":{"line":114,"column":null}},"16":{"start":{"line":116,"column":2},"end":{"line":116,"column":null}},"17":{"start":{"line":117,"column":2},"end":{"line":117,"column":null}},"18":{"start":{"line":121,"column":0},"end":{"line":125,"column":null}},"19":{"start":{"line":122,"column":8},"end":{"line":122,"column":null}},"20":{"start":{"line":123,"column":16},"end":{"line":123,"column":null}},"21":{"start":{"line":123,"column":28},"end":{"line":123,"column":null}},"22":{"start":{"line":128,"column":0},"end":{"line":143,"column":null}},"23":{"start":{"line":129,"column":8},"end":{"line":129,"column":null}},"24":{"start":{"line":131,"column":4},"end":{"line":131,"column":null}},"25":{"start":{"line":131,"column":30},"end":{"line":131,"column":null}},"26":{"start":{"line":132,"column":4},"end":{"line":132,"column":null}},"27":{"start":{"line":133,"column":4},"end":{"line":139,"column":null}},"28":{"start":{"line":134,"column":18},"end":{"line":134,"column":33}},"29":{"start":{"line":135,"column":6},"end":{"line":135,"column":null}},"30":{"start":{"line":135,"column":19},"end":{"line":135,"column":null}},"31":{"start":{"line":136,"column":6},"end":{"line":136,"column":null}},"32":{"start":{"line":137,"column":6},"end":{"line":137,"column":null}},"33":{"start":{"line":139,"column":6},"end":{"line":139,"column":null}},"34":{"start":{"line":149,"column":0},"end":{"line":158,"column":null}},"35":{"start":{"line":150,"column":8},"end":{"line":150,"column":null}},"36":{"start":{"line":152,"column":4},"end":{"line":152,"column":null}},"37":{"start":{"line":152,"column":19},"end":{"line":152,"column":null}},"38":{"start":{"line":153,"column":4},"end":{"line":154,"column":null}},"39":{"start":{"line":154,"column":6},"end":{"line":154,"column":null}},"40":{"start":{"line":161,"column":0},"end":{"line":163,"column":null}},"41":{"start":{"line":162,"column":2},"end":{"line":162,"column":null}},"42":{"start":{"line":170,"column":2},"end":{"line":170,"column":null}},"43":{"start":{"line":176,"column":2},"end":{"line":177,"column":null}},"44":{"start":{"line":177,"column":4},"end":{"line":177,"column":null}},"45":{"start":{"line":182,"column":2},"end":{"line":184,"column":null}},"46":{"start":{"line":183,"column":4},"end":{"line":183,"column":null}},"47":{"start":{"line":184,"column":4},"end":{"line":184,"column":null}},"48":{"start":{"line":189,"column":16},"end":{"line":189,"column":null}},"49":{"start":{"line":190,"column":8},"end":{"line":190,"column":74}},"50":{"start":{"line":191,"column":2},"end":{"line":191,"column":null}},"51":{"start":{"line":197,"column":2},"end":{"line":197,"column":null}},"52":{"start":{"line":197,"column":30},"end":{"line":197,"column":null}},"53":{"start":{"line":198,"column":2},"end":{"line":198,"column":null}},"54":{"start":{"line":202,"column":2},"end":{"line":202,"column":null}},"55":{"start":{"line":205,"column":0},"end":{"line":205,"column":null}},"56":{"start":{"line":2,"column":7},"end":{"line":2,"column":23}},"57":{"start":{"line":18,"column":13},"end":{"line":18,"column":29}},"58":{"start":{"line":2,"column":2},"end":{"line":42,"column":57}},"59":{"start":{"line":14,"column":25},"end":{"line":14,"column":null}}},"fnMap":{"0":{"name":"(anonymous_0)","decl":{"start":{"line":98,"column":24},"end":{"line":98,"column":null}},"loc":{"start":{"line":99,"column":2},"end":{"line":99,"column":null}},"line":99},"1":{"name":"(anonymous_1)","decl":{"start":{"line":103,"column":22},"end":{"line":103,"column":null}},"loc":{"start":{"line":103,"column":22},"end":{"line":104,"column":53}},"line":103},"2":{"name":"applySchema","decl":{"start":{"line":109,"column":9},"end":{"line":109,"column":21}},"loc":{"start":{"line":109,"column":47},"end":{"line":117,"column":null}},"line":109},"3":{"name":"(anonymous_3)","decl":{"start":{"line":121,"column":0},"end":{"line":121,"column":null}},"loc":{"start":{"line":122,"column":8},"end":{"line":122,"column":null}},"line":122},"4":{"name":"(anonymous_4)","decl":{"start":{"line":122,"column":14},"end":{"line":122,"column":null}},"loc":{"start":{"line":123,"column":14},"end":{"line":124,"column":4}},"line":123},"5":{"name":"(anonymous_5)","decl":{"start":{"line":128,"column":0},"end":{"line":128,"column":null}},"loc":{"start":{"line":129,"column":8},"end":{"line":129,"column":null}},"line":129},"6":{"name":"(anonymous_6)","decl":{"start":{"line":130,"column":2},"end":{"line":130,"column":9}},"loc":{"start":{"line":130,"column":17},"end":{"line":142,"column":4}},"line":130},"7":{"name":"(anonymous_7)","decl":{"start":{"line":149,"column":0},"end":{"line":149,"column":null}},"loc":{"start":{"line":150,"column":8},"end":{"line":150,"column":null}},"line":150},"8":{"name":"(anonymous_8)","decl":{"start":{"line":150,"column":14},"end":{"line":150,"column":null}},"loc":{"start":{"line":151,"column":16},"end":{"line":157,"column":4}},"line":151},"9":{"name":"(anonymous_9)","decl":{"start":{"line":161,"column":6},"end":{"line":161,"column":23}},"loc":{"start":{"line":161,"column":31},"end":{"line":163,"column":null}},"line":161},"10":{"name":"handleFieldUpdate","decl":{"start":{"line":167,"column":9},"end":{"line":167,"column":27}},"loc":{"start":{"line":167,"column":76},"end":{"line":170,"column":null}},"line":167},"11":{"name":"handleValidate","decl":{"start":{"line":175,"column":9},"end":{"line":175,"column":32}},"loc":{"start":{"line":175,"column":32},"end":{"line":177,"column":null}},"line":175},"12":{"name":"handleReset","decl":{"start":{"line":181,"column":9},"end":{"line":181,"column":29}},"loc":{"start":{"line":181,"column":29},"end":{"line":184,"column":null}},"line":181},"13":{"name":"handleExport","decl":{"start":{"line":188,"column":9},"end":{"line":188,"column":30}},"loc":{"start":{"line":188,"column":30},"end":{"line":191,"column":null}},"line":188},"14":{"name":"validate_","decl":{"start":{"line":196,"column":9},"end":{"line":196,"column":39}},"loc":{"start":{"line":196,"column":39},"end":{"line":198,"column":null}},"line":196},"15":{"name":"reset_","decl":{"start":{"line":201,"column":9},"end":{"line":201,"column":24}},"loc":{"start":{"line":201,"column":24},"end":{"line":202,"column":null}},"line":201},"16":{"name":"(anonymous_16)","decl":{"start":{"line":14,"column":23},"end":{"line":14,"column":25}},"loc":{"start":{"line":14,"column":25},"end":{"line":14,"column":null}},"line":14}},"branchMap":{"0":{"loc":{"start":{"line":99,"column":2},"end":{"line":99,"column":null}},"type":"binary-expr","locations":[{"start":{"line":99,"column":2},"end":{"line":99,"column":18}},{"start":{"line":99,"column":18},"end":{"line":99,"column":null}}],"line":99},"1":{"loc":{"start":{"line":113,"column":2},"end":{"line":114,"column":null}},"type":"if","locations":[{"start":{"line":113,"column":2},"end":{"line":114,"column":null}},{"start":{},"end":{}}],"line":113},"2":{"loc":{"start":{"line":113,"column":6},"end":{"line":113,"column":68}},"type":"binary-expr","locations":[{"start":{"line":113,"column":6},"end":{"line":113,"column":26}},{"start":{"line":113,"column":26},"end":{"line":113,"column":68}}],"line":113},"3":{"loc":{"start":{"line":123,"column":16},"end":{"line":123,"column":null}},"type":"if","locations":[{"start":{"line":123,"column":16},"end":{"line":123,"column":null}},{"start":{},"end":{}}],"line":123},"4":{"loc":{"start":{"line":131,"column":4},"end":{"line":131,"column":null}},"type":"if","locations":[{"start":{"line":131,"column":4},"end":{"line":131,"column":null}},{"start":{},"end":{}}],"line":131},"5":{"loc":{"start":{"line":131,"column":8},"end":{"line":131,"column":30}},"type":"binary-expr","locations":[{"start":{"line":131,"column":8},"end":{"line":131,"column":16}},{"start":{"line":131,"column":16},"end":{"line":131,"column":30}}],"line":131},"6":{"loc":{"start":{"line":135,"column":6},"end":{"line":135,"column":null}},"type":"if","locations":[{"start":{"line":135,"column":6},"end":{"line":135,"column":null}},{"start":{},"end":{}}],"line":135},"7":{"loc":{"start":{"line":139,"column":24},"end":{"line":139,"column":null}},"type":"cond-expr","locations":[{"start":{"line":139,"column":47},"end":{"line":139,"column":61}},{"start":{"line":139,"column":61},"end":{"line":139,"column":null}}],"line":139},"8":{"loc":{"start":{"line":152,"column":4},"end":{"line":152,"column":null}},"type":"if","locations":[{"start":{"line":152,"column":4},"end":{"line":152,"column":null}},{"start":{},"end":{}}],"line":152},"9":{"loc":{"start":{"line":153,"column":4},"end":{"line":154,"column":null}},"type":"if","locations":[{"start":{"line":153,"column":4},"end":{"line":154,"column":null}},{"start":{},"end":{}}],"line":153},"10":{"loc":{"start":{"line":176,"column":2},"end":{"line":177,"column":null}},"type":"if","locations":[{"start":{"line":176,"column":2},"end":{"line":177,"column":null}},{"start":{},"end":{}}],"line":176},"11":{"loc":{"start":{"line":182,"column":2},"end":{"line":184,"column":null}},"type":"if","locations":[{"start":{"line":182,"column":2},"end":{"line":184,"column":null}},{"start":{},"end":{}}],"line":182},"12":{"loc":{"start":{"line":189,"column":16},"end":{"line":189,"column":null}},"type":"binary-expr","locations":[{"start":{"line":189,"column":16},"end":{"line":189,"column":48}},{"start":{"line":189,"column":48},"end":{"line":189,"column":null}}],"line":189},"13":{"loc":{"start":{"line":197,"column":2},"end":{"line":197,"column":null}},"type":"if","locations":[{"start":{"line":197,"column":2},"end":{"line":197,"column":null}},{"start":{},"end":{}}],"line":197},"14":{"loc":{"start":{"line":3,"column":15},"end":{"line":42,"column":57}},"type":"cond-expr","locations":[{"start":{"line":3,"column":15},"end":{"line":3,"column":65}},{"start":{"line":5,"column":25},"end":{"line":42,"column":57}}],"line":3},"15":{"loc":{"start":{"line":5,"column":25},"end":{"line":42,"column":57}},"type":"cond-expr","locations":[{"start":{"line":5,"column":25},"end":{"line":42,"column":16}},{"start":{"line":42,"column":4},"end":{"line":42,"column":51}}],"line":5},"16":{"loc":{"start":{"line":7,"column":14},"end":{"line":17,"column":11}},"type":"cond-expr","locations":[{"start":{"line":7,"column":14},"end":{"line":17,"column":11}},{"start":{"line":17,"column":6},"end":{"line":17,"column":11}}],"line":7},"17":{"loc":{"start":{"line":8,"column":23},"end":{"line":8,"column":null}},"type":"binary-expr","locations":[{"start":{"line":8,"column":23},"end":{"line":8,"column":44}},{"start":{"line":8,"column":44},"end":{"line":8,"column":null}}],"line":8},"18":{"loc":{"start":{"line":14,"column":23},"end":{"line":14,"column":null}},"type":"binary-expr","locations":[{"start":{"line":14,"column":23},"end":{"line":14,"column":25}},{"start":{"line":14,"column":23},"end":{"line":14,"column":null}}],"line":14},"19":{"loc":{"start":{"line":20,"column":18},"end":{"line":36,"column":32}},"type":"cond-expr","locations":[{"start":{"line":20,"column":34},"end":{"line":27,"column":null}},{"start":{"line":27,"column":10},"end":{"line":36,"column":32}}],"line":20},"20":{"loc":{"start":{"line":36,"column":19},"end":{"line":37,"column":52}},"type":"cond-expr","locations":[{"start":{"line":36,"column":19},"end":{"line":37,"column":52}},{"start":{"line":37,"column":48},"end":{"line":37,"column":52}}],"line":36}},"s":{"0":13,"1":13,"2":13,"3":13,"4":13,"5":13,"6":13,"7":13,"8":13,"9":15,"10":13,"11":16,"12":13,"13":13,"14":13,"15":1,"16":13,"17":13,"18":13,"19":14,"20":14,"21":12,"22":13,"23":13,"24":13,"25":11,"26":2,"27":2,"28":2,"29":2,"30":2,"31":1,"32":1,"33":1,"34":13,"35":13,"36":0,"37":0,"38":0,"39":0,"40":13,"41":5,"42":2,"43":0,"44":0,"45":1,"46":1,"47":1,"48":0,"49":0,"50":0,"51":1,"52":0,"53":1,"54":1,"55":13,"56":1,"57":1,"58":20,"59":0},"f":{"0":15,"1":16,"2":13,"3":14,"4":14,"5":13,"6":13,"7":13,"8":0,"9":5,"10":2,"11":0,"12":1,"13":0,"14":1,"15":1,"16":0},"b":{"0":[15,3],"1":[1,12],"2":[13,1],"3":[12,2],"4":[11,2],"5":[13,2],"6":[1,1],"7":[1,0],"8":[0,0],"9":[0,0],"10":[0,0],"11":[1,0],"12":[0,0],"13":[0,1],"14":[1,19],"15":[17,2],"16":[1,16],"17":[1,0],"18":[1,1],"19":[0,17],"20":[1,16]},"meta":{"lastBranch":21,"lastFunction":17,"lastStatement":60,"seen":{"s:65:14:65:Infinity":0,"s:84:13:84:Infinity":1,"s:89:6:89:49":2,"s:90:6:90:41":3,"s:91:6:91:Infinity":4,"s:92:6:92:41":5,"s:94:65:94:92":6,"s:95:44:95:74":7,"s:98:6:99:Infinity":8,"f:98:24:98:Infinity":0,"s:99:2:99:Infinity":9,"b:99:2:99:18:99:18:99:Infinity":0,"s:103:6:104:Infinity":10,"f:103:22:103:Infinity":1,"s:103:22:104:53":11,"f:109:9:109:21":2,"s:110:2:110:Infinity":12,"s:111:2:111:Infinity":13,"b:113:2:114:Infinity:undefined:undefined:undefined:undefined":1,"s:113:2:114:Infinity":14,"b:113:6:113:26:113:26:113:68":2,"s:114:4:114:Infinity":15,"s:116:2:116:Infinity":16,"s:117:2:117:Infinity":17,"s:121:0:125:Infinity":18,"f:121:0:121:Infinity":3,"s:122:8:122:Infinity":19,"f:122:14:122:Infinity":4,"b:123:16:123:Infinity:undefined:undefined:undefined:undefined":3,"s:123:16:123:Infinity":20,"s:123:28:123:Infinity":21,"s:128:0:143:Infinity":22,"f:128:0:128:Infinity":5,"s:129:8:129:Infinity":23,"f:130:2:130:9":6,"b:131:4:131:Infinity:undefined:undefined:undefined:undefined":4,"s:131:4:131:Infinity":24,"b:131:8:131:16:131:16:131:30":5,"s:131:30:131:Infinity":25,"s:132:4:132:Infinity":26,"s:133:4:139:Infinity":27,"s:134:18:134:33":28,"b:135:6:135:Infinity:undefined:undefined:undefined:undefined":6,"s:135:6:135:Infinity":29,"s:135:19:135:Infinity":30,"s:136:6:136:Infinity":31,"s:137:6:137:Infinity":32,"s:139:6:139:Infinity":33,"b:139:47:139:61:139:61:139:Infinity":7,"s:149:0:158:Infinity":34,"f:149:0:149:Infinity":7,"s:150:8:150:Infinity":35,"f:150:14:150:Infinity":8,"b:152:4:152:Infinity:undefined:undefined:undefined:undefined":8,"s:152:4:152:Infinity":36,"s:152:19:152:Infinity":37,"b:153:4:154:Infinity:undefined:undefined:undefined:undefined":9,"s:153:4:154:Infinity":38,"s:154:6:154:Infinity":39,"s:161:0:163:Infinity":40,"f:161:6:161:23":9,"s:162:2:162:Infinity":41,"f:167:9:167:27":10,"s:170:2:170:Infinity":42,"f:175:9:175:32":11,"b:176:2:177:Infinity:undefined:undefined:undefined:undefined":10,"s:176:2:177:Infinity":43,"s:177:4:177:Infinity":44,"f:181:9:181:29":12,"b:182:2:184:Infinity:undefined:undefined:undefined:undefined":11,"s:182:2:184:Infinity":45,"s:183:4:183:Infinity":46,"s:184:4:184:Infinity":47,"f:188:9:188:30":13,"s:189:16:189:Infinity":48,"b:189:16:189:48:189:48:189:Infinity":12,"s:190:8:190:74":49,"s:191:2:191:Infinity":50,"f:196:9:196:39":14,"b:197:2:197:Infinity:undefined:undefined:undefined:undefined":13,"s:197:2:197:Infinity":51,"s:197:30:197:Infinity":52,"s:198:2:198:Infinity":53,"f:201:9:201:24":15,"s:202:2:202:Infinity":54,"s:205:0:205:Infinity":55,"s:2:7:2:23":56,"s:18:13:18:29":57,"s:2:2:42:57":58,"b:3:15:3:65:5:25:42:57":14,"b:5:25:42:16:42:4:42:51":15,"b:7:14:17:11:17:6:17:11":16,"b:8:23:8:44:8:44:8:Infinity":17,"b:14:23:14:25:14:23:14:Infinity":18,"f:14:23:14:25":16,"s:14:25:14:Infinity":59,"b:20:34:27:Infinity:27:10:36:32":19,"b:36:19:37:52:37:48:37:52":20}}}
,"/Users/liyixin/repos/web/auto_config/src/components/ConfigPreview.vue": {"path":"/Users/liyixin/repos/web/auto_config/src/components/ConfigPreview.vue","statementMap":{"0":{"start":{"line":16,"column":14},"end":{"line":16,"column":null}},"1":{"start":{"line":20,"column":6},"end":{"line":20,"column":24}},"2":{"start":{"line":22,"column":6},"end":{"line":22,"column":null}},"3":{"start":{"line":22,"column":37},"end":{"line":22,"column":74}},"4":{"start":{"line":25,"column":2},"end":{"line":29,"column":null}},"5":{"start":{"line":26,"column":4},"end":{"line":26,"column":null}},"6":{"start":{"line":27,"column":4},"end":{"line":27,"column":null}},"7":{"start":{"line":28,"column":4},"end":{"line":28,"column":null}},"8":{"start":{"line":28,"column":23},"end":{"line":28,"column":47}},"9":{"start":{"line":2,"column":7},"end":{"line":2,"column":29}},"10":{"start":{"line":3,"column":9},"end":{"line":3,"column":31}},"11":{"start":{"line":9,"column":9},"end":{"line":9,"column":29}},"12":{"start":{"line":2,"column":2},"end":{"line":9,"column":62}}},"fnMap":{"0":{"name":"(anonymous_0)","decl":{"start":{"line":22,"column":22},"end":{"line":22,"column":37}},"loc":{"start":{"line":22,"column":37},"end":{"line":22,"column":74}},"line":22},"1":{"name":"copyToClipboard","decl":{"start":{"line":24,"column":15},"end":{"line":24,"column":48}},"loc":{"start":{"line":24,"column":48},"end":{"line":29,"column":null}},"line":24},"2":{"name":"(anonymous_2)","decl":{"start":{"line":28,"column":4},"end":{"line":28,"column":21}},"loc":{"start":{"line":28,"column":21},"end":{"line":28,"column":51}},"line":28}},"branchMap":{"0":{"loc":{"start":{"line":8,"column":10},"end":{"line":4,"column":53}},"type":"binary-expr","locations":[{"start":{"line":8,"column":10},"end":{"line":8,"column":null}},{"start":{"line":8,"column":10},"end":{"line":4,"column":53}}],"line":8},"1":{"loc":{"start":{"line":6,"column":11},"end":{"line":6,"column":null}},"type":"cond-expr","locations":[{"start":{"line":6,"column":17},"end":{"line":6,"column":null}},{"start":{"line":6,"column":17},"end":{"line":6,"column":null}}],"line":6}},"s":{"0":4,"1":4,"2":4,"3":4,"4":2,"5":2,"6":2,"7":2,"8":0,"9":2,"10":2,"11":2,"12":6},"f":{"0":4,"1":2,"2":0},"b":{"0":[6,4],"1":[2,4]},"meta":{"lastBranch":0,"lastFunction":0,"lastStatement":0,"seen":{}}}
,"/Users/liyixin/repos/web/auto_config/src/components/ConfigToolbar.vue": {"path":"/Users/liyixin/repos/web/auto_config/src/components/ConfigToolbar.vue","statementMap":{"0":{"start":{"line":2,"column":7},"end":{"line":2,"column":22}},"1":{"start":{"line":3,"column":9},"end":{"line":3,"column":29}},"2":{"start":{"line":4,"column":12},"end":{"line":4,"column":33}},"3":{"start":{"line":13,"column":9},"end":{"line":13,"column":32}},"4":{"start":{"line":2,"column":2},"end":{"line":31,"column":null}},"5":{"start":{"line":16,"column":8},"end":{"line":23,"column":25}},"6":{"start":{"line":22,"column":18},"end":{"line":22,"column":null}},"7":{"start":{"line":25,"column":62},"end":{"line":25,"column":81}},"8":{"start":{"line":28,"column":62},"end":{"line":28,"column":78}},"9":{"start":{"line":31,"column":60},"end":{"line":31,"column":77}}},"fnMap":{"0":{"name":"(anonymous_0)","decl":{"start":{"line":17,"column":31},"end":{"line":17,"column":null}},"loc":{"start":{"line":17,"column":18},"end":{"line":23,"column":25}},"line":17},"1":{"name":"(anonymous_1)","decl":{"start":{"line":22,"column":11},"end":{"line":22,"column":16}},"loc":{"start":{"line":22,"column":18},"end":{"line":22,"column":null}},"line":22},"2":{"name":"(anonymous_2)","decl":{"start":{"line":25,"column":60},"end":{"line":25,"column":62}},"loc":{"start":{"line":25,"column":62},"end":{"line":25,"column":81}},"line":25},"3":{"name":"(anonymous_3)","decl":{"start":{"line":28,"column":60},"end":{"line":28,"column":62}},"loc":{"start":{"line":28,"column":62},"end":{"line":28,"column":78}},"line":28},"4":{"name":"(anonymous_4)","decl":{"start":{"line":31,"column":58},"end":{"line":31,"column":60}},"loc":{"start":{"line":31,"column":60},"end":{"line":31,"column":77}},"line":31}},"branchMap":{"0":{"loc":{"start":{"line":6,"column":14},"end":{"line":10,"column":null}},"type":"cond-expr","locations":[{"start":{"line":6,"column":14},"end":{"line":10,"column":null}},{"start":{"line":10,"column":79},"end":{"line":10,"column":null}}],"line":6},"1":{"loc":{"start":{"line":8,"column":16},"end":{"line":8,"column":null}},"type":"cond-expr","locations":[{"start":{"line":8,"column":38},"end":{"line":8,"column":null}},{"start":{"line":8,"column":38},"end":{"line":8,"column":null}}],"line":8},"2":{"loc":{"start":{"line":10,"column":11},"end":{"line":10,"column":null}},"type":"cond-expr","locations":[{"start":{"line":10,"column":33},"end":{"line":10,"column":49}},{"start":{"line":10,"column":33},"end":{"line":10,"column":null}}],"line":10},"3":{"loc":{"start":{"line":24,"column":12},"end":{"line":15,"column":43}},"type":"binary-expr","locations":[{"start":{"line":24,"column":12},"end":{"line":24,"column":null}},{"start":{"line":24,"column":12},"end":{"line":15,"column":43}}],"line":24},"4":{"loc":{"start":{"line":25,"column":60},"end":{"line":25,"column":81}},"type":"binary-expr","locations":[{"start":{"line":25,"column":60},"end":{"line":25,"column":62}},{"start":{"line":25,"column":60},"end":{"line":25,"column":81}}],"line":25},"5":{"loc":{"start":{"line":28,"column":60},"end":{"line":28,"column":78}},"type":"binary-expr","locations":[{"start":{"line":28,"column":60},"end":{"line":28,"column":62}},{"start":{"line":28,"column":60},"end":{"line":28,"column":78}}],"line":28},"6":{"loc":{"start":{"line":31,"column":58},"end":{"line":31,"column":77}},"type":"binary-expr","locations":[{"start":{"line":31,"column":58},"end":{"line":31,"column":60}},{"start":{"line":31,"column":58},"end":{"line":31,"column":77}}],"line":31}},"s":{"0":2,"1":2,"2":2,"3":2,"4":8,"5":24,"6":1,"7":1,"8":1,"9":1},"f":{"0":24,"1":1,"2":1,"3":1,"4":1},"b":{"0":[3,5],"1":[2,1],"2":[2,1],"3":[8,8],"4":[8,8],"5":[8,8],"6":[8,8]},"meta":{"lastBranch":0,"lastFunction":0,"lastStatement":0,"seen":{}}}
,"/Users/liyixin/repos/web/auto_config/src/components/FieldGroup.vue": {"path":"/Users/liyixin/repos/web/auto_config/src/components/FieldGroup.vue","statementMap":{"0":{"start":{"line":30,"column":14},"end":{"line":30,"column":null}},"1":{"start":{"line":46,"column":6},"end":{"line":46,"column":27}},"2":{"start":{"line":49,"column":2},"end":{"line":50,"column":null}},"3":{"start":{"line":50,"column":4},"end":{"line":50,"column":null}},"4":{"start":{"line":2,"column":2},"end":{"line":14,"column":null}},"5":{"start":{"line":19,"column":17},"end":{"line":19,"column":39}}},"fnMap":{"0":{"name":"toggle","decl":{"start":{"line":48,"column":9},"end":{"line":48,"column":24}},"loc":{"start":{"line":48,"column":24},"end":{"line":50,"column":null}},"line":48},"1":{"name":"(anonymous_1)","decl":{"start":{"line":19,"column":15},"end":{"line":19,"column":17}},"loc":{"start":{"line":19,"column":17},"end":{"line":19,"column":39}},"line":19}},"branchMap":{"0":{"loc":{"start":{"line":49,"column":2},"end":{"line":50,"column":null}},"type":"if","locations":[{"start":{"line":49,"column":2},"end":{"line":50,"column":null}},{"start":{},"end":{}}],"line":49},"1":{"loc":{"start":{"line":8,"column":18},"end":{"line":10,"column":13}},"type":"cond-expr","locations":[{"start":{"line":8,"column":18},"end":{"line":10,"column":13}},{"start":{"line":10,"column":6},"end":{"line":10,"column":13}}],"line":8},"2":{"loc":{"start":{"line":13,"column":13},"end":{"line":13,"column":46}},"type":"cond-expr","locations":[{"start":{"line":13,"column":13},"end":{"line":13,"column":46}},{"start":{"line":13,"column":44},"end":{"line":13,"column":46}}],"line":13},"3":{"loc":{"start":{"line":19,"column":15},"end":{"line":19,"column":null}},"type":"binary-expr","locations":[{"start":{"line":19,"column":15},"end":{"line":19,"column":17}},{"start":{"line":19,"column":15},"end":{"line":19,"column":39}}],"line":19}},"s":{"0":13,"1":13,"2":2,"3":1,"4":14,"5":1},"f":{"0":2,"1":1},"b":{"0":[1,1],"1":[6,8],"2":[1,13],"3":[14,13]},"meta":{"lastBranch":0,"lastFunction":0,"lastStatement":0,"seen":{}}}
,"/Users/liyixin/repos/web/auto_config/src/components/FieldWrapper.vue": {"path":"/Users/liyixin/repos/web/auto_config/src/components/FieldWrapper.vue","statementMap":{"0":{"start":{"line":3,"column":9},"end":{"line":3,"column":27}},"1":{"start":{"line":4,"column":13},"end":{"line":4,"column":32}},"2":{"start":{"line":10,"column":9},"end":{"line":10,"column":28}},"3":{"start":{"line":2,"column":2},"end":{"line":13,"column":82}},"4":{"start":{"line":13,"column":8},"end":{"line":13,"column":82}}},"fnMap":{"0":{"name":"(anonymous_0)","decl":{"start":{"line":13,"column":31},"end":{"line":13,"column":40}},"loc":{"start":{"line":13,"column":26},"end":{"line":13,"column":82}},"line":13}},"branchMap":{"0":{"loc":{"start":{"line":6,"column":20},"end":{"line":6,"column":82}},"type":"cond-expr","locations":[{"start":{"line":6,"column":20},"end":{"line":6,"column":75}},{"start":{"line":6,"column":75},"end":{"line":6,"column":82}}],"line":6},"1":{"loc":{"start":{"line":8,"column":15},"end":{"line":8,"column":75}},"type":"cond-expr","locations":[{"start":{"line":8,"column":15},"end":{"line":8,"column":75}},{"start":{"line":8,"column":68},"end":{"line":8,"column":75}}],"line":8},"2":{"loc":{"start":{"line":12,"column":16},"end":{"line":13,"column":82}},"type":"cond-expr","locations":[{"start":{"line":12,"column":29},"end":{"line":13,"column":82}}],"line":12}},"s":{"0":2,"1":2,"2":2,"3":89,"4":1},"f":{"0":1},"b":{"0":[17,72],"1":[1,88],"2":[1]},"meta":{"lastBranch":0,"lastFunction":0,"lastStatement":0,"seen":{}}}
,"/Users/liyixin/repos/web/auto_config/src/components/FormRenderer.vue": {"path":"/Users/liyixin/repos/web/auto_config/src/components/FormRenderer.vue","statementMap":{"0":{"start":{"line":72,"column":14},"end":{"line":72,"column":null}},"1":{"start":{"line":82,"column":13},"end":{"line":82,"column":null}},"2":{"start":{"line":87,"column":6},"end":{"line":87,"column":null}},"3":{"start":{"line":90,"column":20},"end":{"line":90,"column":null}},"4":{"start":{"line":91,"column":2},"end":{"line":91,"column":null}},"5":{"start":{"line":91,"column":33},"end":{"line":91,"column":49}},"6":{"start":{"line":91,"column":61},"end":{"line":91,"column":70}},"7":{"start":{"line":95,"column":16},"end":{"line":95,"column":30}},"8":{"start":{"line":96,"column":2},"end":{"line":99,"column":null}},"9":{"start":{"line":97,"column":4},"end":{"line":97,"column":null}},"10":{"start":{"line":97,"column":43},"end":{"line":97,"column":null}},"11":{"start":{"line":98,"column":4},"end":{"line":98,"column":null}},"12":{"start":{"line":103,"column":14},"end":{"line":103,"column":null}},"13":{"start":{"line":104,"column":2},"end":{"line":104,"column":null}},"14":{"start":{"line":108,"column":2},"end":{"line":108,"column":null}},"15":{"start":{"line":112,"column":2},"end":{"line":112,"column":null}},"16":{"start":{"line":2,"column":2},"end":{"line":55,"column":null}},"17":{"start":{"line":4,"column":6},"end":{"line":55,"column":null}},"18":{"start":{"line":15,"column":19},"end":{"line":15,"column":null}},"19":{"start":{"line":32,"column":12},"end":{"line":31,"column":null}},"20":{"start":{"line":31,"column":33},"end":{"line":31,"column":null}},"21":{"start":{"line":56,"column":12},"end":{"line":55,"column":null}},"22":{"start":{"line":55,"column":33},"end":{"line":55,"column":null}}},"fnMap":{"0":{"name":"fieldErrors","decl":{"start":{"line":89,"column":9},"end":{"line":89,"column":21}},"loc":{"start":{"line":89,"column":45},"end":{"line":91,"column":null}},"line":89},"1":{"name":"(anonymous_1)","decl":{"start":{"line":91,"column":19},"end":{"line":91,"column":27}},"loc":{"start":{"line":91,"column":33},"end":{"line":91,"column":49}},"line":91},"2":{"name":"(anonymous_2)","decl":{"start":{"line":91,"column":50},"end":{"line":91,"column":55}},"loc":{"start":{"line":91,"column":61},"end":{"line":91,"column":70}},"line":91},"3":{"name":"getFieldValue","decl":{"start":{"line":94,"column":9},"end":{"line":94,"column":23}},"loc":{"start":{"line":94,"column":46},"end":{"line":99,"column":null}},"line":94},"4":{"name":"(anonymous_4)","decl":{"start":{"line":96,"column":15},"end":{"line":96,"column":32}},"loc":{"start":{"line":96,"column":45},"end":{"line":99,"column":11}},"line":96},"5":{"name":"getGroupConfig","decl":{"start":{"line":102,"column":9},"end":{"line":102,"column":24}},"loc":{"start":{"line":102,"column":62},"end":{"line":104,"column":null}},"line":102},"6":{"name":"onFieldUpdate","decl":{"start":{"line":107,"column":9},"end":{"line":107,"column":23}},"loc":{"start":{"line":107,"column":59},"end":{"line":108,"column":null}},"line":107},"7":{"name":"onNestedUpdate","decl":{"start":{"line":111,"column":9},"end":{"line":111,"column":24}},"loc":{"start":{"line":111,"column":89},"end":{"line":112,"column":null}},"line":111},"8":{"name":"(anonymous_8)","decl":{"start":{"line":3,"column":30},"end":{"line":3,"column":44}},"loc":{"start":{"line":3,"column":26},"end":{"line":55,"column":null}},"line":3},"9":{"name":"(anonymous_9)","decl":{"start":{"line":15,"column":11},"end":{"line":15,"column":17}},"loc":{"start":{"line":15,"column":19},"end":{"line":15,"column":null}},"line":15},"10":{"name":"(anonymous_10)","decl":{"start":{"line":32,"column":12},"end":{"line":32,"column":null}},"loc":{"start":{"line":32,"column":12},"end":{"line":31,"column":null}},"line":32},"11":{"name":"(anonymous_11)","decl":{"start":{"line":31,"column":13},"end":{"line":31,"column":31}},"loc":{"start":{"line":31,"column":33},"end":{"line":31,"column":null}},"line":31},"12":{"name":"(anonymous_12)","decl":{"start":{"line":56,"column":12},"end":{"line":56,"column":null}},"loc":{"start":{"line":56,"column":12},"end":{"line":55,"column":null}},"line":56},"13":{"name":"(anonymous_13)","decl":{"start":{"line":55,"column":13},"end":{"line":55,"column":31}},"loc":{"start":{"line":55,"column":33},"end":{"line":55,"column":null}},"line":55}},"branchMap":{"0":{"loc":{"start":{"line":90,"column":20},"end":{"line":90,"column":null}},"type":"binary-expr","locations":[{"start":{"line":90,"column":20},"end":{"line":90,"column":36}},{"start":{"line":90,"column":36},"end":{"line":90,"column":null}}],"line":90},"1":{"loc":{"start":{"line":97,"column":4},"end":{"line":97,"column":null}},"type":"if","locations":[{"start":{"line":97,"column":4},"end":{"line":97,"column":null}},{"start":{},"end":{}}],"line":97},"2":{"loc":{"start":{"line":97,"column":8},"end":{"line":97,"column":43}},"type":"binary-expr","locations":[{"start":{"line":97,"column":8},"end":{"line":97,"column":24}},{"start":{"line":97,"column":24},"end":{"line":97,"column":43}}],"line":97},"3":{"loc":{"start":{"line":104,"column":10},"end":{"line":104,"column":46}},"type":"binary-expr","locations":[{"start":{"line":104,"column":10},"end":{"line":104,"column":45}},{"start":{"line":104,"column":45},"end":{"line":104,"column":46}}],"line":104},"4":{"loc":{"start":{"line":6,"column":38},"end":{"line":6,"column":null}},"type":"binary-expr","locations":[{"start":{"line":6,"column":38},"end":{"line":6,"column":71}},{"start":{"line":6,"column":71},"end":{"line":6,"column":null}}],"line":6},"5":{"loc":{"start":{"line":9,"column":16},"end":{"line":55,"column":null}},"type":"cond-expr","locations":[{"start":{"line":9,"column":55},"end":{"line":18,"column":27}},{"start":{"line":18,"column":21},"end":{"line":55,"column":null}}],"line":9},"6":{"loc":{"start":{"line":9,"column":16},"end":{"line":9,"column":null}},"type":"binary-expr","locations":[{"start":{"line":9,"column":16},"end":{"line":9,"column":49}},{"start":{"line":9,"column":49},"end":{"line":9,"column":null}}],"line":9},"7":{"loc":{"start":{"line":18,"column":21},"end":{"line":55,"column":null}},"type":"cond-expr","locations":[{"start":{"line":18,"column":38},"end":{"line":34,"column":null}},{"start":{"line":34,"column":8},"end":{"line":55,"column":null}}],"line":18},"8":{"loc":{"start":{"line":55,"column":33},"end":{"line":55,"column":null}},"type":"cond-expr","locations":[{"start":{"line":55,"column":50},"end":{"line":55,"column":62}},{"start":{"line":55,"column":62},"end":{"line":55,"column":null}}],"line":55}},"s":{"0":42,"1":42,"2":42,"3":252,"4":252,"5":0,"6":0,"7":84,"8":84,"9":93,"10":9,"11":84,"12":2,"13":2,"14":4,"15":0,"16":48,"17":86,"18":0,"19":1,"20":0,"21":83,"22":4},"f":{"0":252,"1":0,"2":0,"3":84,"4":93,"5":2,"6":4,"7":0,"8":86,"9":0,"10":1,"11":0,"12":83,"13":4},"b":{"0":[252,105],"1":[9,84],"2":[93,93],"3":[2,0],"4":[86,84],"5":[2,84],"6":[86,2],"7":[1,83],"8":[0,4]},"meta":{"lastBranch":0,"lastFunction":0,"lastStatement":0,"seen":{}}}
,"/Users/liyixin/repos/web/auto_config/src/components/controls/ArrayInput.vue": {"path":"/Users/liyixin/repos/web/auto_config/src/components/controls/ArrayInput.vue","statementMap":{"0":{"start":{"line":40,"column":14},"end":{"line":40,"column":null}},"1":{"start":{"line":49,"column":13},"end":{"line":49,"column":null}},"2":{"start":{"line":54,"column":18},"end":{"line":54,"column":null}},"3":{"start":{"line":55,"column":2},"end":{"line":55,"column":null}},"4":{"start":{"line":59,"column":2},"end":{"line":59,"column":null}},"5":{"start":{"line":59,"column":62},"end":{"line":59,"column":74}},"6":{"start":{"line":63,"column":18},"end":{"line":63,"column":80}},"7":{"start":{"line":63,"column":53},"end":{"line":63,"column":80}},"8":{"start":{"line":64,"column":2},"end":{"line":64,"column":null}},"9":{"start":{"line":2,"column":2},"end":{"line":31,"column":null}},"10":{"start":{"line":7,"column":4},"end":{"line":28,"column":15}},"11":{"start":{"line":17,"column":16},"end":{"line":17,"column":null}},"12":{"start":{"line":24,"column":16},"end":{"line":24,"column":null}},"13":{"start":{"line":26,"column":102},"end":{"line":26,"column":121}}},"fnMap":{"0":{"name":"addItem","decl":{"start":{"line":53,"column":9},"end":{"line":53,"column":25}},"loc":{"start":{"line":53,"column":25},"end":{"line":55,"column":null}},"line":53},"1":{"name":"removeItem","decl":{"start":{"line":58,"column":9},"end":{"line":58,"column":20}},"loc":{"start":{"line":58,"column":41},"end":{"line":59,"column":null}},"line":58},"2":{"name":"(anonymous_2)","decl":{"start":{"line":59,"column":45},"end":{"line":59,"column":53}},"loc":{"start":{"line":59,"column":62},"end":{"line":59,"column":74}},"line":59},"3":{"name":"updateItem","decl":{"start":{"line":62,"column":9},"end":{"line":62,"column":20}},"loc":{"start":{"line":62,"column":65},"end":{"line":64,"column":null}},"line":62},"4":{"name":"(anonymous_4)","decl":{"start":{"line":63,"column":35},"end":{"line":63,"column":40}},"loc":{"start":{"line":63,"column":53},"end":{"line":63,"column":80}},"line":63},"5":{"name":"(anonymous_5)","decl":{"start":{"line":8,"column":30},"end":{"line":8,"column":null}},"loc":{"start":{"line":8,"column":25},"end":{"line":28,"column":15}},"line":8},"6":{"name":"(anonymous_6)","decl":{"start":{"line":17,"column":9},"end":{"line":17,"column":14}},"loc":{"start":{"line":17,"column":16},"end":{"line":17,"column":null}},"line":17},"7":{"name":"(anonymous_7)","decl":{"start":{"line":24,"column":9},"end":{"line":24,"column":14}},"loc":{"start":{"line":24,"column":16},"end":{"line":24,"column":null}},"line":24},"8":{"name":"(anonymous_8)","decl":{"start":{"line":26,"column":95},"end":{"line":26,"column":100}},"loc":{"start":{"line":26,"column":102},"end":{"line":26,"column":121}},"line":26}},"branchMap":{"0":{"loc":{"start":{"line":54,"column":18},"end":{"line":54,"column":null}},"type":"cond-expr","locations":[{"start":{"line":54,"column":48},"end":{"line":54,"column":52}},{"start":{"line":54,"column":52},"end":{"line":54,"column":null}}],"line":54},"1":{"loc":{"start":{"line":63,"column":53},"end":{"line":63,"column":80}},"type":"cond-expr","locations":[{"start":{"line":63,"column":67},"end":{"line":63,"column":75}},{"start":{"line":63,"column":75},"end":{"line":63,"column":80}}],"line":63},"2":{"loc":{"start":{"line":3,"column":15},"end":{"line":5,"column":10}},"type":"cond-expr","locations":[{"start":{"line":3,"column":32},"end":{"line":3,"column":null}},{"start":{"line":5,"column":4},"end":{"line":5,"column":10}}],"line":3},"3":{"loc":{"start":{"line":13,"column":14},"end":{"line":26,"column":14}},"type":"cond-expr","locations":[{"start":{"line":13,"column":22},"end":{"line":19,"column":null}},{"start":{"line":19,"column":6},"end":{"line":26,"column":14}}],"line":13}},"s":{"0":8,"1":8,"2":2,"3":2,"4":1,"5":2,"6":2,"7":2,"8":2,"9":8,"10":6,"11":1,"12":1,"13":1},"f":{"0":2,"1":1,"2":2,"3":2,"4":2,"5":6,"6":1,"7":1,"8":1},"b":{"0":[1,1],"1":[2,0],"2":[4,4],"3":[1,5]},"meta":{"lastBranch":0,"lastFunction":0,"lastStatement":0,"seen":{}}}
,"/Users/liyixin/repos/web/auto_config/src/components/controls/CheckboxInput.vue": {"path":"/Users/liyixin/repos/web/auto_config/src/components/controls/CheckboxInput.vue","statementMap":{"0":{"start":{"line":17,"column":14},"end":{"line":17,"column":null}},"1":{"start":{"line":28,"column":6},"end":{"line":28,"column":97}},"2":{"start":{"line":28,"column":31},"end":{"line":28,"column":97}},"3":{"start":{"line":2,"column":7},"end":{"line":2,"column":31}},"4":{"start":{"line":2,"column":2},"end":{"line":10,"column":45}},"5":{"start":{"line":8,"column":15},"end":{"line":8,"column":85}}},"fnMap":{"0":{"name":"(anonymous_0)","decl":{"start":{"line":28,"column":16},"end":{"line":28,"column":31}},"loc":{"start":{"line":28,"column":31},"end":{"line":28,"column":97}},"line":28},"1":{"name":"(anonymous_1)","decl":{"start":{"line":8,"column":13},"end":{"line":8,"column":15}},"loc":{"start":{"line":8,"column":15},"end":{"line":8,"column":85}},"line":8}},"branchMap":{"0":{"loc":{"start":{"line":28,"column":31},"end":{"line":28,"column":97}},"type":"binary-expr","locations":[{"start":{"line":28,"column":31},"end":{"line":28,"column":48}},{"start":{"line":28,"column":48},"end":{"line":28,"column":97}}],"line":28},"1":{"loc":{"start":{"line":8,"column":13},"end":{"line":8,"column":null}},"type":"binary-expr","locations":[{"start":{"line":8,"column":13},"end":{"line":8,"column":15}},{"start":{"line":8,"column":13},"end":{"line":8,"column":85}}],"line":8}},"s":{"0":20,"1":20,"2":20,"3":3,"4":20,"5":1},"f":{"0":20,"1":1},"b":{"0":[20,2],"1":[20,20]},"meta":{"lastBranch":2,"lastFunction":2,"lastStatement":6,"seen":{"s:17:14:17:Infinity":0,"s:28:6:28:97":1,"f:28:16:28:31":0,"s:28:31:28:97":2,"b:28:31:28:48:28:48:28:97":0,"s:2:7:2:31":3,"s:2:2:10:45":4,"b:8:13:8:15:8:13:8:85":1,"f:8:13:8:15":1,"s:8:15:8:85":5}}}
,"/Users/liyixin/repos/web/auto_config/src/components/controls/NumberInput.vue": {"path":"/Users/liyixin/repos/web/auto_config/src/components/controls/NumberInput.vue","statementMap":{"0":{"start":{"line":2,"column":2},"end":{"line":10,"column":null}},"1":{"start":{"line":10,"column":12},"end":{"line":10,"column":null}}},"fnMap":{"0":{"name":"(anonymous_0)","decl":{"start":{"line":10,"column":10},"end":{"line":10,"column":12}},"loc":{"start":{"line":10,"column":12},"end":{"line":10,"column":null}},"line":10}},"branchMap":{"0":{"loc":{"start":{"line":10,"column":10},"end":{"line":10,"column":null}},"type":"binary-expr","locations":[{"start":{"line":10,"column":10},"end":{"line":10,"column":12}},{"start":{"line":10,"column":10},"end":{"line":10,"column":null}}],"line":10}},"s":{"0":26,"1":1},"f":{"0":1},"b":{"0":[26,26]},"meta":{"lastBranch":1,"lastFunction":1,"lastStatement":2,"seen":{"s:2:2:10:Infinity":0,"b:10:10:10:12:10:10:10:Infinity":0,"f:10:10:10:12":0,"s:10:12:10:Infinity":1}}}
,"/Users/liyixin/repos/web/auto_config/src/components/controls/ObjectArrayInput.vue": {"path":"/Users/liyixin/repos/web/auto_config/src/components/controls/ObjectArrayInput.vue","statementMap":{"0":{"start":{"line":52,"column":14},"end":{"line":52,"column":null}},"1":{"start":{"line":63,"column":13},"end":{"line":63,"column":null}},"2":{"start":{"line":67,"column":6},"end":{"line":67,"column":null}},"3":{"start":{"line":70,"column":15},"end":{"line":70,"column":43}},"4":{"start":{"line":71,"column":2},"end":{"line":74,"column":null}},"5":{"start":{"line":72,"column":4},"end":{"line":72,"column":null}},"6":{"start":{"line":74,"column":4},"end":{"line":74,"column":null}},"7":{"start":{"line":76,"column":2},"end":{"line":76,"column":null}},"8":{"start":{"line":81,"column":2},"end":{"line":84,"column":null}},"9":{"start":{"line":82,"column":4},"end":{"line":84,"column":null}},"10":{"start":{"line":83,"column":18},"end":{"line":83,"column":null}},"11":{"start":{"line":84,"column":6},"end":{"line":84,"column":null}},"12":{"start":{"line":84,"column":49},"end":{"line":84,"column":null}},"13":{"start":{"line":87,"column":2},"end":{"line":87,"column":null}},"14":{"start":{"line":91,"column":8},"end":{"line":91,"column":62}},"15":{"start":{"line":92,"column":2},"end":{"line":92,"column":null}},"16":{"start":{"line":97,"column":15},"end":{"line":97,"column":31}},"17":{"start":{"line":98,"column":2},"end":{"line":101,"column":null}},"18":{"start":{"line":99,"column":4},"end":{"line":100,"column":null}},"19":{"start":{"line":99,"column":19},"end":{"line":99,"column":null}},"20":{"start":{"line":100,"column":13},"end":{"line":100,"column":null}},"21":{"start":{"line":100,"column":24},"end":{"line":100,"column":null}},"22":{"start":{"line":102,"column":2},"end":{"line":102,"column":null}},"23":{"start":{"line":103,"column":2},"end":{"line":103,"column":null}},"24":{"start":{"line":103,"column":62},"end":{"line":103,"column":74}},"25":{"start":{"line":107,"column":8},"end":{"line":107,"column":85}},"26":{"start":{"line":108,"column":18},"end":{"line":108,"column":86}},"27":{"start":{"line":108,"column":53},"end":{"line":108,"column":86}},"28":{"start":{"line":109,"column":2},"end":{"line":109,"column":null}},"29":{"start":{"line":17,"column":14},"end":{"line":17,"column":42}},"30":{"start":{"line":29,"column":47},"end":{"line":29,"column":74}},"31":{"start":{"line":2,"column":2},"end":{"line":41,"column":13}},"32":{"start":{"line":7,"column":4},"end":{"line":29,"column":47}},"33":{"start":{"line":13,"column":49},"end":{"line":13,"column":null}},"34":{"start":{"line":23,"column":23},"end":{"line":23,"column":39}},"35":{"start":{"line":34,"column":19},"end":{"line":34,"column":null}}},"fnMap":{"0":{"name":"toggleItem","decl":{"start":{"line":69,"column":9},"end":{"line":69,"column":20}},"loc":{"start":{"line":69,"column":41},"end":{"line":76,"column":null}},"line":69},"1":{"name":"getItemTitle","decl":{"start":{"line":79,"column":9},"end":{"line":79,"column":22}},"loc":{"start":{"line":79,"column":76},"end":{"line":87,"column":null}},"line":79},"2":{"name":"addItem","decl":{"start":{"line":90,"column":9},"end":{"line":90,"column":25}},"loc":{"start":{"line":90,"column":25},"end":{"line":92,"column":null}},"line":90},"3":{"name":"removeItem","decl":{"start":{"line":95,"column":9},"end":{"line":95,"column":20}},"loc":{"start":{"line":95,"column":41},"end":{"line":103,"column":null}},"line":95},"4":{"name":"(anonymous_4)","decl":{"start":{"line":98,"column":23},"end":{"line":98,"column":32}},"loc":{"start":{"line":98,"column":38},"end":{"line":101,"column":null}},"line":98},"5":{"name":"(anonymous_5)","decl":{"start":{"line":103,"column":45},"end":{"line":103,"column":53}},"loc":{"start":{"line":103,"column":62},"end":{"line":103,"column":74}},"line":103},"6":{"name":"onItemUpdate","decl":{"start":{"line":106,"column":9},"end":{"line":106,"column":22}},"loc":{"start":{"line":106,"column":84},"end":{"line":109,"column":null}},"line":106},"7":{"name":"(anonymous_7)","decl":{"start":{"line":108,"column":35},"end":{"line":108,"column":40}},"loc":{"start":{"line":108,"column":53},"end":{"line":108,"column":86}},"line":108},"8":{"name":"(anonymous_8)","decl":{"start":{"line":8,"column":30},"end":{"line":8,"column":null}},"loc":{"start":{"line":8,"column":25},"end":{"line":29,"column":47}},"line":8},"9":{"name":"(anonymous_9)","decl":{"start":{"line":13,"column":42},"end":{"line":13,"column":47}},"loc":{"start":{"line":13,"column":49},"end":{"line":13,"column":null}},"line":13},"10":{"name":"(anonymous_10)","decl":{"start":{"line":23,"column":16},"end":{"line":23,"column":23}},"loc":{"start":{"line":23,"column":23},"end":{"line":23,"column":39}},"line":23},"11":{"name":"(anonymous_11)","decl":{"start":{"line":34,"column":11},"end":{"line":34,"column":17}},"loc":{"start":{"line":34,"column":19},"end":{"line":34,"column":null}},"line":34}},"branchMap":{"0":{"loc":{"start":{"line":71,"column":2},"end":{"line":74,"column":null}},"type":"if","locations":[{"start":{"line":71,"column":2},"end":{"line":74,"column":null}},{"start":{"line":73,"column":9},"end":{"line":74,"column":null}}],"line":71},"1":{"loc":{"start":{"line":82,"column":4},"end":{"line":84,"column":null}},"type":"if","locations":[{"start":{"line":82,"column":4},"end":{"line":84,"column":null}},{"start":{},"end":{}}],"line":82},"2":{"loc":{"start":{"line":82,"column":8},"end":{"line":82,"column":72}},"type":"binary-expr","locations":[{"start":{"line":82,"column":8},"end":{"line":82,"column":40}},{"start":{"line":82,"column":40},"end":{"line":82,"column":72}}],"line":82},"3":{"loc":{"start":{"line":84,"column":6},"end":{"line":84,"column":null}},"type":"if","locations":[{"start":{"line":84,"column":6},"end":{"line":84,"column":null}},{"start":{},"end":{}}],"line":84},"4":{"loc":{"start":{"line":84,"column":10},"end":{"line":84,"column":47}},"type":"binary-expr","locations":[{"start":{"line":84,"column":10},"end":{"line":84,"column":37}},{"start":{"line":84,"column":37},"end":{"line":84,"column":47}}],"line":84},"5":{"loc":{"start":{"line":99,"column":4},"end":{"line":100,"column":null}},"type":"if","locations":[{"start":{"line":99,"column":4},"end":{"line":100,"column":null}},{"start":{"line":100,"column":13},"end":{"line":100,"column":null}}],"line":99},"6":{"loc":{"start":{"line":100,"column":13},"end":{"line":100,"column":null}},"type":"if","locations":[{"start":{"line":100,"column":13},"end":{"line":100,"column":null}},{"start":{},"end":{}}],"line":100},"7":{"loc":{"start":{"line":108,"column":53},"end":{"line":108,"column":86}},"type":"cond-expr","locations":[{"start":{"line":108,"column":67},"end":{"line":108,"column":81}},{"start":{"line":108,"column":81},"end":{"line":108,"column":86}}],"line":108},"8":{"loc":{"start":{"line":3,"column":15},"end":{"line":5,"column":10}},"type":"cond-expr","locations":[{"start":{"line":3,"column":32},"end":{"line":3,"column":null}},{"start":{"line":5,"column":4},"end":{"line":5,"column":10}}],"line":3},"9":{"loc":{"start":{"line":19,"column":17},"end":{"line":26,"column":17}},"type":"cond-expr","locations":[{"start":{"line":19,"column":17},"end":{"line":26,"column":17}},{"start":{"line":26,"column":8},"end":{"line":26,"column":17}}],"line":19},"10":{"loc":{"start":{"line":39,"column":19},"end":{"line":41,"column":13}},"type":"cond-expr","locations":[{"start":{"line":39,"column":19},"end":{"line":39,"column":null}},{"start":{"line":41,"column":4},"end":{"line":41,"column":13}}],"line":39}},"s":{"0":8,"1":8,"2":8,"3":1,"4":1,"5":0,"6":1,"7":1,"8":9,"9":10,"10":9,"11":9,"12":8,"13":1,"14":1,"15":1,"16":1,"17":1,"18":0,"19":0,"20":0,"21":0,"22":1,"23":1,"24":2,"25":0,"26":0,"27":0,"28":0,"29":2,"30":2,"31":10,"32":9,"33":1,"34":1,"35":0},"f":{"0":1,"1":9,"2":1,"3":1,"4":0,"5":2,"6":0,"7":0,"8":9,"9":1,"10":1,"11":0},"b":{"0":[0,1],"1":[9,1],"2":[10,1],"3":[8,1],"4":[9,9],"5":[0,0],"6":[0,0],"7":[0,0],"8":[3,7],"9":[9,0],"10":[10,0]},"meta":{"lastBranch":0,"lastFunction":0,"lastStatement":0,"seen":{}}}
,"/Users/liyixin/repos/web/auto_config/src/components/controls/SelectInput.vue": {"path":"/Users/liyixin/repos/web/auto_config/src/components/controls/SelectInput.vue","statementMap":{"0":{"start":{"line":2,"column":2},"end":{"line":10,"column":null}},"1":{"start":{"line":7,"column":13},"end":{"line":7,"column":82}},"2":{"start":{"line":9,"column":4},"end":{"line":10,"column":null}}},"fnMap":{"0":{"name":"(anonymous_0)","decl":{"start":{"line":7,"column":11},"end":{"line":7,"column":13}},"loc":{"start":{"line":7,"column":13},"end":{"line":7,"column":82}},"line":7},"1":{"name":"(anonymous_1)","decl":{"start":{"line":9,"column":26},"end":{"line":9,"column":36}},"loc":{"start":{"line":9,"column":22},"end":{"line":10,"column":null}},"line":9}},"branchMap":{"0":{"loc":{"start":{"line":7,"column":11},"end":{"line":7,"column":null}},"type":"binary-expr","locations":[{"start":{"line":7,"column":11},"end":{"line":7,"column":13}},{"start":{"line":7,"column":11},"end":{"line":7,"column":82}}],"line":7}},"s":{"0":4,"1":1,"2":7},"f":{"0":1,"1":7},"b":{"0":[4,4]},"meta":{"lastBranch":1,"lastFunction":2,"lastStatement":3,"seen":{"s:2:2:10:Infinity":0,"b:7:11:7:13:7:11:7:82":0,"f:7:11:7:13":0,"s:7:13:7:82":1,"f:9:26:9:36":1,"s:9:4:10:Infinity":2}}}
,"/Users/liyixin/repos/web/auto_config/src/components/controls/TextInput.vue": {"path":"/Users/liyixin/repos/web/auto_config/src/components/controls/TextInput.vue","statementMap":{"0":{"start":{"line":2,"column":2},"end":{"line":11,"column":null}},"1":{"start":{"line":11,"column":12},"end":{"line":11,"column":80}}},"fnMap":{"0":{"name":"(anonymous_0)","decl":{"start":{"line":11,"column":10},"end":{"line":11,"column":12}},"loc":{"start":{"line":11,"column":12},"end":{"line":11,"column":80}},"line":11}},"branchMap":{"0":{"loc":{"start":{"line":11,"column":10},"end":{"line":11,"column":null}},"type":"binary-expr","locations":[{"start":{"line":11,"column":10},"end":{"line":11,"column":12}},{"start":{"line":11,"column":10},"end":{"line":11,"column":80}}],"line":11}},"s":{"0":39,"1":4},"f":{"0":4},"b":{"0":[39,36]},"meta":{"lastBranch":1,"lastFunction":1,"lastStatement":2,"seen":{"s:2:2:11:Infinity":0,"b:11:10:11:12:11:10:11:80":0,"f:11:10:11:12":0,"s:11:12:11:80":1}}}
,"/Users/liyixin/repos/web/auto_config/src/components/controls/TextareaInput.vue": {"path":"/Users/liyixin/repos/web/auto_config/src/components/controls/TextareaInput.vue","statementMap":{"0":{"start":{"line":2,"column":2},"end":{"line":9,"column":null}},"1":{"start":{"line":9,"column":12},"end":{"line":9,"column":83}}},"fnMap":{"0":{"name":"(anonymous_0)","decl":{"start":{"line":9,"column":10},"end":{"line":9,"column":12}},"loc":{"start":{"line":9,"column":12},"end":{"line":9,"column":83}},"line":9}},"branchMap":{"0":{"loc":{"start":{"line":9,"column":10},"end":{"line":9,"column":null}},"type":"binary-expr","locations":[{"start":{"line":9,"column":10},"end":{"line":9,"column":12}},{"start":{"line":9,"column":10},"end":{"line":9,"column":83}}],"line":9}},"s":{"0":4,"1":1},"f":{"0":1},"b":{"0":[4,4]},"meta":{"lastBranch":1,"lastFunction":1,"lastStatement":2,"seen":{"s:2:2:9:Infinity":0,"b:9:10:9:12:9:10:9:83":0,"f:9:10:9:12":0,"s:9:12:9:83":1}}}
,"/Users/liyixin/repos/web/auto_config/src/composables/useFormState.ts": {"path":"/Users/liyixin/repos/web/auto_config/src/composables/useFormState.ts","statementMap":{"0":{"start":{"line":7,"column":8},"end":{"line":7,"column":49}},"1":{"start":{"line":10,"column":4},"end":{"line":10,"column":null}},"2":{"start":{"line":14,"column":4},"end":{"line":14,"column":null}},"3":{"start":{"line":18,"column":4},"end":{"line":18,"column":null}},"4":{"start":{"line":22,"column":4},"end":{"line":22,"column":null}},"5":{"start":{"line":25,"column":2},"end":{"line":25,"column":null}}},"fnMap":{"0":{"name":"useFormState","decl":{"start":{"line":6,"column":16},"end":{"line":6,"column":31}},"loc":{"start":{"line":6,"column":31},"end":{"line":25,"column":null}},"line":6},"1":{"name":"initFromSchema","decl":{"start":{"line":9,"column":11},"end":{"line":9,"column":26}},"loc":{"start":{"line":9,"column":52},"end":{"line":10,"column":null}},"line":9},"2":{"name":"setValue","decl":{"start":{"line":13,"column":11},"end":{"line":13,"column":20}},"loc":{"start":{"line":13,"column":56},"end":{"line":14,"column":null}},"line":13},"3":{"name":"getValue","decl":{"start":{"line":17,"column":11},"end":{"line":17,"column":20}},"loc":{"start":{"line":17,"column":43},"end":{"line":18,"column":null}},"line":17},"4":{"name":"reset","decl":{"start":{"line":21,"column":11},"end":{"line":21,"column":17}},"loc":{"start":{"line":21,"column":43},"end":{"line":22,"column":null}},"line":21}},"branchMap":{},"s":{"0":18,"1":18,"2":5,"3":1,"4":2,"5":18},"f":{"0":18,"1":18,"2":5,"3":1,"4":2},"b":{},"meta":{"lastBranch":0,"lastFunction":5,"lastStatement":6,"seen":{"f:6:16:6:31":0,"s:7:8:7:49":0,"f:9:11:9:26":1,"s:10:4:10:Infinity":1,"f:13:11:13:20":2,"s:14:4:14:Infinity":2,"f:17:11:17:20":3,"s:18:4:18:Infinity":3,"f:21:11:21:17":4,"s:22:4:22:Infinity":4,"s:25:2:25:Infinity":5}}}
,"/Users/liyixin/repos/web/auto_config/src/composables/useValidation.ts": {"path":"/Users/liyixin/repos/web/auto_config/src/composables/useValidation.ts","statementMap":{"0":{"start":{"line":7,"column":12},"end":{"line":7,"column":55}},"1":{"start":{"line":8,"column":0},"end":{"line":8,"column":null}},"2":{"start":{"line":12,"column":2},"end":{"line":12,"column":null}},"3":{"start":{"line":16,"column":8},"end":{"line":16,"column":67}},"4":{"start":{"line":19,"column":21},"end":{"line":19,"column":40}},"5":{"start":{"line":20,"column":18},"end":{"line":20,"column":32}},"6":{"start":{"line":22,"column":4},"end":{"line":24,"column":null}},"7":{"start":{"line":23,"column":6},"end":{"line":23,"column":null}},"8":{"start":{"line":24,"column":6},"end":{"line":24,"column":null}},"9":{"start":{"line":27,"column":10},"end":{"line":34,"column":null}},"10":{"start":{"line":30,"column":8},"end":{"line":32,"column":48}},"11":{"start":{"line":33,"column":6},"end":{"line":33,"column":null}},"12":{"start":{"line":36,"column":4},"end":{"line":36,"column":null}},"13":{"start":{"line":37,"column":4},"end":{"line":37,"column":null}},"14":{"start":{"line":41,"column":4},"end":{"line":41,"column":null}},"15":{"start":{"line":41,"column":45},"end":{"line":41,"column":61}},"16":{"start":{"line":45,"column":4},"end":{"line":45,"column":null}},"17":{"start":{"line":45,"column":43},"end":{"line":45,"column":59}},"18":{"start":{"line":49,"column":4},"end":{"line":49,"column":null}},"19":{"start":{"line":52,"column":2},"end":{"line":52,"column":null}}},"fnMap":{"0":{"name":"normalizeErrorPath","decl":{"start":{"line":10,"column":9},"end":{"line":10,"column":28}},"loc":{"start":{"line":10,"column":58},"end":{"line":12,"column":null}},"line":10},"1":{"name":"useValidation","decl":{"start":{"line":15,"column":16},"end":{"line":15,"column":32}},"loc":{"start":{"line":15,"column":32},"end":{"line":52,"column":null}},"line":15},"2":{"name":"validate","decl":{"start":{"line":18,"column":11},"end":{"line":18,"column":20}},"loc":{"start":{"line":18,"column":89},"end":{"line":37,"column":null}},"line":18},"3":{"name":"(anonymous_3)","decl":{"start":{"line":27,"column":62},"end":{"line":27,"column":67}},"loc":{"start":{"line":27,"column":75},"end":{"line":34,"column":null}},"line":27},"4":{"name":"getFieldErrors","decl":{"start":{"line":40,"column":11},"end":{"line":40,"column":26}},"loc":{"start":{"line":40,"column":59},"end":{"line":41,"column":null}},"line":40},"5":{"name":"(anonymous_5)","decl":{"start":{"line":41,"column":31},"end":{"line":41,"column":39}},"loc":{"start":{"line":41,"column":45},"end":{"line":41,"column":61}},"line":41},"6":{"name":"hasFieldError","decl":{"start":{"line":44,"column":11},"end":{"line":44,"column":25}},"loc":{"start":{"line":44,"column":48},"end":{"line":45,"column":null}},"line":44},"7":{"name":"(anonymous_7)","decl":{"start":{"line":45,"column":31},"end":{"line":45,"column":37}},"loc":{"start":{"line":45,"column":43},"end":{"line":45,"column":59}},"line":45},"8":{"name":"clearErrors","decl":{"start":{"line":48,"column":11},"end":{"line":48,"column":31}},"loc":{"start":{"line":48,"column":31},"end":{"line":49,"column":null}},"line":48}},"branchMap":{"0":{"loc":{"start":{"line":22,"column":4},"end":{"line":24,"column":null}},"type":"if","locations":[{"start":{"line":22,"column":4},"end":{"line":24,"column":null}},{"start":{},"end":{}}],"line":22},"1":{"loc":{"start":{"line":27,"column":39},"end":{"line":27,"column":60}},"type":"binary-expr","locations":[{"start":{"line":27,"column":39},"end":{"line":27,"column":58}},{"start":{"line":27,"column":58},"end":{"line":27,"column":60}}],"line":27},"2":{"loc":{"start":{"line":30,"column":8},"end":{"line":32,"column":48}},"type":"cond-expr","locations":[{"start":{"line":31,"column":12},"end":{"line":31,"column":null}},{"start":{"line":32,"column":12},"end":{"line":32,"column":48}}],"line":30},"3":{"loc":{"start":{"line":30,"column":8},"end":{"line":30,"column":null}},"type":"binary-expr","locations":[{"start":{"line":30,"column":8},"end":{"line":30,"column":38}},{"start":{"line":30,"column":38},"end":{"line":30,"column":null}}],"line":30},"4":{"loc":{"start":{"line":33,"column":30},"end":{"line":33,"column":62}},"type":"binary-expr","locations":[{"start":{"line":33,"column":30},"end":{"line":33,"column":45}},{"start":{"line":33,"column":45},"end":{"line":33,"column":62}}],"line":33}},"s":{"0":2,"1":2,"2":2,"3":19,"4":7,"5":7,"6":7,"7":2,"8":2,"9":5,"10":7,"11":7,"12":7,"13":7,"14":1,"15":1,"16":2,"17":2,"18":15,"19":19},"f":{"0":2,"1":19,"2":7,"3":7,"4":1,"5":1,"6":2,"7":2,"8":15},"b":{"0":[2,5],"1":[5,0],"2":[5,2],"3":[7,5],"4":[7,0]},"meta":{"lastBranch":5,"lastFunction":9,"lastStatement":20,"seen":{"s:7:12:7:55":0,"s:8:0:8:Infinity":1,"f:10:9:10:28":0,"s:12:2:12:Infinity":2,"f:15:16:15:32":1,"s:16:8:16:67":3,"f:18:11:18:20":2,"s:19:21:19:40":4,"s:20:18:20:32":5,"b:22:4:24:Infinity:undefined:undefined:undefined:undefined":0,"s:22:4:24:Infinity":6,"s:23:6:23:Infinity":7,"s:24:6:24:Infinity":8,"s:27:10:34:Infinity":9,"b:27:39:27:58:27:58:27:60":1,"f:27:62:27:67":3,"s:30:8:32:48":10,"b:31:12:31:Infinity:32:12:32:48":2,"b:30:8:30:38:30:38:30:Infinity":3,"s:33:6:33:Infinity":11,"b:33:30:33:45:33:45:33:62":4,"s:36:4:36:Infinity":12,"s:37:4:37:Infinity":13,"f:40:11:40:26":4,"s:41:4:41:Infinity":14,"f:41:31:41:39":5,"s:41:45:41:61":15,"f:44:11:44:25":6,"s:45:4:45:Infinity":16,"f:45:31:45:37":7,"s:45:43:45:59":17,"f:48:11:48:31":8,"s:49:4:49:Infinity":18,"s:52:2:52:Infinity":19}}}
,"/Users/liyixin/repos/web/auto_config/src/utils/deep-clone.ts": {"path":"/Users/liyixin/repos/web/auto_config/src/utils/deep-clone.ts","statementMap":{"0":{"start":{"line":2,"column":2},"end":{"line":2,"column":null}},"1":{"start":{"line":2,"column":51},"end":{"line":2,"column":null}},"2":{"start":{"line":3,"column":2},"end":{"line":3,"column":null}},"3":{"start":{"line":3,"column":28},"end":{"line":3,"column":null}},"4":{"start":{"line":4,"column":2},"end":{"line":6,"column":null}},"5":{"start":{"line":5,"column":69},"end":{"line":5,"column":86}},"6":{"start":{"line":18,"column":16},"end":{"line":18,"column":31}},"7":{"start":{"line":19,"column":2},"end":{"line":19,"column":null}},"8":{"start":{"line":27,"column":2},"end":{"line":27,"column":null}},"9":{"start":{"line":27,"column":26},"end":{"line":27,"column":null}},"10":{"start":{"line":29,"column":26},"end":{"line":29,"column":null}},"11":{"start":{"line":30,"column":19},"end":{"line":30,"column":63}},"12":{"start":{"line":31,"column":17},"end":{"line":31,"column":83}},"13":{"start":{"line":33,"column":2},"end":{"line":33,"column":null}},"14":{"start":{"line":40,"column":2},"end":{"line":40,"column":null}},"15":{"start":{"line":40,"column":13},"end":{"line":40,"column":null}},"16":{"start":{"line":41,"column":2},"end":{"line":44,"column":null}},"17":{"start":{"line":42,"column":4},"end":{"line":42,"column":null}},"18":{"start":{"line":42,"column":45},"end":{"line":42,"column":null}},"19":{"start":{"line":43,"column":4},"end":{"line":43,"column":null}},"20":{"start":{"line":56,"column":2},"end":{"line":56,"column":null}},"21":{"start":{"line":56,"column":15},"end":{"line":56,"column":null}},"22":{"start":{"line":57,"column":17},"end":{"line":57,"column":34}},"23":{"start":{"line":58,"column":2},"end":{"line":74,"column":null}},"24":{"start":{"line":59,"column":15},"end":{"line":59,"column":null}},"25":{"start":{"line":60,"column":15},"end":{"line":60,"column":null}},"26":{"start":{"line":61,"column":4},"end":{"line":74,"column":null}},"27":{"start":{"line":69,"column":6},"end":{"line":72,"column":null}},"28":{"start":{"line":74,"column":6},"end":{"line":74,"column":null}},"29":{"start":{"line":77,"column":2},"end":{"line":77,"column":null}}},"fnMap":{"0":{"name":"deepClone","decl":{"start":{"line":1,"column":16},"end":{"line":1,"column":29}},"loc":{"start":{"line":1,"column":42},"end":{"line":6,"column":null}},"line":1},"1":{"name":"(anonymous_1)","decl":{"start":{"line":5,"column":53},"end":{"line":5,"column":58}},"loc":{"start":{"line":5,"column":69},"end":{"line":5,"column":86}},"line":5},"2":{"name":"setNestedValue","decl":{"start":{"line":13,"column":16},"end":{"line":13,"column":null}},"loc":{"start":{"line":17,"column":27},"end":{"line":19,"column":null}},"line":17},"3":{"name":"setAtPath","decl":{"start":{"line":22,"column":9},"end":{"line":22,"column":null}},"loc":{"start":{"line":26,"column":11},"end":{"line":33,"column":null}},"line":26},"4":{"name":"getNestedValue","decl":{"start":{"line":39,"column":16},"end":{"line":39,"column":31}},"loc":{"start":{"line":39,"column":84},"end":{"line":44,"column":null}},"line":39},"5":{"name":"(anonymous_5)","decl":{"start":{"line":41,"column":25},"end":{"line":41,"column":42}},"loc":{"start":{"line":41,"column":56},"end":{"line":44,"column":9}},"line":41},"6":{"name":"deepMerge","decl":{"start":{"line":52,"column":16},"end":{"line":52,"column":null}},"loc":{"start":{"line":55,"column":27},"end":{"line":77,"column":null}},"line":55}},"branchMap":{"0":{"loc":{"start":{"line":2,"column":2},"end":{"line":2,"column":null}},"type":"if","locations":[{"start":{"line":2,"column":2},"end":{"line":2,"column":null}},{"start":{},"end":{}}],"line":2},"1":{"loc":{"start":{"line":2,"column":6},"end":{"line":2,"column":51}},"type":"binary-expr","locations":[{"start":{"line":2,"column":6},"end":{"line":2,"column":24}},{"start":{"line":2,"column":24},"end":{"line":2,"column":51}}],"line":2},"2":{"loc":{"start":{"line":3,"column":2},"end":{"line":3,"column":null}},"type":"if","locations":[{"start":{"line":3,"column":2},"end":{"line":3,"column":null}},{"start":{},"end":{}}],"line":3},"3":{"loc":{"start":{"line":27,"column":2},"end":{"line":27,"column":null}},"type":"if","locations":[{"start":{"line":27,"column":2},"end":{"line":27,"column":null}},{"start":{},"end":{}}],"line":27},"4":{"loc":{"start":{"line":30,"column":19},"end":{"line":30,"column":63}},"type":"binary-expr","locations":[{"start":{"line":30,"column":19},"end":{"line":30,"column":61}},{"start":{"line":30,"column":61},"end":{"line":30,"column":63}}],"line":30},"5":{"loc":{"start":{"line":40,"column":2},"end":{"line":40,"column":null}},"type":"if","locations":[{"start":{"line":40,"column":2},"end":{"line":40,"column":null}},{"start":{},"end":{}}],"line":40},"6":{"loc":{"start":{"line":42,"column":4},"end":{"line":42,"column":null}},"type":"if","locations":[{"start":{"line":42,"column":4},"end":{"line":42,"column":null}},{"start":{},"end":{}}],"line":42},"7":{"loc":{"start":{"line":42,"column":8},"end":{"line":42,"column":45}},"type":"binary-expr","locations":[{"start":{"line":42,"column":8},"end":{"line":42,"column":25}},{"start":{"line":42,"column":25},"end":{"line":42,"column":45}}],"line":42},"8":{"loc":{"start":{"line":56,"column":2},"end":{"line":56,"column":null}},"type":"if","locations":[{"start":{"line":56,"column":2},"end":{"line":56,"column":null}},{"start":{},"end":{}}],"line":56},"9":{"loc":{"start":{"line":61,"column":4},"end":{"line":74,"column":null}},"type":"if","locations":[{"start":{"line":61,"column":4},"end":{"line":74,"column":null}},{"start":{"line":73,"column":11},"end":{"line":74,"column":null}}],"line":61},"10":{"loc":{"start":{"line":62,"column":6},"end":{"line":67,"column":24}},"type":"binary-expr","locations":[{"start":{"line":62,"column":6},"end":{"line":62,"column":null}},{"start":{"line":63,"column":6},"end":{"line":63,"column":null}},{"start":{"line":64,"column":6},"end":{"line":64,"column":24}},{"start":{"line":65,"column":6},"end":{"line":65,"column":null}},{"start":{"line":66,"column":6},"end":{"line":66,"column":null}},{"start":{"line":67,"column":6},"end":{"line":67,"column":24}}],"line":62}},"s":{"0":104,"1":73,"2":31,"3":4,"4":27,"5":61,"6":9,"7":9,"8":23,"9":9,"10":14,"11":14,"12":23,"13":23,"14":5,"15":1,"16":4,"17":8,"18":1,"19":7,"20":23,"21":17,"22":6,"23":6,"24":6,"25":6,"26":6,"27":1,"28":5,"29":6},"f":{"0":104,"1":61,"2":9,"3":23,"4":5,"5":8,"6":23},"b":{"0":[73,31],"1":[104,103],"2":[4,27],"3":[9,14],"4":[14,2],"5":[1,4],"6":[1,7],"7":[8,8],"8":[17,6],"9":[1,5],"10":[6,6,2,1,1,1]},"meta":{"lastBranch":11,"lastFunction":7,"lastStatement":30,"seen":{"f:1:16:1:29":0,"b:2:2:2:Infinity:undefined:undefined:undefined:undefined":0,"s:2:2:2:Infinity":0,"b:2:6:2:24:2:24:2:51":1,"s:2:51:2:Infinity":1,"b:3:2:3:Infinity:undefined:undefined:undefined:undefined":2,"s:3:2:3:Infinity":2,"s:3:28:3:Infinity":3,"s:4:2:6:Infinity":4,"f:5:53:5:58":1,"s:5:69:5:86":5,"f:13:16:13:Infinity":2,"s:18:16:18:31":6,"s:19:2:19:Infinity":7,"f:22:9:22:Infinity":3,"b:27:2:27:Infinity:undefined:undefined:undefined:undefined":3,"s:27:2:27:Infinity":8,"s:27:26:27:Infinity":9,"s:29:26:29:Infinity":10,"s:30:19:30:63":11,"b:30:19:30:61:30:61:30:63":4,"s:31:17:31:83":12,"s:33:2:33:Infinity":13,"f:39:16:39:31":4,"b:40:2:40:Infinity:undefined:undefined:undefined:undefined":5,"s:40:2:40:Infinity":14,"s:40:13:40:Infinity":15,"s:41:2:44:Infinity":16,"f:41:25:41:42":5,"b:42:4:42:Infinity:undefined:undefined:undefined:undefined":6,"s:42:4:42:Infinity":17,"b:42:8:42:25:42:25:42:45":7,"s:42:45:42:Infinity":18,"s:43:4:43:Infinity":19,"f:52:16:52:Infinity":6,"b:56:2:56:Infinity:undefined:undefined:undefined:undefined":8,"s:56:2:56:Infinity":20,"s:56:15:56:Infinity":21,"s:57:17:57:34":22,"s:58:2:74:Infinity":23,"s:59:15:59:Infinity":24,"s:60:15:60:Infinity":25,"b:61:4:74:Infinity:73:11:74:Infinity":9,"s:61:4:74:Infinity":26,"b:62:6:62:Infinity:63:6:63:Infinity:64:6:64:24:65:6:65:Infinity:66:6:66:Infinity:67:6:67:24":10,"s:69:6:72:Infinity":27,"s:74:6:74:Infinity":28,"s:77:2:77:Infinity":29}}}
[...]
,"/Users/liyixin/repos/web/auto_config/src/utils/file-io.ts": {"path":"/Users/liyixin/repos/web/auto_config/src/utils/file-io.ts","statementMap":{"0":{"start":{"line":4,"column":2},"end":{"line":26,"column":null}},"1":{"start":{"line":5,"column":4},"end":{"line":7,"column":null}},"2":{"start":{"line":6,"column":6},"end":{"line":6,"column":null}},"3":{"start":{"line":7,"column":6},"end":{"line":7,"column":null}},"4":{"start":{"line":10,"column":19},"end":{"line":10,"column":35}},"5":{"start":{"line":11,"column":4},"end":{"line":21,"column":null}},"6":{"start":{"line":12,"column":6},"end":{"line":21,"column":null}},"7":{"start":{"line":13,"column":21},"end":{"line":13,"column":null}},"8":{"start":{"line":14,"column":8},"end":{"line":16,"column":null}},"9":{"start":{"line":15,"column":10},"end":{"line":15,"column":null}},"10":{"start":{"line":16,"column":10},"end":{"line":16,"column":null}},"11":{"start":{"line":18,"column":23},"end":{"line":18,"column":39}},"12":{"start":{"line":19,"column":8},"end":{"line":19,"column":null}},"13":{"start":{"line":21,"column":8},"end":{"line":21,"column":null}},"14":{"start":{"line":24,"column":4},"end":{"line":24,"column":null}},"15":{"start":{"line":24,"column":27},"end":{"line":24,"column":67}},"16":{"start":{"line":25,"column":4},"end":{"line":25,"column":null}},"17":{"start":{"line":30,"column":15},"end":{"line":30,"column":44}},"18":{"start":{"line":31,"column":15},"end":{"line":31,"column":61}},"19":{"start":{"line":32,"column":14},"end":{"line":32,"column":39}},"20":{"start":{"line":33,"column":17},"end":{"line":33,"column":44}},"21":{"start":{"line":34,"column":2},"end":{"line":34,"column":null}},"22":{"start":{"line":35,"column":2},"end":{"line":35,"column":null}},"23":{"start":{"line":36,"column":2},"end":{"line":36,"column":null}},"24":{"start":{"line":37,"column":2},"end":{"line":37,"column":null}}},"fnMap":{"0":{"name":"readJsonFile","decl":{"start":{"line":3,"column":16},"end":{"line":3,"column":29}},"loc":{"start":{"line":3,"column":62},"end":{"line":26,"column":null}},"line":3},"1":{"name":"(anonymous_1)","decl":{"start":{"line":4,"column":13},"end":{"line":4,"column":22}},"loc":{"start":{"line":4,"column":42},"end":{"line":26,"column":null}},"line":4},"2":{"name":"(anonymous_2)","decl":{"start":{"line":11,"column":11},"end":{"line":11,"column":21}},"loc":{"start":{"line":11,"column":31},"end":{"line":21,"column":null}},"line":11},"3":{"name":"(anonymous_3)","decl":{"start":{"line":24,"column":11},"end":{"line":24,"column":27}},"loc":{"start":{"line":24,"column":27},"end":{"line":24,"column":67}},"line":24},"4":{"name":"downloadJson","decl":{"start":{"line":29,"column":16},"end":{"line":29,"column":29}},"loc":{"start":{"line":29,"column":68},"end":{"line":37,"column":null}},"line":29}},"branchMap":{"0":{"loc":{"start":{"line":5,"column":4},"end":{"line":7,"column":null}},"type":"if","locations":[{"start":{"line":5,"column":4},"end":{"line":7,"column":null}},{"start":{},"end":{}}],"line":5},"1":{"loc":{"start":{"line":14,"column":8},"end":{"line":16,"column":null}},"type":"if","locations":[{"start":{"line":14,"column":8},"end":{"line":16,"column":null}},{"start":{},"end":{}}],"line":14},"2":{"loc":{"start":{"line":35,"column":20},"end":{"line":35,"column":null}},"type":"cond-expr","locations":[{"start":{"line":35,"column":49},"end":{"line":35,"column":60}},{"start":{"line":35,"column":60},"end":{"line":35,"column":null}}],"line":35}},"s":{"0":4,"1":4,"2":1,"3":1,"4":3,"5":3,"6":2,"7":2,"8":2,"9":0,"10":0,"11":2,"12":2,"13":1,"14":3,"15":1,"16":3,"17":3,"18":3,"19":3,"20":3,"21":3,"22":3,"23":3,"24":3},"f":{"0":4,"1":4,"2":2,"3":1,"4":3},"b":{"0":[1,3],"1":[0,2],"2":[1,2]},"meta":{"lastBranch":3,"lastFunction":5,"lastStatement":25,"seen":{"f:3:16:3:29":0,"s:4:2:26:Infinity":0,"f:4:13:4:22":1,"b:5:4:7:Infinity:undefined:undefined:undefined:undefined":0,"s:5:4:7:Infinity":1,"s:6:6:6:Infinity":2,"s:7:6:7:Infinity":3,"s:10:19:10:35":4,"s:11:4:21:Infinity":5,"f:11:11:11:21":2,"s:12:6:21:Infinity":6,"s:13:21:13:Infinity":7,"b:14:8:16:Infinity:undefined:undefined:undefined:undefined":1,"s:14:8:16:Infinity":8,"s:15:10:15:Infinity":9,"s:16:10:16:Infinity":10,"s:18:23:18:39":11,"s:19:8:19:Infinity":12,"s:21:8:21:Infinity":13,"s:24:4:24:Infinity":14,"f:24:11:24:27":3,"s:24:27:24:67":15,"s:25:4:25:Infinity":16,"f:29:16:29:29":4,"s:30:15:30:44":17,"s:31:15:31:61":18,"s:32:14:32:39":19,"s:33:17:33:44":20,"s:34:2:34:Infinity":21,"s:35:2:35:Infinity":22,"b:35:49:35:60:35:60:35:Infinity":2,"s:36:2:36:Infinity":23,"s:37:2:37:Infinity":24}}}
,"/Users/liyixin/repos/web/auto_config/src/utils/schema-parser.ts": {"path":"/Users/liyixin/repos/web/auto_config/src/utils/schema-parser.ts","statementMap":{"0":{"start":{"line":5,"column":2},"end":{"line":5,"column":null}},"1":{"start":{"line":5,"column":33},"end":{"line":5,"column":null}},"2":{"start":{"line":6,"column":2},"end":{"line":6,"column":null}},"3":{"start":{"line":6,"column":61},"end":{"line":6,"column":null}},"4":{"start":{"line":7,"column":2},"end":{"line":7,"column":null}},"5":{"start":{"line":7,"column":32},"end":{"line":7,"column":null}},"6":{"start":{"line":8,"column":2},"end":{"line":10,"column":null}},"7":{"start":{"line":9,"column":4},"end":{"line":9,"column":null}},"8":{"start":{"line":9,"column":41},"end":{"line":9,"column":null}},"9":{"start":{"line":10,"column":4},"end":{"line":10,"column":null}},"10":{"start":{"line":12,"column":2},"end":{"line":15,"column":null}},"11":{"start":{"line":13,"column":4},"end":{"line":13,"column":null}},"12":{"start":{"line":13,"column":62},"end":{"line":13,"column":null}},"13":{"start":{"line":14,"column":4},"end":{"line":14,"column":null}},"14":{"start":{"line":14,"column":38},"end":{"line":14,"column":null}},"15":{"start":{"line":15,"column":4},"end":{"line":15,"column":null}},"16":{"start":{"line":17,"column":2},"end":{"line":17,"column":null}},"17":{"start":{"line":21,"column":2},"end":{"line":21,"column":null}},"18":{"start":{"line":21,"column":48},"end":{"line":21,"column":null}},"19":{"start":{"line":22,"column":20},"end":{"line":22,"column":null}},"20":{"start":{"line":23,"column":2},"end":{"line":23,"column":null}},"21":{"start":{"line":23,"column":30},"end":{"line":23,"column":null}},"22":{"start":{"line":24,"column":2},"end":{"line":24,"column":null}},"23":{"start":{"line":24,"column":57},"end":{"line":24,"column":null}},"24":{"start":{"line":25,"column":2},"end":{"line":25,"column":null}},"25":{"start":{"line":29,"column":2},"end":{"line":29,"column":null}},"26":{"start":{"line":29,"column":35},"end":{"line":29,"column":null}},"27":{"start":{"line":30,"column":2},"end":{"line":33,"column":null}},"28":{"start":{"line":30,"column":37},"end":{"line":33,"column":5}},"29":{"start":{"line":44,"column":15},"end":{"line":44,"column":null}},"30":{"start":{"line":45,"column":22},"end":{"line":45,"column":48}},"31":{"start":{"line":46,"column":21},"end":{"line":46,"column":null}},"32":{"start":{"line":48,"column":42},"end":{"line":65,"column":null}},"33":{"start":{"line":67,"column":2},"end":{"line":74,"column":null}},"34":{"start":{"line":68,"column":4},"end":{"line":74,"column":null}},"35":{"start":{"line":77,"column":2},"end":{"line":84,"column":null}},"36":{"start":{"line":78,"column":4},"end":{"line":84,"column":null}},"37":{"start":{"line":87,"column":2},"end":{"line":87,"column":null}},"38":{"start":{"line":97,"column":2},"end":{"line":99,"column":null}},"39":{"start":{"line":98,"column":4},"end":{"line":98,"column":94}},"40":{"start":{"line":103,"column":2},"end":{"line":104,"column":null}},"41":{"start":{"line":104,"column":4},"end":{"line":104,"column":null}},"42":{"start":{"line":106,"column":2},"end":{"line":106,"column":null}}},"fnMap":{"0":{"name":"resolveControlType","decl":{"start":{"line":4,"column":9},"end":{"line":4,"column":28}},"loc":{"start":{"line":4,"column":61},"end":{"line":17,"column":null}},"line":4},"1":{"name":"resolveItemType","decl":{"start":{"line":20,"column":9},"end":{"line":20,"column":25}},"loc":{"start":{"line":20,"column":72},"end":{"line":25,"column":null}},"line":20},"2":{"name":"resolveOptions","decl":{"start":{"line":28,"column":9},"end":{"line":28,"column":24}},"loc":{"start":{"line":28,"column":76},"end":{"line":33,"column":null}},"line":28},"3":{"name":"(anonymous_3)","decl":{"start":{"line":30,"column":21},"end":{"line":30,"column":26}},"loc":{"start":{"line":30,"column":37},"end":{"line":33,"column":5}},"line":30},"4":{"name":"parseField","decl":{"start":{"line":36,"column":9},"end":{"line":36,"column":null}},"loc":{"start":{"line":43,"column":23},"end":{"line":87,"column":null}},"line":43},"5":{"name":"parseProperties","decl":{"start":{"line":90,"column":9},"end":{"line":90,"column":null}},"loc":{"start":{"line":96,"column":25},"end":{"line":99,"column":null}},"line":96},"6":{"name":"(anonymous_6)","decl":{"start":{"line":97,"column":36},"end":{"line":97,"column":41}},"loc":{"start":{"line":98,"column":4},"end":{"line":98,"column":94}},"line":98},"7":{"name":"parseSchema","decl":{"start":{"line":102,"column":16},"end":{"line":102,"column":28}},"loc":{"start":{"line":102,"column":71},"end":{"line":106,"column":null}},"line":102}},"branchMap":{"0":{"loc":{"start":{"line":5,"column":2},"end":{"line":5,"column":null}},"type":"if","locations":[{"start":{"line":5,"column":2},"end":{"line":5,"column":null}},{"start":{},"end":{}}],"line":5},"1":{"loc":{"start":{"line":6,"column":2},"end":{"line":6,"column":null}},"type":"if","locations":[{"start":{"line":6,"column":2},"end":{"line":6,"column":null}},{"start":{},"end":{}}],"line":6},"2":{"loc":{"start":{"line":6,"column":6},"end":{"line":6,"column":61}},"type":"binary-expr","locations":[{"start":{"line":6,"column":6},"end":{"line":6,"column":34}},{"start":{"line":6,"column":34},"end":{"line":6,"column":61}}],"line":6},"3":{"loc":{"start":{"line":7,"column":2},"end":{"line":7,"column":null}},"type":"if","locations":[{"start":{"line":7,"column":2},"end":{"line":7,"column":null}},{"start":{},"end":{}}],"line":7},"4":{"loc":{"start":{"line":8,"column":2},"end":{"line":10,"column":null}},"type":"if","locations":[{"start":{"line":8,"column":2},"end":{"line":10,"column":null}},{"start":{},"end":{}}],"line":8},"5":{"loc":{"start":{"line":9,"column":4},"end":{"line":9,"column":null}},"type":"if","locations":[{"start":{"line":9,"column":4},"end":{"line":9,"column":null}},{"start":{},"end":{}}],"line":9},"6":{"loc":{"start":{"line":12,"column":2},"end":{"line":15,"column":null}},"type":"if","locations":[{"start":{"line":12,"column":2},"end":{"line":15,"column":null}},{"start":{},"end":{}}],"line":12},"7":{"loc":{"start":{"line":13,"column":4},"end":{"line":13,"column":null}},"type":"if","locations":[{"start":{"line":13,"column":4},"end":{"line":13,"column":null}},{"start":{},"end":{}}],"line":13},"8":{"loc":{"start":{"line":13,"column":8},"end":{"line":13,"column":62}},"type":"binary-expr","locations":[{"start":{"line":13,"column":8},"end":{"line":13,"column":34}},{"start":{"line":13,"column":38},"end":{"line":13,"column":62}}],"line":13},"9":{"loc":{"start":{"line":14,"column":4},"end":{"line":14,"column":null}},"type":"if","locations":[{"start":{"line":14,"column":4},"end":{"line":14,"column":null}},{"start":{},"end":{}}],"line":14},"10":{"loc":{"start":{"line":21,"column":2},"end":{"line":21,"column":null}},"type":"if","locations":[{"start":{"line":21,"column":2},"end":{"line":21,"column":null}},{"start":{},"end":{}}],"line":21},"11":{"loc":{"start":{"line":21,"column":6},"end":{"line":21,"column":48}},"type":"binary-expr","locations":[{"start":{"line":21,"column":6},"end":{"line":21,"column":33}},{"start":{"line":21,"column":33},"end":{"line":21,"column":48}}],"line":21},"12":{"loc":{"start":{"line":23,"column":2},"end":{"line":23,"column":null}},"type":"if","locations":[{"start":{"line":23,"column":2},"end":{"line":23,"column":null}},{"start":{},"end":{}}],"line":23},"13":{"loc":{"start":{"line":24,"column":2},"end":{"line":24,"column":null}},"type":"if","locations":[{"start":{"line":24,"column":2},"end":{"line":24,"column":null}},{"start":{},"end":{}}],"line":24},"14":{"loc":{"start":{"line":24,"column":6},"end":{"line":24,"column":57}},"type":"binary-expr","locations":[{"start":{"line":24,"column":6},"end":{"line":24,"column":32}},{"start":{"line":24,"column":32},"end":{"line":24,"column":57}}],"line":24},"15":{"loc":{"start":{"line":29,"column":2},"end":{"line":29,"column":null}},"type":"if","locations":[{"start":{"line":29,"column":2},"end":{"line":29,"column":null}},{"start":{},"end":{}}],"line":29},"16":{"loc":{"start":{"line":42,"column":2},"end":{"line":42,"column":null}},"type":"default-arg","locations":[{"start":{"line":42,"column":22},"end":{"line":42,"column":null}}],"line":42},"17":{"loc":{"start":{"line":44,"column":15},"end":{"line":44,"column":null}},"type":"cond-expr","locations":[{"start":{"line":44,"column":28},"end":{"line":44,"column":53}},{"start":{"line":44,"column":53},"end":{"line":44,"column":null}}],"line":44},"18":{"loc":{"start":{"line":46,"column":21},"end":{"line":46,"column":null}},"type":"binary-expr","locations":[{"start":{"line":46,"column":21},"end":{"line":46,"column":42}},{"start":{"line":46,"column":42},"end":{"line":46,"column":null}}],"line":46},"19":{"loc":{"start":{"line":51,"column":11},"end":{"line":51,"column":null}},"type":"binary-expr","locations":[{"start":{"line":51,"column":11},"end":{"line":51,"column":27}},{"start":{"line":51,"column":27},"end":{"line":51,"column":null}}],"line":51},"20":{"loc":{"start":{"line":63,"column":14},"end":{"line":63,"column":null}},"type":"binary-expr","locations":[{"start":{"line":63,"column":14},"end":{"line":63,"column":28}},{"start":{"line":63,"column":28},"end":{"line":63,"column":null}}],"line":63},"21":{"loc":{"start":{"line":67,"column":2},"end":{"line":74,"column":null}},"type":"if","locations":[{"start":{"line":67,"column":2},"end":{"line":74,"column":null}},{"start":{},"end":{}}],"line":67},"22":{"loc":{"start":{"line":67,"column":6},"end":{"line":67,"column":52}},"type":"binary-expr","locations":[{"start":{"line":67,"column":6},"end":{"line":67,"column":33}},{"start":{"line":67,"column":33},"end":{"line":67,"column":52}}],"line":67},"23":{"loc":{"start":{"line":70,"column":6},"end":{"line":70,"column":27}},"type":"binary-expr","locations":[{"start":{"line":70,"column":6},"end":{"line":70,"column":25}},{"start":{"line":70,"column":25},"end":{"line":70,"column":27}}],"line":70},"24":{"loc":{"start":{"line":77,"column":2},"end":{"line":84,"column":null}},"type":"if","locations":[{"start":{"line":77,"column":2},"end":{"line":84,"column":null}},{"start":{},"end":{}}],"line":77},"25":{"loc":{"start":{"line":77,"column":6},"end":{"line":77,"column":66}},"type":"binary-expr","locations":[{"start":{"line":77,"column":6},"end":{"line":77,"column":40}},{"start":{"line":77,"column":40},"end":{"line":77,"column":66}}],"line":77},"26":{"loc":{"start":{"line":80,"column":6},"end":{"line":80,"column":33}},"type":"binary-expr","locations":[{"start":{"line":80,"column":6},"end":{"line":80,"column":31}},{"start":{"line":80,"column":31},"end":{"line":80,"column":33}}],"line":80},"27":{"loc":{"start":{"line":95,"column":2},"end":{"line":95,"column":null}},"type":"default-arg","locations":[{"start":{"line":95,"column":22},"end":{"line":95,"column":null}}],"line":95},"28":{"loc":{"start":{"line":103,"column":2},"end":{"line":104,"column":null}},"type":"if","locations":[{"start":{"line":103,"column":2},"end":{"line":104,"column":null}},{"start":{},"end":{}}],"line":103},"29":{"loc":{"start":{"line":103,"column":6},"end":{"line":103,"column":54}},"type":"binary-expr","locations":[{"start":{"line":103,"column":6},"end":{"line":103,"column":34}},{"start":{"line":103,"column":34},"end":{"line":103,"column":54}}],"line":103},"30":{"loc":{"start":{"line":106,"column":44},"end":{"line":106,"column":65}},"type":"binary-expr","locations":[{"start":{"line":106,"column":44},"end":{"line":106,"column":63}},{"start":{"line":106,"column":63},"end":{"line":106,"column":65}}],"line":106}},"s":{"0":71,"1":13,"2":58,"3":20,"4":38,"5":7,"6":31,"7":6,"8":2,"9":4,"10":25,"11":25,"12":1,"13":24,"14":1,"15":23,"16":0,"17":71,"18":66,"19":5,"20":5,"21":2,"22":3,"23":1,"24":2,"25":71,"26":70,"27":1,"28":2,"29":71,"30":71,"31":71,"32":71,"33":71,"34":7,"35":71,"36":2,"37":71,"38":43,"39":71,"40":37,"41":3,"42":34},"f":{"0":71,"1":71,"2":71,"3":2,"4":71,"5":43,"6":71,"7":37},"b":{"0":[13,58],"1":[20,38],"2":[58,55],"3":[7,31],"4":[6,25],"5":[2,4],"6":[25,0],"7":[1,24],"8":[25,1],"9":[1,23],"10":[66,5],"11":[71,6],"12":[2,3],"13":[1,2],"14":[3,3],"15":[70,1],"16":[71],"17":[8,63],"18":[71,67],"19":[71,33],"20":[71,65],"21":[7,64],"22":[71,7],"23":[7,7],"24":[2,69],"25":[71,2],"26":[2,2],"27":[43],"28":[3,34],"29":[37,35],"30":[34,21]},"meta":{"lastBranch":31,"lastFunction":8,"lastStatement":43,"seen":{"f:4:9:4:28":0,"b:5:2:5:Infinity:undefined:undefined:undefined:undefined":0,"s:5:2:5:Infinity":0,"s:5:33:5:Infinity":1,"b:6:2:6:Infinity:undefined:undefined:undefined:undefined":1,"s:6:2:6:Infinity":2,"b:6:6:6:34:6:34:6:61":2,"s:6:61:6:Infinity":3,"b:7:2:7:Infinity:undefined:undefined:undefined:undefined":3,"s:7:2:7:Infinity":4,"s:7:32:7:Infinity":5,"b:8:2:10:Infinity:undefined:undefined:undefined:undefined":4,"s:8:2:10:Infinity":6,"b:9:4:9:Infinity:undefined:undefined:undefined:undefined":5,"s:9:4:9:Infinity":7,"s:9:41:9:Infinity":8,"s:10:4:10:Infinity":9,"b:12:2:15:Infinity:undefined:undefined:undefined:undefined":6,"s:12:2:15:Infinity":10,"b:13:4:13:Infinity:undefined:undefined:undefined:undefined":7,"s:13:4:13:Infinity":11,"b:13:8:13:34:13:38:13:62":8,"s:13:62:13:Infinity":12,"b:14:4:14:Infinity:undefined:undefined:undefined:undefined":9,"s:14:4:14:Infinity":13,"s:14:38:14:Infinity":14,"s:15:4:15:Infinity":15,"s:17:2:17:Infinity":16,"f:20:9:20:25":1,"b:21:2:21:Infinity:undefined:undefined:undefined:undefined":10,"s:21:2:21:Infinity":17,"b:21:6:21:33:21:33:21:48":11,"s:21:48:21:Infinity":18,"s:22:20:22:Infinity":19,"b:23:2:23:Infinity:undefined:undefined:undefined:undefined":12,"s:23:2:23:Infinity":20,"s:23:30:23:Infinity":21,"b:24:2:24:Infinity:undefined:undefined:undefined:undefined":13,"s:24:2:24:Infinity":22,"b:24:6:24:32:24:32:24:57":14,"s:24:57:24:Infinity":23,"s:25:2:25:Infinity":24,"f:28:9:28:24":2,"b:29:2:29:Infinity:undefined:undefined:undefined:undefined":15,"s:29:2:29:Infinity":25,"s:29:35:29:Infinity":26,"s:30:2:33:Infinity":27,"f:30:21:30:26":3,"s:30:37:33:5":28,"f:36:9:36:Infinity":4,"b:42:22:42:Infinity":16,"s:44:15:44:Infinity":29,"b:44:28:44:53:44:53:44:Infinity":17,"s:45:22:45:48":30,"s:46:21:46:Infinity":31,"b:46:21:46:42:46:42:46:Infinity":18,"s:48:42:65:Infinity":32,"b:51:11:51:27:51:27:51:Infinity":19,"b:63:14:63:28:63:28:63:Infinity":20,"b:67:2:74:Infinity:undefined:undefined:undefined:undefined":21,"s:67:2:74:Infinity":33,"b:67:6:67:33:67:33:67:52":22,"s:68:4:74:Infinity":34,"b:70:6:70:25:70:25:70:27":23,"b:77:2:84:Infinity:undefined:undefined:undefined:undefined":24,"s:77:2:84:Infinity":35,"b:77:6:77:40:77:40:77:66":25,"s:78:4:84:Infinity":36,"b:80:6:80:31:80:31:80:33":26,"s:87:2:87:Infinity":37,"f:90:9:90:Infinity":5,"b:95:22:95:Infinity":27,"s:97:2:99:Infinity":38,"f:97:36:97:41":6,"s:98:4:98:94":39,"f:102:16:102:28":7,"b:103:2:104:Infinity:undefined:undefined:undefined:undefined":28,"s:103:2:104:Infinity":40,"b:103:6:103:34:103:34:103:54":29,"s:104:4:104:Infinity":41,"s:106:2:106:Infinity":42,"b:106:44:106:63:106:63:106:65":30}}}
}
