{"/Users/liyixin/repos/web/auto_config/src/components/AlgorithmLayout.vue": {"path":"/Users/liyixin/repos/web/auto_config/src/components/AlgorithmLayout.vue","statementMap":{"0":{"start":{"line":54,"column":14},"end":{"line":54,"column":null}},"1":{"start":{"line":69,"column":6},"end":{"line":70,"column":null}},"2":{"start":{"line":70,"column":2},"end":{"line":70,"column":69}},"3":{"start":{"line":70,"column":29},"end":{"line":70,"column":69}},"4":{"start":{"line":74,"column":6},"end":{"line":75,"column":null}},"5":{"start":{"line":75,"column":2},"end":{"line":75,"column":55}},"6":{"start":{"line":75,"column":29},"end":{"line":75,"column":55}},"7":{"start":{"line":78,"column":6},"end":{"line":78,"column":59}},"8":{"start":{"line":81,"column":6},"end":{"line":84,"column":null}},"9":{"start":{"line":82,"column":2},"end":{"line":82,"column":null}},"10":{"start":{"line":82,"column":24},"end":{"line":82,"column":null}},"11":{"start":{"line":83,"column":2},"end":{"line":83,"column":null}},"12":{"start":{"line":83,"column":37},"end":{"line":83,"column":63}},"13":{"start":{"line":2,"column":7},"end":{"line":2,"column":26}},"14":{"start":{"line":4,"column":9},"end":{"line":4,"column":26}},"15":{"start":{"line":18,"column":9},"end":{"line":18,"column":29}},"16":{"start":{"line":2,"column":2},"end":{"line":42,"column":12}},"17":{"start":{"line":5,"column":6},"end":{"line":13,"column":null}},"18":{"start":{"line":11,"column":16},"end":{"line":11,"column":null}},"19":{"start":{"line":27,"column":17},"end":{"line":27,"column":39}},"20":{"start":{"line":37,"column":17},"end":{"line":37,"column":39}}},"fnMap":{"0":{"name":"(anonymous_0)","decl":{"start":{"line":69,"column":18},"end":{"line":69,"column":null}},"loc":{"start":{"line":70,"column":2},"end":{"line":70,"column":69}},"line":70},"1":{"name":"(anonymous_1)","decl":{"start":{"line":70,"column":15},"end":{"line":70,"column":23}},"loc":{"start":{"line":70,"column":29},"end":{"line":70,"column":69}},"line":70},"2":{"name":"(anonymous_2)","decl":{"start":{"line":74,"column":23},"end":{"line":74,"column":null}},"loc":{"start":{"line":75,"column":2},"end":{"line":75,"column":55}},"line":75},"3":{"name":"(anonymous_3)","decl":{"start":{"line":75,"column":15},"end":{"line":75,"column":23}},"loc":{"start":{"line":75,"column":29},"end":{"line":75,"column":55}},"line":75},"4":{"name":"(anonymous_4)","decl":{"start":{"line":81,"column":20},"end":{"line":81,"column":68}},"loc":{"start":{"line":81,"column":68},"end":{"line":84,"column":null}},"line":81},"5":{"name":"(anonymous_5)","decl":{"start":{"line":83,"column":25},"end":{"line":83,"column":31}},"loc":{"start":{"line":83,"column":37},"end":{"line":83,"column":63}},"line":83},"6":{"name":"(anonymous_6)","decl":{"start":{"line":6,"column":22},"end":{"line":6,"column":null}},"loc":{"start":{"line":6,"column":18},"end":{"line":13,"column":null}},"line":6},"7":{"name":"(anonymous_7)","decl":{"start":{"line":11,"column":9},"end":{"line":11,"column":14}},"loc":{"start":{"line":11,"column":16},"end":{"line":11,"column":null}},"line":11},"8":{"name":"(anonymous_8)","decl":{"start":{"line":27,"column":15},"end":{"line":27,"column":17}},"loc":{"start":{"line":27,"column":17},"end":{"line":27,"column":39}},"line":27},"9":{"name":"(anonymous_9)","decl":{"start":{"line":37,"column":15},"end":{"line":37,"column":17}},"loc":{"start":{"line":37,"column":17},"end":{"line":37,"column":39}},"line":37}},"branchMap":{"0":{"loc":{"start":{"line":70,"column":29},"end":{"line":70,"column":69}},"type":"binary-expr","locations":[{"start":{"line":70,"column":29},"end":{"line":70,"column":58}},{"start":{"line":70,"column":58},"end":{"line":70,"column":69}}],"line":70},"1":{"loc":{"start":{"line":78,"column":30},"end":{"line":78,"column":59}},"type":"binary-expr","locations":[{"start":{"line":78,"column":30},"end":{"line":78,"column":57}},{"start":{"line":78,"column":57},"end":{"line":78,"column":59}}],"line":78},"2":{"loc":{"start":{"line":82,"column":2},"end":{"line":82,"column":null}},"type":"if","locations":[{"start":{"line":82,"column":2},"end":{"line":82,"column":null}},{"start":{},"end":{}}],"line":82},"3":{"loc":{"start":{"line":83,"column":9},"end":{"line":83,"column":null}},"type":"binary-expr","locations":[{"start":{"line":83,"column":9},"end":{"line":83,"column":63}},{"start":{"line":83,"column":67},"end":{"line":83,"column":null}}],"line":83},"4":{"loc":{"start":{"line":21,"column":14},"end":{"line":27,"column":null}},"type":"cond-expr","locations":[{"start":{"line":21,"column":35},"end":{"line":27,"column":null}}],"line":21},"5":{"loc":{"start":{"line":27,"column":15},"end":{"line":27,"column":null}},"type":"binary-expr","locations":[{"start":{"line":27,"column":15},"end":{"line":27,"column":17}},{"start":{"line":27,"column":15},"end":{"line":27,"column":39}}],"line":27},"6":{"loc":{"start":{"line":32,"column":14},"end":{"line":42,"column":12}},"type":"cond-expr","locations":[{"start":{"line":32,"column":14},"end":{"line":40,"column":32}},{"start":{"line":40,"column":22},"end":{"line":42,"column":12}}],"line":32},"7":{"loc":{"start":{"line":37,"column":15},"end":{"line":37,"column":null}},"type":"binary-expr","locations":[{"start":{"line":37,"column":15},"end":{"line":37,"column":17}},{"start":{"line":37,"column":15},"end":{"line":37,"column":39}}],"line":37},"8":{"loc":{"start":{"line":40,"column":22},"end":{"line":42,"column":12}},"type":"cond-expr","locations":[{"start":{"line":40,"column":38},"end":{"line":40,"column":null}},{"start":{"line":42,"column":6},"end":{"line":42,"column":12}}],"line":40}},"s":{"0":4,"1":4,"2":4,"3":8,"4":4,"5":4,"6":8,"7":4,"8":4,"9":5,"10":0,"11":5,"12":6,"13":2,"14":2,"15":2,"16":5,"17":9,"18":1,"19":0,"20":0},"f":{"0":4,"1":8,"2":4,"3":8,"4":5,"5":6,"6":9,"7":1,"8":0,"9":0},"b":{"0":[8,7],"1":[4,0],"2":[0,5],"3":[5,0],"4":[1],"5":[1,1],"6":[5,0],"7":[5,4],"8":[0,0]},"meta":{"lastBranch":9,"lastFunction":10,"lastStatement":21,"seen":{"s:54:14:54:Infinity":0,"s:69:6:70:Infinity":1,"f:69:18:69:Infinity":0,"s:70:2:70:69":2,"f:70:15:70:23":1,"s:70:29:70:69":3,"b:70:29:70:58:70:58:70:69":0,"s:74:6:75:Infinity":4,"f:74:23:74:Infinity":2,"s:75:2:75:55":5,"f:75:15:75:23":3,"s:75:29:75:55":6,"s:78:6:78:59":7,"b:78:30:78:57:78:57:78:59":1,"s:81:6:84:Infinity":8,"f:81:20:81:68":4,"b:82:2:82:Infinity:undefined:undefined:undefined:undefined":2,"s:82:2:82:Infinity":9,"s:82:24:82:Infinity":10,"s:83:2:83:Infinity":11,"b:83:9:83:63:83:67:83:Infinity":3,"f:83:25:83:31":5,"s:83:37:83:63":12,"s:2:7:2:26":13,"s:4:9:4:26":14,"s:18:9:18:29":15,"s:2:2:42:12":16,"f:6:22:6:Infinity":6,"s:5:6:13:Infinity":17,"f:11:9:11:14":7,"s:11:16:11:Infinity":18,"b:21:35:27:Infinity":4,"b:27:15:27:17:27:15:27:39":5,"f:27:15:27:17":8,"s:27:17:27:39":19,"b:32:14:40:32:40:22:42:12":6,"b:37:15:37:17:37:15:37:39":7,"f:37:15:37:17":9,"s:37:17:37:39":20,"b:40:38:40:Infinity:42:6:42:12":8}}}
,"/Users/liyixin/repos/web/auto_config/src/components/AlgorithmTabContent.vue": {"path":"/Users/liyixin/repos/web/auto_config/src/components/AlgorithmTabContent.vue","statementMap":{"0":{"start":{"line":37,"column":14},"end":{"line":37,"column":null}},"1":{"start":{"line":47,"column":13},"end":{"line":47,"column":null}},"2":{"start":{"line":51,"column":6},"end":{"line":51,"column":48}},"3":{"start":{"line":51,"column":35},"end":{"line":51,"column":48}},"4":{"start":{"line":53,"column":6},"end":{"line":56,"column":null}},"5":{"start":{"line":54,"column":14},"end":{"line":54,"column":null}},"6":{"start":{"line":55,"column":2},"end":{"line":55,"column":null}},"7":{"start":{"line":58,"column":6},"end":{"line":61,"column":null}},"8":{"start":{"line":58,"column":22},"end":{"line":60,"column":null}},"9":{"start":{"line":60,"column":11},"end":{"line":60,"column":null}},"10":{"start":{"line":64,"column":6},"end":{"line":67,"column":null}},"11":{"start":{"line":64,"column":25},"end":{"line":66,"column":null}},"12":{"start":{"line":66,"column":11},"end":{"line":66,"column":null}},"13":{"start":{"line":71,"column":14},"end":{"line":71,"column":null}},"14":{"start":{"line":72,"column":2},"end":{"line":72,"column":null}},"15":{"start":{"line":76,"column":2},"end":{"line":76,"column":null}},"16":{"start":{"line":80,"column":2},"end":{"line":80,"column":null}},"17":{"start":{"line":2,"column":7},"end":{"line":2,"column":31}},"18":{"start":{"line":2,"column":2},"end":{"line":23,"column":null}},"19":{"start":{"line":15,"column":6},"end":{"line":23,"column":null}},"20":{"start":{"line":23,"column":19},"end":{"line":23,"column":null}}},"fnMap":{"0":{"name":"(anonymous_0)","decl":{"start":{"line":51,"column":20},"end":{"line":51,"column":35}},"loc":{"start":{"line":51,"column":35},"end":{"line":51,"column":48}},"line":51},"1":{"name":"(anonymous_1)","decl":{"start":{"line":53,"column":20},"end":{"line":53,"column":60}},"loc":{"start":{"line":53,"column":60},"end":{"line":56,"column":null}},"line":53},"2":{"name":"(anonymous_2)","decl":{"start":{"line":58,"column":22},"end":{"line":58,"column":null}},"loc":{"start":{"line":58,"column":22},"end":{"line":60,"column":null}},"line":58},"3":{"name":"(anonymous_3)","decl":{"start":{"line":59,"column":31},"end":{"line":59,"column":null}},"loc":{"start":{"line":60,"column":11},"end":{"line":60,"column":null}},"line":60},"4":{"name":"(anonymous_4)","decl":{"start":{"line":64,"column":25},"end":{"line":64,"column":null}},"loc":{"start":{"line":64,"column":25},"end":{"line":66,"column":null}},"line":64},"5":{"name":"(anonymous_5)","decl":{"start":{"line":65,"column":31},"end":{"line":65,"column":null}},"loc":{"start":{"line":66,"column":11},"end":{"line":66,"column":null}},"line":66},"6":{"name":"getChildConfig","decl":{"start":{"line":70,"column":9},"end":{"line":70,"column":24}},"loc":{"start":{"line":70,"column":62},"end":{"line":72,"column":null}},"line":70},"7":{"name":"onUpdate","decl":{"start":{"line":75,"column":9},"end":{"line":75,"column":18}},"loc":{"start":{"line":75,"column":65},"end":{"line":76,"column":null}},"line":75},"8":{"name":"onNestedUpdate","decl":{"start":{"line":79,"column":9},"end":{"line":79,"column":24}},"loc":{"start":{"line":79,"column":89},"end":{"line":80,"column":null}},"line":79},"9":{"name":"(anonymous_9)","decl":{"start":{"line":15,"column":27},"end":{"line":15,"column":43}},"loc":{"start":{"line":15,"column":23},"end":{"line":23,"column":null}},"line":15},"10":{"name":"(anonymous_10)","decl":{"start":{"line":23,"column":11},"end":{"line":23,"column":17}},"loc":{"start":{"line":23,"column":19},"end":{"line":23,"column":null}},"line":23}},"branchMap":{"0":{"loc":{"start":{"line":55,"column":10},"end":{"line":55,"column":46}},"type":"binary-expr","locations":[{"start":{"line":55,"column":10},"end":{"line":55,"column":45}},{"start":{"line":55,"column":45},"end":{"line":55,"column":46}}],"line":55},"1":{"loc":{"start":{"line":59,"column":3},"end":{"line":59,"column":29}},"type":"binary-expr","locations":[{"start":{"line":59,"column":3},"end":{"line":59,"column":27}},{"start":{"line":59,"column":27},"end":{"line":59,"column":29}}],"line":59},"2":{"loc":{"start":{"line":60,"column":11},"end":{"line":60,"column":null}},"type":"binary-expr","locations":[{"start":{"line":60,"column":11},"end":{"line":60,"column":40}},{"start":{"line":60,"column":40},"end":{"line":60,"column":null}}],"line":60},"3":{"loc":{"start":{"line":65,"column":3},"end":{"line":65,"column":29}},"type":"binary-expr","locations":[{"start":{"line":65,"column":3},"end":{"line":65,"column":27}},{"start":{"line":65,"column":27},"end":{"line":65,"column":29}}],"line":65},"4":{"loc":{"start":{"line":72,"column":10},"end":{"line":72,"column":46}},"type":"binary-expr","locations":[{"start":{"line":72,"column":10},"end":{"line":72,"column":45}},{"start":{"line":72,"column":45},"end":{"line":72,"column":46}}],"line":72},"5":{"loc":{"start":{"line":5,"column":12},"end":{"line":10,"column":null}},"type":"cond-expr","locations":[{"start":{"line":5,"column":35},"end":{"line":10,"column":null}}],"line":5},"6":{"loc":{"start":{"line":14,"column":15},"end":{"line":23,"column":null}},"type":"cond-expr","locations":[{"start":{"line":14,"column":35},"end":{"line":23,"column":null}}],"line":14},"7":{"loc":{"start":{"line":19,"column":21},"end":{"line":19,"column":null}},"type":"binary-expr","locations":[{"start":{"line":19,"column":21},"end":{"line":19,"column":35}},{"start":{"line":19,"column":35},"end":{"line":19,"column":null}}],"line":19}},"s":{"0":6,"1":6,"2":6,"3":2,"4":6,"5":7,"6":7,"7":6,"8":7,"9":7,"10":6,"11":7,"12":7,"13":2,"14":2,"15":0,"16":0,"17":2,"18":7,"19":2,"20":0},"f":{"0":2,"1":7,"2":7,"3":7,"4":7,"5":7,"6":2,"7":0,"8":0,"9":2,"10":0},"b":{"0":[7,0],"1":[7,0],"2":[7,2],"3":[7,0],"4":[2,0],"5":[5],"6":[2],"7":[2,0]},"meta":{"lastBranch":0,"lastFunction":0,"lastStatement":0,"seen":{}}}
,"/Users/liyixin/repos/web/auto_config/src/components/AutoConfigForm.vue": {"path":"/Users/liyixin/repos/web/auto_config/src/components/AutoConfigForm.vue","statementMap":{"0":{"start":{"line":63,"column":14},"end":{"line":63,"column":null}},"1":{"start":{"line":81,"column":13},"end":{"line":81,"column":null}},"2":{"start":{"line":86,"column":6},"end":{"line":86,"column":49}},"3":{"start":{"line":87,"column":6},"end":{"line":87,"column":41}},"4":{"start":{"line":88,"column":6},"end":{"line":88,"column":null}},"5":{"start":{"line":89,"column":6},"end":{"line":89,"column":41}},"6":{"start":{"line":91,"column":65},"end":{"line":91,"column":92}},"7":{"start":{"line":92,"column":44},"end":{"line":92,"column":74}},"8":{"start":{"line":95,"column":6},"end":{"line":96,"column":null}},"9":{"start":{"line":96,"column":2},"end":{"line":96,"column":null}},"10":{"start":{"line":102,"column":2},"end":{"line":102,"column":null}},"11":{"start":{"line":103,"column":2},"end":{"line":103,"column":null}},"12":{"start":{"line":105,"column":2},"end":{"line":106,"column":null}},"13":{"start":{"line":106,"column":4},"end":{"line":106,"column":null}},"14":{"start":{"line":108,"column":2},"end":{"line":108,"column":null}},"15":{"start":{"line":109,"column":2},"end":{"line":109,"column":null}},"16":{"start":{"line":113,"column":0},"end":{"line":117,"column":null}},"17":{"start":{"line":114,"column":8},"end":{"line":114,"column":null}},"18":{"start":{"line":115,"column":16},"end":{"line":115,"column":null}},"19":{"start":{"line":115,"column":28},"end":{"line":115,"column":null}},"20":{"start":{"line":120,"column":0},"end":{"line":135,"column":null}},"21":{"start":{"line":121,"column":8},"end":{"line":121,"column":null}},"22":{"start":{"line":123,"column":4},"end":{"line":123,"column":null}},"23":{"start":{"line":123,"column":30},"end":{"line":123,"column":null}},"24":{"start":{"line":124,"column":4},"end":{"line":124,"column":null}},"25":{"start":{"line":125,"column":4},"end":{"line":131,"column":null}},"26":{"start":{"line":126,"column":18},"end":{"line":126,"column":33}},"27":{"start":{"line":127,"column":6},"end":{"line":127,"column":null}},"28":{"start":{"line":127,"column":19},"end":{"line":127,"column":null}},"29":{"start":{"line":128,"column":6},"end":{"line":128,"column":null}},"30":{"start":{"line":129,"column":6},"end":{"line":129,"column":null}},"31":{"start":{"line":131,"column":6},"end":{"line":131,"column":null}},"32":{"start":{"line":141,"column":0},"end":{"line":150,"column":null}},"33":{"start":{"line":142,"column":8},"end":{"line":142,"column":null}},"34":{"start":{"line":144,"column":4},"end":{"line":144,"column":null}},"35":{"start":{"line":144,"column":19},"end":{"line":144,"column":null}},"36":{"start":{"line":145,"column":4},"end":{"line":146,"column":null}},"37":{"start":{"line":146,"column":6},"end":{"line":146,"column":null}},"38":{"start":{"line":153,"column":0},"end":{"line":155,"column":null}},"39":{"start":{"line":154,"column":2},"end":{"line":154,"column":null}},"40":{"start":{"line":160,"column":2},"end":{"line":160,"column":null}},"41":{"start":{"line":166,"column":2},"end":{"line":167,"column":null}},"42":{"start":{"line":167,"column":4},"end":{"line":167,"column":null}},"43":{"start":{"line":172,"column":2},"end":{"line":174,"column":null}},"44":{"start":{"line":173,"column":4},"end":{"line":173,"column":null}},"45":{"start":{"line":174,"column":4},"end":{"line":174,"column":null}},"46":{"start":{"line":179,"column":16},"end":{"line":179,"column":null}},"47":{"start":{"line":180,"column":2},"end":{"line":180,"column":null}},"48":{"start":{"line":186,"column":2},"end":{"line":186,"column":null}},"49":{"start":{"line":186,"column":30},"end":{"line":186,"column":null}},"50":{"start":{"line":187,"column":2},"end":{"line":187,"column":null}},"51":{"start":{"line":191,"column":2},"end":{"line":191,"column":null}},"52":{"start":{"line":194,"column":0},"end":{"line":194,"column":null}},"53":{"start":{"line":2,"column":7},"end":{"line":2,"column":23}},"54":{"start":{"line":18,"column":13},"end":{"line":18,"column":29}},"55":{"start":{"line":2,"column":2},"end":{"line":42,"column":57}},"56":{"start":{"line":14,"column":25},"end":{"line":14,"column":null}}},"fnMap":{"0":{"name":"(anonymous_0)","decl":{"start":{"line":95,"column":24},"end":{"line":95,"column":null}},"loc":{"start":{"line":96,"column":2},"end":{"line":96,"column":null}},"line":96},"1":{"name":"applySchema","decl":{"start":{"line":101,"column":9},"end":{"line":101,"column":21}},"loc":{"start":{"line":101,"column":47},"end":{"line":109,"column":null}},"line":101},"2":{"name":"(anonymous_2)","decl":{"start":{"line":113,"column":0},"end":{"line":113,"column":null}},"loc":{"start":{"line":114,"column":8},"end":{"line":114,"column":null}},"line":114},"3":{"name":"(anonymous_3)","decl":{"start":{"line":114,"column":14},"end":{"line":114,"column":null}},"loc":{"start":{"line":115,"column":14},"end":{"line":116,"column":4}},"line":115},"4":{"name":"(anonymous_4)","decl":{"start":{"line":120,"column":0},"end":{"line":120,"column":null}},"loc":{"start":{"line":121,"column":8},"end":{"line":121,"column":null}},"line":121},"5":{"name":"(anonymous_5)","decl":{"start":{"line":122,"column":2},"end":{"line":122,"column":9}},"loc":{"start":{"line":122,"column":17},"end":{"line":134,"column":4}},"line":122},"6":{"name":"(anonymous_6)","decl":{"start":{"line":141,"column":0},"end":{"line":141,"column":null}},"loc":{"start":{"line":142,"column":8},"end":{"line":142,"column":null}},"line":142},"7":{"name":"(anonymous_7)","decl":{"start":{"line":142,"column":14},"end":{"line":142,"column":null}},"loc":{"start":{"line":143,"column":16},"end":{"line":149,"column":4}},"line":143},"8":{"name":"(anonymous_8)","decl":{"start":{"line":153,"column":6},"end":{"line":153,"column":23}},"loc":{"start":{"line":153,"column":31},"end":{"line":155,"column":null}},"line":153},"9":{"name":"handleFieldUpdate","decl":{"start":{"line":159,"column":9},"end":{"line":159,"column":27}},"loc":{"start":{"line":159,"column":76},"end":{"line":160,"column":null}},"line":159},"10":{"name":"handleValidate","decl":{"start":{"line":165,"column":9},"end":{"line":165,"column":32}},"loc":{"start":{"line":165,"column":32},"end":{"line":167,"column":null}},"line":165},"11":{"name":"handleReset","decl":{"start":{"line":171,"column":9},"end":{"line":171,"column":29}},"loc":{"start":{"line":171,"column":29},"end":{"line":174,"column":null}},"line":171},"12":{"name":"handleExport","decl":{"start":{"line":178,"column":9},"end":{"line":178,"column":30}},"loc":{"start":{"line":178,"column":30},"end":{"line":180,"column":null}},"line":178},"13":{"name":"validate_","decl":{"start":{"line":185,"column":9},"end":{"line":185,"column":39}},"loc":{"start":{"line":185,"column":39},"end":{"line":187,"column":null}},"line":185},"14":{"name":"reset_","decl":{"start":{"line":190,"column":9},"end":{"line":190,"column":24}},"loc":{"start":{"line":190,"column":24},"end":{"line":191,"column":null}},"line":190},"15":{"name":"(anonymous_15)","decl":{"start":{"line":14,"column":23},"end":{"line":14,"column":25}},"loc":{"start":{"line":14,"column":25},"end":{"line":14,"column":null}},"line":14}},"branchMap":{"0":{"loc":{"start":{"line":96,"column":2},"end":{"line":96,"column":null}},"type":"binary-expr","locations":[{"start":{"line":96,"column":2},"end":{"line":96,"column":18}},{"start":{"line":96,"column":18},"end":{"line":96,"column":null}}],"line":96},"1":{"loc":{"start":{"line":105,"column":2},"end":{"line":106,"column":null}},"type":"if","locations":[{"start":{"line":105,"column":2},"end":{"line":106,"column":null}},{"start":{},"end":{}}],"line":105},"2":{"loc":{"start":{"line":105,"column":6},"end":{"line":105,"column":68}},"type":"binary-expr","locations":[{"start":{"line":105,"column":6},"end":{"line":105,"column":26}},{"start":{"line":105,"column":26},"end":{"line":105,"column":68}}],"line":105},"3":{"loc":{"start":{"line":115,"column":16},"end":{"line":115,"column":null}},"type":"if","locations":[{"start":{"line":115,"column":16},"end":{"line":115,"column":null}},{"start":{},"end":{}}],"line":115},"4":{"loc":{"start":{"line":123,"column":4},"end":{"line":123,"column":null}},"type":"if","locations":[{"start":{"line":123,"column":4},"end":{"line":123,"column":null}},{"start":{},"end":{}}],"line":123},"5":{"loc":{"start":{"line":123,"column":8},"end":{"line":123,"column":30}},"type":"binary-expr","locations":[{"start":{"line":123,"column":8},"end":{"line":123,"column":16}},{"start":{"line":123,"column":16},"end":{"line":123,"column":30}}],"line":123},"6":{"loc":{"start":{"line":127,"column":6},"end":{"line":127,"column":null}},"type":"if","locations":[{"start":{"line":127,"column":6},"end":{"line":127,"column":null}},{"start":{},"end":{}}],"line":127},"7":{"loc":{"start":{"line":131,"column":24},"end":{"line":131,"column":null}},"type":"cond-expr","locations":[{"start":{"line":131,"column":47},"end":{"line":131,"column":61}},{"start":{"line":131,"column":61},"end":{"line":131,"column":null}}],"line":131},"8":{"loc":{"start":{"line":144,"column":4},"end":{"line":144,"column":null}},"type":"if","locations":[{"start":{"line":144,"column":4},"end":{"line":144,"column":null}},{"start":{},"end":{}}],"line":144},"9":{"loc":{"start":{"line":145,"column":4},"end":{"line":146,"column":null}},"type":"if","locations":[{"start":{"line":145,"column":4},"end":{"line":146,"column":null}},{"start":{},"end":{}}],"line":145},"10":{"loc":{"start":{"line":166,"column":2},"end":{"line":167,"column":null}},"type":"if","locations":[{"start":{"line":166,"column":2},"end":{"line":167,"column":null}},{"start":{},"end":{}}],"line":166},"11":{"loc":{"start":{"line":172,"column":2},"end":{"line":174,"column":null}},"type":"if","locations":[{"start":{"line":172,"column":2},"end":{"line":174,"column":null}},{"start":{},"end":{}}],"line":172},"12":{"loc":{"start":{"line":179,"column":16},"end":{"line":179,"column":null}},"type":"binary-expr","locations":[{"start":{"line":179,"column":16},"end":{"line":179,"column":48}},{"start":{"line":179,"column":48},"end":{"line":179,"column":null}}],"line":179},"13":{"loc":{"start":{"line":186,"column":2},"end":{"line":186,"column":null}},"type":"if","locations":[{"start":{"line":186,"column":2},"end":{"line":186,"column":null}},{"start":{},"end":{}}],"line":186},"14":{"loc":{"start":{"line":3,"column":15},"end":{"line":42,"column":57}},"type":"cond-expr","locations":[{"start":{"line":3,"column":15},"end":{"line":3,"column":65}},{"start":{"line":5,"column":25},"end":{"line":42,"column":57}}],"line":3},"15":{"loc":{"start":{"line":5,"column":25},"end":{"line":42,"column":57}},"type":"cond-expr","locations":[{"start":{"line":5,"column":25},"end":{"line":42,"column":16}},{"start":{"line":42,"column":4},"end":{"line":42,"column":51}}],"line":5},"16":{"loc":{"start":{"line":7,"column":14},"end":{"line":17,"column":11}},"type":"cond-expr","locations":[{"start":{"line":7,"column":14},"end":{"line":17,"column":11}},{"start":{"line":17,"column":6},"end":{"line":17,"column":11}}],"line":7},"17":{"loc":{"start":{"line":8,"column":23},"end":{"line":8,"column":null}},"type":"binary-expr","locations":[{"start":{"line":8,"column":23},"end":{"line":8,"column":44}},{"start":{"line":8,"column":44},"end":{"line":8,"column":null}}],"line":8},"18":{"loc":{"start":{"line":14,"column":23},"end":{"line":14,"column":null}},"type":"binary-expr","locations":[{"start":{"line":14,"column":23},"end":{"line":14,"column":25}},{"start":{"line":14,"column":23},"end":{"line":14,"column":null}}],"line":14},"19":{"loc":{"start":{"line":20,"column":18},"end":{"line":36,"column":32}},"type":"cond-expr","locations":[{"start":{"line":20,"column":34},"end":{"line":27,"column":null}},{"start":{"line":27,"column":10},"end":{"line":36,"column":32}}],"line":20},"20":{"loc":{"start":{"line":36,"column":19},"end":{"line":37,"column":52}},"type":"cond-expr","locations":[{"start":{"line":36,"column":19},"end":{"line":37,"column":52}},{"start":{"line":37,"column":48},"end":{"line":37,"column":52}}],"line":36}},"s":{"0":13,"1":13,"2":13,"3":13,"4":13,"5":13,"6":13,"7":13,"8":13,"9":15,"10":13,"11":13,"12":13,"13":1,"14":13,"15":13,"16":13,"17":14,"18":14,"19":12,"20":13,"21":13,"22":13,"23":11,"24":2,"25":2,"26":2,"27":2,"28":2,"29":1,"30":1,"31":1,"32":13,"33":13,"34":0,"35":0,"36":0,"37":0,"38":13,"39":5,"40":2,"41":0,"42":0,"43":1,"44":1,"45":1,"46":0,"47":0,"48":1,"49":0,"50":1,"51":1,"52":13,"53":1,"54":1,"55":20,"56":0},"f":{"0":15,"1":13,"2":14,"3":14,"4":13,"5":13,"6":13,"7":0,"8":5,"9":2,"10":0,"11":1,"12":0,"13":1,"14":1,"15":0},"b":{"0":[15,3],"1":[1,12],"2":[13,1],"3":[12,2],"4":[11,2],"5":[13,2],"6":[1,1],"7":[1,0],"8":[0,0],"9":[0,0],"10":[0,0],"11":[1,0],"12":[0,0],"13":[0,1],"14":[1,19],"15":[17,2],"16":[1,16],"17":[1,0],"18":[1,1],"19":[0,17],"20":[1,16]},"meta":{"lastBranch":0,"lastFunction":0,"lastStatement":0,"seen":{}}}
,"/Users/liyixin/repos/web/auto_config/src/components/ConfigPreview.vue": {"path":"/Users/liyixin/repos/web/auto_config/src/components/ConfigPreview.vue","statementMap":{"0":{"start":{"line":16,"column":14},"end":{"line":16,"column":null}},"1":{"start":{"line":20,"column":6},"end":{"line":20,"column":24}},"2":{"start":{"line":22,"column":6},"end":{"line":22,"column":null}},"3":{"start":{"line":22,"column":37},"end":{"line":22,"column":74}},"4":{"start":{"line":25,"column":2},"end":{"line":29,"column":null}},"5":{"start":{"line":26,"column":4},"end":{"line":26,"column":null}},"6":{"start":{"line":27,"column":4},"end":{"line":27,"column":null}},"7":{"start":{"line":28,"column":4},"end":{"line":28,"column":null}},"8":{"start":{"line":28,"column":23},"end":{"line":28,"column":47}},"9":{"start":{"line":2,"column":7},"end":{"line":2,"column":29}},"10":{"start":{"line":3,"column":9},"end":{"line":3,"column":31}},"11":{"start":{"line":9,"column":9},"end":{"line":9,"column":29}},"12":{"start":{"line":2,"column":2},"end":{"line":9,"column":62}}},"fnMap":{"0":{"name":"(anonymous_0)","decl":{"start":{"line":22,"column":22},"end":{"line":22,"column":37}},"loc":{"start":{"line":22,"column":37},"end":{"line":22,"column":74}},"line":22},"1":{"name":"copyToClipboard","decl":{"start":{"line":24,"column":15},"end":{"line":24,"column":48}},"loc":{"start":{"line":24,"column":48},"end":{"line":29,"column":null}},"line":24},"2":{"name":"(anonymous_2)","decl":{"start":{"line":28,"column":4},"end":{"line":28,"column":21}},"loc":{"start":{"line":28,"column":21},"end":{"line":28,"column":51}},"line":28}},"branchMap":{"0":{"loc":{"start":{"line":8,"column":10},"end":{"line":4,"column":53}},"type":"binary-expr","locations":[{"start":{"line":8,"column":10},"end":{"line":8,"column":null}},{"start":{"line":8,"column":10},"end":{"line":4,"column":53}}],"line":8},"1":{"loc":{"start":{"line":6,"column":11},"end":{"line":6,"column":null}},"type":"cond-expr","locations":[{"start":{"line":6,"column":17},"end":{"line":6,"column":null}},{"start":{"line":6,"column":17},"end":{"line":6,"column":null}}],"line":6}},"s":{"0":4,"1":4,"2":4,"3":4,"4":2,"5":2,"6":2,"7":2,"8":0,"9":2,"10":2,"11":2,"12":6},"f":{"0":4,"1":2,"2":0},"b":{"0":[6,4],"1":[2,4]},"meta":{"lastBranch":2,"lastFunction":3,"lastStatement":13,"seen":{"s:16:14:16:Infinity":0,"s:20:6:20:24":1,"s:22:6:22:Infinity":2,"f:22:22:22:37":0,"s:22:37:22:74":3,"f:24:15:24:48":1,"s:25:2:29:Infinity":4,"s:26:4:26:Infinity":5,"s:27:4:27:Infinity":6,"s:28:4:28:Infinity":7,"f:28:4:28:21":2,"s:28:23:28:47":8,"s:2:7:2:29":9,"s:3:9:3:31":10,"s:9:9:9:29":11,"s:2:2:9:62":12,"b:8:10:8:Infinity:8:10:4:53":0,"b:6:17:6:Infinity:6:17:6:Infinity":1}}}
,"/Users/liyixin/repos/web/auto_config/src/components/ConfigToolbar.vue": {"path":"/Users/liyixin/repos/web/auto_config/src/components/ConfigToolbar.vue","statementMap":{"0":{"start":{"line":2,"column":7},"end":{"line":2,"column":22}},"1":{"start":{"line":3,"column":9},"end":{"line":3,"column":29}},"2":{"start":{"line":4,"column":12},"end":{"line":4,"column":33}},"3":{"start":{"line":13,"column":9},"end":{"line":13,"column":32}},"4":{"start":{"line":2,"column":2},"end":{"line":31,"column":null}},"5":{"start":{"line":16,"column":8},"end":{"line":23,"column":25}},"6":{"start":{"line":22,"column":18},"end":{"line":22,"column":null}},"7":{"start":{"line":25,"column":62},"end":{"line":25,"column":81}},"8":{"start":{"line":28,"column":62},"end":{"line":28,"column":78}},"9":{"start":{"line":31,"column":60},"end":{"line":31,"column":77}}},"fnMap":{"0":{"name":"(anonymous_0)","decl":{"start":{"line":17,"column":31},"end":{"line":17,"column":null}},"loc":{"start":{"line":17,"column":18},"end":{"line":23,"column":25}},"line":17},"1":{"name":"(anonymous_1)","decl":{"start":{"line":22,"column":11},"end":{"line":22,"column":16}},"loc":{"start":{"line":22,"column":18},"end":{"line":22,"column":null}},"line":22},"2":{"name":"(anonymous_2)","decl":{"start":{"line":25,"column":60},"end":{"line":25,"column":62}},"loc":{"start":{"line":25,"column":62},"end":{"line":25,"column":81}},"line":25},"3":{"name":"(anonymous_3)","decl":{"start":{"line":28,"column":60},"end":{"line":28,"column":62}},"loc":{"start":{"line":28,"column":62},"end":{"line":28,"column":78}},"line":28},"4":{"name":"(anonymous_4)","decl":{"start":{"line":31,"column":58},"end":{"line":31,"column":60}},"loc":{"start":{"line":31,"column":60},"end":{"line":31,"column":77}},"line":31}},"branchMap":{"0":{"loc":{"start":{"line":6,"column":14},"end":{"line":10,"column":null}},"type":"cond-expr","locations":[{"start":{"line":6,"column":14},"end":{"line":10,"column":null}},{"start":{"line":10,"column":79},"end":{"line":10,"column":null}}],"line":6},"1":{"loc":{"start":{"line":8,"column":16},"end":{"line":8,"column":null}},"type":"cond-expr","locations":[{"start":{"line":8,"column":38},"end":{"line":8,"column":null}},{"start":{"line":8,"column":38},"end":{"line":8,"column":null}}],"line":8},"2":{"loc":{"start":{"line":10,"column":11},"end":{"line":10,"column":null}},"type":"cond-expr","locations":[{"start":{"line":10,"column":33},"end":{"line":10,"column":49}},{"start":{"line":10,"column":33},"end":{"line":10,"column":null}}],"line":10},"3":{"loc":{"start":{"line":24,"column":12},"end":{"line":15,"column":43}},"type":"binary-expr","locations":[{"start":{"line":24,"column":12},"end":{"line":24,"column":null}},{"start":{"line":24,"column":12},"end":{"line":15,"column":43}}],"line":24},"4":{"loc":{"start":{"line":25,"column":60},"end":{"line":25,"column":81}},"type":"binary-expr","locations":[{"start":{"line":25,"column":60},"end":{"line":25,"column":62}},{"start":{"line":25,"column":60},"end":{"line":25,"column":81}}],"line":25},"5":{"loc":{"start":{"line":28,"column":60},"end":{"line":28,"column":78}},"type":"binary-expr","locations":[{"start":{"line":28,"column":60},"end":{"line":28,"column":62}},{"start":{"line":28,"column":60},"end":{"line":28,"column":78}}],"line":28},"6":{"loc":{"start":{"line":31,"column":58},"end":{"line":31,"column":77}},"type":"binary-expr","locations":[{"start":{"line":31,"column":58},"end":{"line":31,"column":60}},{"start":{"line":31,"column":58},"end":{"line":31,"column":77}}],"line":31}},"s":{"0":2,"1":2,"2":2,"3":2,"4":8,"5":24,"6":1,"7":1,"8":1,"9":1},"f":{"0":24,"1":1,"2":1,"3":1,"4":1},"b":{"0":[3,5],"1":[2,1],"2":[2,1],"3":[8,8],"4":[8,8],"5":[8,8],"6":[8,8]},"meta":{"lastBranch":0,"lastFunction":0,"lastStatement":0,"seen":{}}}
,"/Users/liyixin/repos/web/auto_config/src/components/FieldGroup.vue": {"path":"/Users/liyixin/repos/web/auto_config/src/components/FieldGroup.vue","statementMap":{"0":{"start":{"line":30,"column":14},"end":{"line":30,"column":null}},"1":{"start":{"line":46,"column":6},"end":{"line":46,"column":27}},"2":{"start":{"line":49,"column":2},"end":{"line":50,"column":null}},"3":{"start":{"line":50,"column":4},"end":{"line":50,"column":null}},"4":{"start":{"line":2,"column":2},"end":{"line":14,"column":null}},"5":{"start":{"line":19,"column":17},"end":{"line":19,"column":39}}},"fnMap":{"0":{"name":"toggle","decl":{"start":{"line":48,"column":9},"end":{"line":48,"column":24}},"loc":{"start":{"line":48,"column":24},"end":{"line":50,"column":null}},"line":48},"1":{"name":"(anonymous_1)","decl":{"start":{"line":19,"column":15},"end":{"line":19,"column":17}},"loc":{"start":{"line":19,"column":17},"end":{"line":19,"column":39}},"line":19}},"branchMap":{"0":{"loc":{"start":{"line":49,"column":2},"end":{"line":50,"column":null}},"type":"if","locations":[{"start":{"line":49,"column":2},"end":{"line":50,"column":null}},{"start":{},"end":{}}],"line":49},"1":{"loc":{"start":{"line":8,"column":18},"end":{"line":10,"column":13}},"type":"cond-expr","locations":[{"start":{"line":8,"column":18},"end":{"line":10,"column":13}},{"start":{"line":10,"column":6},"end":{"line":10,"column":13}}],"line":8},"2":{"loc":{"start":{"line":13,"column":13},"end":{"line":13,"column":46}},"type":"cond-expr","locations":[{"start":{"line":13,"column":13},"end":{"line":13,"column":46}},{"start":{"line":13,"column":44},"end":{"line":13,"column":46}}],"line":13},"3":{"loc":{"start":{"line":19,"column":15},"end":{"line":19,"column":null}},"type":"binary-expr","locations":[{"start":{"line":19,"column":15},"end":{"line":19,"column":17}},{"start":{"line":19,"column":15},"end":{"line":19,"column":39}}],"line":19}},"s":{"0":13,"1":13,"2":2,"3":1,"4":14,"5":1},"f":{"0":2,"1":1},"b":{"0":[1,1],"1":[6,8],"2":[1,13],"3":[14,13]},"meta":{"lastBranch":0,"lastFunction":0,"lastStatement":0,"seen":{}}}
,"/Users/liyixin/repos/web/auto_config/src/components/FieldWrapper.vue": {"path":"/Users/liyixin/repos/web/auto_config/src/components/FieldWrapper.vue","statementMap":{"0":{"start":{"line":3,"column":9},"end":{"line":3,"column":27}},"1":{"start":{"line":4,"column":13},"end":{"line":4,"column":32}},"2":{"start":{"line":10,"column":9},"end":{"line":10,"column":28}},"3":{"start":{"line":2,"column":2},"end":{"line":13,"column":82}},"4":{"start":{"line":13,"column":8},"end":{"line":13,"column":82}}},"fnMap":{"0":{"name":"(anonymous_0)","decl":{"start":{"line":13,"column":31},"end":{"line":13,"column":40}},"loc":{"start":{"line":13,"column":26},"end":{"line":13,"column":82}},"line":13}},"branchMap":{"0":{"loc":{"start":{"line":6,"column":20},"end":{"line":6,"column":82}},"type":"cond-expr","locations":[{"start":{"line":6,"column":20},"end":{"line":6,"column":75}},{"start":{"line":6,"column":75},"end":{"line":6,"column":82}}],"line":6},"1":{"loc":{"start":{"line":8,"column":15},"end":{"line":8,"column":75}},"type":"cond-expr","locations":[{"start":{"line":8,"column":15},"end":{"line":8,"column":75}},{"start":{"line":8,"column":68},"end":{"line":8,"column":75}}],"line":8},"2":{"loc":{"start":{"line":12,"column":16},"end":{"line":13,"column":82}},"type":"cond-expr","locations":[{"start":{"line":12,"column":29},"end":{"line":13,"column":82}}],"line":12}},"s":{"0":2,"1":2,"2":2,"3":89,"4":1},"f":{"0":1},"b":{"0":[17,72],"1":[1,88],"2":[1]},"meta":{"lastBranch":3,"lastFunction":1,"lastStatement":5,"seen":{"s:3:9:3:27":0,"s:4:13:4:32":1,"s:10:9:10:28":2,"s:2:2:13:82":3,"b:6:20:6:75:6:75:6:82":0,"b:8:15:8:75:8:68:8:75":1,"b:12:29:13:82":2,"f:13:31:13:40":0,"s:13:8:13:82":4}}}
,"/Users/liyixin/repos/web/auto_config/src/components/FormRenderer.vue": {"path":"/Users/liyixin/repos/web/auto_config/src/components/FormRenderer.vue","statementMap":{"0":{"start":{"line":70,"column":14},"end":{"line":70,"column":null}},"1":{"start":{"line":80,"column":13},"end":{"line":80,"column":null}},"2":{"start":{"line":85,"column":6},"end":{"line":85,"column":null}},"3":{"start":{"line":88,"column":20},"end":{"line":88,"column":null}},"4":{"start":{"line":89,"column":2},"end":{"line":89,"column":null}},"5":{"start":{"line":89,"column":33},"end":{"line":89,"column":49}},"6":{"start":{"line":89,"column":61},"end":{"line":89,"column":70}},"7":{"start":{"line":93,"column":16},"end":{"line":93,"column":30}},"8":{"start":{"line":94,"column":2},"end":{"line":97,"column":null}},"9":{"start":{"line":95,"column":4},"end":{"line":95,"column":null}},"10":{"start":{"line":95,"column":43},"end":{"line":95,"column":null}},"11":{"start":{"line":96,"column":4},"end":{"line":96,"column":null}},"12":{"start":{"line":101,"column":14},"end":{"line":101,"column":null}},"13":{"start":{"line":102,"column":2},"end":{"line":102,"column":null}},"14":{"start":{"line":106,"column":2},"end":{"line":106,"column":null}},"15":{"start":{"line":110,"column":2},"end":{"line":110,"column":null}},"16":{"start":{"line":2,"column":2},"end":{"line":53,"column":null}},"17":{"start":{"line":4,"column":6},"end":{"line":53,"column":null}},"18":{"start":{"line":15,"column":19},"end":{"line":15,"column":null}},"19":{"start":{"line":31,"column":12},"end":{"line":30,"column":null}},"20":{"start":{"line":30,"column":33},"end":{"line":30,"column":null}},"21":{"start":{"line":54,"column":12},"end":{"line":53,"column":null}},"22":{"start":{"line":53,"column":33},"end":{"line":53,"column":null}}},"fnMap":{"0":{"name":"fieldErrors","decl":{"start":{"line":87,"column":9},"end":{"line":87,"column":21}},"loc":{"start":{"line":87,"column":45},"end":{"line":89,"column":null}},"line":87},"1":{"name":"(anonymous_1)","decl":{"start":{"line":89,"column":19},"end":{"line":89,"column":27}},"loc":{"start":{"line":89,"column":33},"end":{"line":89,"column":49}},"line":89},"2":{"name":"(anonymous_2)","decl":{"start":{"line":89,"column":50},"end":{"line":89,"column":55}},"loc":{"start":{"line":89,"column":61},"end":{"line":89,"column":70}},"line":89},"3":{"name":"getFieldValue","decl":{"start":{"line":92,"column":9},"end":{"line":92,"column":23}},"loc":{"start":{"line":92,"column":46},"end":{"line":97,"column":null}},"line":92},"4":{"name":"(anonymous_4)","decl":{"start":{"line":94,"column":15},"end":{"line":94,"column":32}},"loc":{"start":{"line":94,"column":45},"end":{"line":97,"column":11}},"line":94},"5":{"name":"getGroupConfig","decl":{"start":{"line":100,"column":9},"end":{"line":100,"column":24}},"loc":{"start":{"line":100,"column":62},"end":{"line":102,"column":null}},"line":100},"6":{"name":"onFieldUpdate","decl":{"start":{"line":105,"column":9},"end":{"line":105,"column":23}},"loc":{"start":{"line":105,"column":59},"end":{"line":106,"column":null}},"line":105},"7":{"name":"onNestedUpdate","decl":{"start":{"line":109,"column":9},"end":{"line":109,"column":24}},"loc":{"start":{"line":109,"column":89},"end":{"line":110,"column":null}},"line":109},"8":{"name":"(anonymous_8)","decl":{"start":{"line":3,"column":30},"end":{"line":3,"column":44}},"loc":{"start":{"line":3,"column":26},"end":{"line":53,"column":null}},"line":3},"9":{"name":"(anonymous_9)","decl":{"start":{"line":15,"column":11},"end":{"line":15,"column":17}},"loc":{"start":{"line":15,"column":19},"end":{"line":15,"column":null}},"line":15},"10":{"name":"(anonymous_10)","decl":{"start":{"line":31,"column":12},"end":{"line":31,"column":null}},"loc":{"start":{"line":31,"column":12},"end":{"line":30,"column":null}},"line":31},"11":{"name":"(anonymous_11)","decl":{"start":{"line":30,"column":13},"end":{"line":30,"column":31}},"loc":{"start":{"line":30,"column":33},"end":{"line":30,"column":null}},"line":30},"12":{"name":"(anonymous_12)","decl":{"start":{"line":54,"column":12},"end":{"line":54,"column":null}},"loc":{"start":{"line":54,"column":12},"end":{"line":53,"column":null}},"line":54},"13":{"name":"(anonymous_13)","decl":{"start":{"line":53,"column":13},"end":{"line":53,"column":31}},"loc":{"start":{"line":53,"column":33},"end":{"line":53,"column":null}},"line":53}},"branchMap":{"0":{"loc":{"start":{"line":88,"column":20},"end":{"line":88,"column":null}},"type":"binary-expr","locations":[{"start":{"line":88,"column":20},"end":{"line":88,"column":36}},{"start":{"line":88,"column":36},"end":{"line":88,"column":null}}],"line":88},"1":{"loc":{"start":{"line":95,"column":4},"end":{"line":95,"column":null}},"type":"if","locations":[{"start":{"line":95,"column":4},"end":{"line":95,"column":null}},{"start":{},"end":{}}],"line":95},"2":{"loc":{"start":{"line":95,"column":8},"end":{"line":95,"column":43}},"type":"binary-expr","locations":[{"start":{"line":95,"column":8},"end":{"line":95,"column":24}},{"start":{"line":95,"column":24},"end":{"line":95,"column":43}}],"line":95},"3":{"loc":{"start":{"line":102,"column":10},"end":{"line":102,"column":46}},"type":"binary-expr","locations":[{"start":{"line":102,"column":10},"end":{"line":102,"column":45}},{"start":{"line":102,"column":45},"end":{"line":102,"column":46}}],"line":102},"4":{"loc":{"start":{"line":6,"column":38},"end":{"line":6,"column":null}},"type":"binary-expr","locations":[{"start":{"line":6,"column":38},"end":{"line":6,"column":71}},{"start":{"line":6,"column":71},"end":{"line":6,"column":null}}],"line":6},"5":{"loc":{"start":{"line":9,"column":16},"end":{"line":53,"column":null}},"type":"cond-expr","locations":[{"start":{"line":9,"column":55},"end":{"line":18,"column":27}},{"start":{"line":18,"column":21},"end":{"line":53,"column":null}}],"line":9},"6":{"loc":{"start":{"line":9,"column":16},"end":{"line":9,"column":null}},"type":"binary-expr","locations":[{"start":{"line":9,"column":16},"end":{"line":9,"column":49}},{"start":{"line":9,"column":49},"end":{"line":9,"column":null}}],"line":9},"7":{"loc":{"start":{"line":18,"column":21},"end":{"line":53,"column":null}},"type":"cond-expr","locations":[{"start":{"line":18,"column":38},"end":{"line":33,"column":null}},{"start":{"line":33,"column":8},"end":{"line":53,"column":null}}],"line":18}},"s":{"0":42,"1":42,"2":42,"3":252,"4":252,"5":0,"6":0,"7":84,"8":84,"9":93,"10":9,"11":84,"12":2,"13":2,"14":4,"15":0,"16":48,"17":86,"18":0,"19":1,"20":0,"21":83,"22":4},"f":{"0":252,"1":0,"2":0,"3":84,"4":93,"5":2,"6":4,"7":0,"8":86,"9":0,"10":1,"11":0,"12":83,"13":4},"b":{"0":[252,105],"1":[9,84],"2":[93,93],"3":[2,0],"4":[86,84],"5":[2,84],"6":[86,2],"7":[1,83]},"meta":{"lastBranch":8,"lastFunction":14,"lastStatement":23,"seen":{"s:70:14:70:Infinity":0,"s:80:13:80:Infinity":1,"s:85:6:85:Infinity":2,"f:87:9:87:21":0,"s:88:20:88:Infinity":3,"b:88:20:88:36:88:36:88:Infinity":0,"s:89:2:89:Infinity":4,"f:89:19:89:27":1,"s:89:33:89:49":5,"f:89:50:89:55":2,"s:89:61:89:70":6,"f:92:9:92:23":3,"s:93:16:93:30":7,"s:94:2:97:Infinity":8,"f:94:15:94:32":4,"b:95:4:95:Infinity:undefined:undefined:undefined:undefined":1,"s:95:4:95:Infinity":9,"b:95:8:95:24:95:24:95:43":2,"s:95:43:95:Infinity":10,"s:96:4:96:Infinity":11,"f:100:9:100:24":5,"s:101:14:101:Infinity":12,"s:102:2:102:Infinity":13,"b:102:10:102:45:102:45:102:46":3,"f:105:9:105:23":6,"s:106:2:106:Infinity":14,"f:109:9:109:24":7,"s:110:2:110:Infinity":15,"s:2:2:53:Infinity":16,"f:3:30:3:44":8,"s:4:6:53:Infinity":17,"b:6:38:6:71:6:71:6:Infinity":4,"b:9:55:18:27:18:21:53:Infinity":5,"b:9:16:9:49:9:49:9:Infinity":6,"f:15:11:15:17":9,"s:15:19:15:Infinity":18,"b:18:38:33:Infinity:33:8:53:Infinity":7,"f:31:12:31:Infinity":10,"s:31:12:30:Infinity":19,"f:30:13:30:31":11,"s:30:33:30:Infinity":20,"f:54:12:54:Infinity":12,"s:54:12:53:Infinity":21,"f:53:13:53:31":13,"s:53:33:53:Infinity":22}}}
,"/Users/liyixin/repos/web/auto_config/src/components/controls/ArrayInput.vue": {"path":"/Users/liyixin/repos/web/auto_config/src/components/controls/ArrayInput.vue","statementMap":{"0":{"start":{"line":40,"column":14},"end":{"line":40,"column":null}},"1":{"start":{"line":49,"column":13},"end":{"line":49,"column":null}},"2":{"start":{"line":54,"column":18},"end":{"line":54,"column":null}},"3":{"start":{"line":55,"column":2},"end":{"line":55,"column":null}},"4":{"start":{"line":59,"column":2},"end":{"line":59,"column":null}},"5":{"start":{"line":59,"column":62},"end":{"line":59,"column":74}},"6":{"start":{"line":63,"column":18},"end":{"line":63,"column":80}},"7":{"start":{"line":63,"column":53},"end":{"line":63,"column":80}},"8":{"start":{"line":64,"column":2},"end":{"line":64,"column":null}},"9":{"start":{"line":2,"column":2},"end":{"line":31,"column":null}},"10":{"start":{"line":7,"column":4},"end":{"line":28,"column":15}},"11":{"start":{"line":17,"column":16},"end":{"line":17,"column":null}},"12":{"start":{"line":24,"column":16},"end":{"line":24,"column":null}},"13":{"start":{"line":26,"column":102},"end":{"line":26,"column":121}}},"fnMap":{"0":{"name":"addItem","decl":{"start":{"line":53,"column":9},"end":{"line":53,"column":25}},"loc":{"start":{"line":53,"column":25},"end":{"line":55,"column":null}},"line":53},"1":{"name":"removeItem","decl":{"start":{"line":58,"column":9},"end":{"line":58,"column":20}},"loc":{"start":{"line":58,"column":41},"end":{"line":59,"column":null}},"line":58},"2":{"name":"(anonymous_2)","decl":{"start":{"line":59,"column":45},"end":{"line":59,"column":53}},"loc":{"start":{"line":59,"column":62},"end":{"line":59,"column":74}},"line":59},"3":{"name":"updateItem","decl":{"start":{"line":62,"column":9},"end":{"line":62,"column":20}},"loc":{"start":{"line":62,"column":65},"end":{"line":64,"column":null}},"line":62},"4":{"name":"(anonymous_4)","decl":{"start":{"line":63,"column":35},"end":{"line":63,"column":40}},"loc":{"start":{"line":63,"column":53},"end":{"line":63,"column":80}},"line":63},"5":{"name":"(anonymous_5)","decl":{"start":{"line":8,"column":30},"end":{"line":8,"column":null}},"loc":{"start":{"line":8,"column":25},"end":{"line":28,"column":15}},"line":8},"6":{"name":"(anonymous_6)","decl":{"start":{"line":17,"column":9},"end":{"line":17,"column":14}},"loc":{"start":{"line":17,"column":16},"end":{"line":17,"column":null}},"line":17},"7":{"name":"(anonymous_7)","decl":{"start":{"line":24,"column":9},"end":{"line":24,"column":14}},"loc":{"start":{"line":24,"column":16},"end":{"line":24,"column":null}},"line":24},"8":{"name":"(anonymous_8)","decl":{"start":{"line":26,"column":95},"end":{"line":26,"column":100}},"loc":{"start":{"line":26,"column":102},"end":{"line":26,"column":121}},"line":26}},"branchMap":{"0":{"loc":{"start":{"line":54,"column":18},"end":{"line":54,"column":null}},"type":"cond-expr","locations":[{"start":{"line":54,"column":48},"end":{"line":54,"column":52}},{"start":{"line":54,"column":52},"end":{"line":54,"column":null}}],"line":54},"1":{"loc":{"start":{"line":63,"column":53},"end":{"line":63,"column":80}},"type":"cond-expr","locations":[{"start":{"line":63,"column":67},"end":{"line":63,"column":75}},{"start":{"line":63,"column":75},"end":{"line":63,"column":80}}],"line":63},"2":{"loc":{"start":{"line":3,"column":15},"end":{"line":5,"column":10}},"type":"cond-expr","locations":[{"start":{"line":3,"column":32},"end":{"line":3,"column":null}},{"start":{"line":5,"column":4},"end":{"line":5,"column":10}}],"line":3},"3":{"loc":{"start":{"line":13,"column":14},"end":{"line":26,"column":14}},"type":"cond-expr","locations":[{"start":{"line":13,"column":22},"end":{"line":19,"column":null}},{"start":{"line":19,"column":6},"end":{"line":26,"column":14}}],"line":13}},"s":{"0":8,"1":8,"2":2,"3":2,"4":1,"5":2,"6":2,"7":2,"8":2,"9":8,"10":6,"11":1,"12":1,"13":1},"f":{"0":2,"1":1,"2":2,"3":2,"4":2,"5":6,"6":1,"7":1,"8":1},"b":{"0":[1,1],"1":[2,0],"2":[4,4],"3":[1,5]},"meta":{"lastBranch":4,"lastFunction":9,"lastStatement":14,"seen":{"s:40:14:40:Infinity":0,"s:49:13:49:Infinity":1,"f:53:9:53:25":0,"s:54:18:54:Infinity":2,"b:54:48:54:52:54:52:54:Infinity":0,"s:55:2:55:Infinity":3,"f:58:9:58:20":1,"s:59:2:59:Infinity":4,"f:59:45:59:53":2,"s:59:62:59:74":5,"f:62:9:62:20":3,"s:63:18:63:80":6,"f:63:35:63:40":4,"s:63:53:63:80":7,"b:63:67:63:75:63:75:63:80":1,"s:64:2:64:Infinity":8,"s:2:2:31:Infinity":9,"b:3:32:3:Infinity:5:4:5:10":2,"f:8:30:8:Infinity":5,"s:7:4:28:15":10,"b:13:22:19:Infinity:19:6:26:14":3,"f:17:9:17:14":6,"s:17:16:17:Infinity":11,"f:24:9:24:14":7,"s:24:16:24:Infinity":12,"f:26:95:26:100":8,"s:26:102:26:121":13}}}
,"/Users/liyixin/repos/web/auto_config/src/components/controls/CheckboxInput.vue": {"path":"/Users/liyixin/repos/web/auto_config/src/components/controls/CheckboxInput.vue","statementMap":{"0":{"start":{"line":16,"column":14},"end":{"line":16,"column":null}},"1":{"start":{"line":26,"column":6},"end":{"line":26,"column":97}},"2":{"start":{"line":26,"column":31},"end":{"line":26,"column":97}},"3":{"start":{"line":2,"column":7},"end":{"line":2,"column":31}},"4":{"start":{"line":2,"column":2},"end":{"line":9,"column":45}},"5":{"start":{"line":7,"column":15},"end":{"line":7,"column":85}}},"fnMap":{"0":{"name":"(anonymous_0)","decl":{"start":{"line":26,"column":16},"end":{"line":26,"column":31}},"loc":{"start":{"line":26,"column":31},"end":{"line":26,"column":97}},"line":26},"1":{"name":"(anonymous_1)","decl":{"start":{"line":7,"column":13},"end":{"line":7,"column":15}},"loc":{"start":{"line":7,"column":15},"end":{"line":7,"column":85}},"line":7}},"branchMap":{"0":{"loc":{"start":{"line":26,"column":31},"end":{"line":26,"column":97}},"type":"binary-expr","locations":[{"start":{"line":26,"column":31},"end":{"line":26,"column":48}},{"start":{"line":26,"column":48},"end":{"line":26,"column":97}}],"line":26},"1":{"loc":{"start":{"line":7,"column":13},"end":{"line":7,"column":null}},"type":"binary-expr","locations":[{"start":{"line":7,"column":13},"end":{"line":7,"column":15}},{"start":{"line":7,"column":13},"end":{"line":7,"column":85}}],"line":7}},"s":{"0":19,"1":19,"2":19,"3":3,"4":19,"5":1},"f":{"0":19,"1":1},"b":{"0":[19,1],"1":[19,19]},"meta":{"lastBranch":2,"lastFunction":2,"lastStatement":6,"seen":{"s:16:14:16:Infinity":0,"s:26:6:26:97":1,"f:26:16:26:31":0,"s:26:31:26:97":2,"b:26:31:26:48:26:48:26:97":0,"s:2:7:2:31":3,"s:2:2:9:45":4,"b:7:13:7:15:7:13:7:85":1,"f:7:13:7:15":1,"s:7:15:7:85":5}}}
,"/Users/liyixin/repos/web/auto_config/src/components/controls/NumberInput.vue": {"path":"/Users/liyixin/repos/web/auto_config/src/components/controls/NumberInput.vue","statementMap":{"0":{"start":{"line":2,"column":2},"end":{"line":9,"column":null}},"1":{"start":{"line":9,"column":12},"end":{"line":9,"column":null}}},"fnMap":{"0":{"name":"(anonymous_0)","decl":{"start":{"line":9,"column":10},"end":{"line":9,"column":12}},"loc":{"start":{"line":9,"column":12},"end":{"line":9,"column":null}},"line":9}},"branchMap":{"0":{"loc":{"start":{"line":9,"column":10},"end":{"line":9,"column":null}},"type":"binary-expr","locations":[{"start":{"line":9,"column":10},"end":{"line":9,"column":12}},{"start":{"line":9,"column":10},"end":{"line":9,"column":null}}],"line":9}},"s":{"0":25,"1":1},"f":{"0":1},"b":{"0":[25,25]},"meta":{"lastBranch":1,"lastFunction":1,"lastStatement":2,"seen":{"s:2:2:9:Infinity":0,"b:9:10:9:12:9:10:9:Infinity":0,"f:9:10:9:12":0,"s:9:12:9:Infinity":1}}}
,"/Users/liyixin/repos/web/auto_config/src/components/controls/ObjectArrayInput.vue": {"path":"/Users/liyixin/repos/web/auto_config/src/components/controls/ObjectArrayInput.vue","statementMap":{"0":{"start":{"line":51,"column":14},"end":{"line":51,"column":null}},"1":{"start":{"line":61,"column":13},"end":{"line":61,"column":null}},"2":{"start":{"line":65,"column":6},"end":{"line":65,"column":null}},"3":{"start":{"line":68,"column":15},"end":{"line":68,"column":43}},"4":{"start":{"line":69,"column":2},"end":{"line":72,"column":null}},"5":{"start":{"line":70,"column":4},"end":{"line":70,"column":null}},"6":{"start":{"line":72,"column":4},"end":{"line":72,"column":null}},"7":{"start":{"line":74,"column":2},"end":{"line":74,"column":null}},"8":{"start":{"line":79,"column":2},"end":{"line":82,"column":null}},"9":{"start":{"line":80,"column":4},"end":{"line":82,"column":null}},"10":{"start":{"line":81,"column":18},"end":{"line":81,"column":null}},"11":{"start":{"line":82,"column":6},"end":{"line":82,"column":null}},"12":{"start":{"line":82,"column":49},"end":{"line":82,"column":null}},"13":{"start":{"line":85,"column":2},"end":{"line":85,"column":null}},"14":{"start":{"line":89,"column":8},"end":{"line":89,"column":62}},"15":{"start":{"line":90,"column":2},"end":{"line":90,"column":null}},"16":{"start":{"line":95,"column":15},"end":{"line":95,"column":31}},"17":{"start":{"line":96,"column":2},"end":{"line":99,"column":null}},"18":{"start":{"line":97,"column":4},"end":{"line":98,"column":null}},"19":{"start":{"line":97,"column":19},"end":{"line":97,"column":null}},"20":{"start":{"line":98,"column":13},"end":{"line":98,"column":null}},"21":{"start":{"line":98,"column":24},"end":{"line":98,"column":null}},"22":{"start":{"line":100,"column":2},"end":{"line":100,"column":null}},"23":{"start":{"line":101,"column":2},"end":{"line":101,"column":null}},"24":{"start":{"line":101,"column":62},"end":{"line":101,"column":74}},"25":{"start":{"line":105,"column":8},"end":{"line":105,"column":85}},"26":{"start":{"line":106,"column":18},"end":{"line":106,"column":86}},"27":{"start":{"line":106,"column":53},"end":{"line":106,"column":86}},"28":{"start":{"line":107,"column":2},"end":{"line":107,"column":null}},"29":{"start":{"line":17,"column":14},"end":{"line":17,"column":42}},"30":{"start":{"line":28,"column":47},"end":{"line":28,"column":74}},"31":{"start":{"line":2,"column":2},"end":{"line":38,"column":null}},"32":{"start":{"line":7,"column":4},"end":{"line":28,"column":47}},"33":{"start":{"line":13,"column":49},"end":{"line":13,"column":null}},"34":{"start":{"line":22,"column":23},"end":{"line":22,"column":39}},"35":{"start":{"line":33,"column":19},"end":{"line":33,"column":null}}},"fnMap":{"0":{"name":"toggleItem","decl":{"start":{"line":67,"column":9},"end":{"line":67,"column":20}},"loc":{"start":{"line":67,"column":41},"end":{"line":74,"column":null}},"line":67},"1":{"name":"getItemTitle","decl":{"start":{"line":77,"column":9},"end":{"line":77,"column":22}},"loc":{"start":{"line":77,"column":76},"end":{"line":85,"column":null}},"line":77},"2":{"name":"addItem","decl":{"start":{"line":88,"column":9},"end":{"line":88,"column":25}},"loc":{"start":{"line":88,"column":25},"end":{"line":90,"column":null}},"line":88},"3":{"name":"removeItem","decl":{"start":{"line":93,"column":9},"end":{"line":93,"column":20}},"loc":{"start":{"line":93,"column":41},"end":{"line":101,"column":null}},"line":93},"4":{"name":"(anonymous_4)","decl":{"start":{"line":96,"column":23},"end":{"line":96,"column":32}},"loc":{"start":{"line":96,"column":38},"end":{"line":99,"column":null}},"line":96},"5":{"name":"(anonymous_5)","decl":{"start":{"line":101,"column":45},"end":{"line":101,"column":53}},"loc":{"start":{"line":101,"column":62},"end":{"line":101,"column":74}},"line":101},"6":{"name":"onItemUpdate","decl":{"start":{"line":104,"column":9},"end":{"line":104,"column":22}},"loc":{"start":{"line":104,"column":84},"end":{"line":107,"column":null}},"line":104},"7":{"name":"(anonymous_7)","decl":{"start":{"line":106,"column":35},"end":{"line":106,"column":40}},"loc":{"start":{"line":106,"column":53},"end":{"line":106,"column":86}},"line":106},"8":{"name":"(anonymous_8)","decl":{"start":{"line":8,"column":30},"end":{"line":8,"column":null}},"loc":{"start":{"line":8,"column":25},"end":{"line":28,"column":47}},"line":8},"9":{"name":"(anonymous_9)","decl":{"start":{"line":13,"column":42},"end":{"line":13,"column":47}},"loc":{"start":{"line":13,"column":49},"end":{"line":13,"column":null}},"line":13},"10":{"name":"(anonymous_10)","decl":{"start":{"line":22,"column":16},"end":{"line":22,"column":23}},"loc":{"start":{"line":22,"column":23},"end":{"line":22,"column":39}},"line":22},"11":{"name":"(anonymous_11)","decl":{"start":{"line":33,"column":11},"end":{"line":33,"column":17}},"loc":{"start":{"line":33,"column":19},"end":{"line":33,"column":null}},"line":33}},"branchMap":{"0":{"loc":{"start":{"line":69,"column":2},"end":{"line":72,"column":null}},"type":"if","locations":[{"start":{"line":69,"column":2},"end":{"line":72,"column":null}},{"start":{"line":71,"column":9},"end":{"line":72,"column":null}}],"line":69},"1":{"loc":{"start":{"line":80,"column":4},"end":{"line":82,"column":null}},"type":"if","locations":[{"start":{"line":80,"column":4},"end":{"line":82,"column":null}},{"start":{},"end":{}}],"line":80},"2":{"loc":{"start":{"line":80,"column":8},"end":{"line":80,"column":72}},"type":"binary-expr","locations":[{"start":{"line":80,"column":8},"end":{"line":80,"column":40}},{"start":{"line":80,"column":40},"end":{"line":80,"column":72}}],"line":80},"3":{"loc":{"start":{"line":82,"column":6},"end":{"line":82,"column":null}},"type":"if","locations":[{"start":{"line":82,"column":6},"end":{"line":82,"column":null}},{"start":{},"end":{}}],"line":82},"4":{"loc":{"start":{"line":82,"column":10},"end":{"line":82,"column":47}},"type":"binary-expr","locations":[{"start":{"line":82,"column":10},"end":{"line":82,"column":37}},{"start":{"line":82,"column":37},"end":{"line":82,"column":47}}],"line":82},"5":{"loc":{"start":{"line":97,"column":4},"end":{"line":98,"column":null}},"type":"if","locations":[{"start":{"line":97,"column":4},"end":{"line":98,"column":null}},{"start":{"line":98,"column":13},"end":{"line":98,"column":null}}],"line":97},"6":{"loc":{"start":{"line":98,"column":13},"end":{"line":98,"column":null}},"type":"if","locations":[{"start":{"line":98,"column":13},"end":{"line":98,"column":null}},{"start":{},"end":{}}],"line":98},"7":{"loc":{"start":{"line":106,"column":53},"end":{"line":106,"column":86}},"type":"cond-expr","locations":[{"start":{"line":106,"column":67},"end":{"line":106,"column":81}},{"start":{"line":106,"column":81},"end":{"line":106,"column":86}}],"line":106},"8":{"loc":{"start":{"line":3,"column":15},"end":{"line":5,"column":10}},"type":"cond-expr","locations":[{"start":{"line":3,"column":32},"end":{"line":3,"column":null}},{"start":{"line":5,"column":4},"end":{"line":5,"column":10}}],"line":3}},"s":{"0":8,"1":8,"2":8,"3":1,"4":1,"5":0,"6":1,"7":1,"8":9,"9":10,"10":9,"11":9,"12":8,"13":1,"14":1,"15":1,"16":1,"17":1,"18":0,"19":0,"20":0,"21":0,"22":1,"23":1,"24":2,"25":0,"26":0,"27":0,"28":0,"29":2,"30":2,"31":10,"32":9,"33":1,"34":1,"35":0},"f":{"0":1,"1":9,"2":1,"3":1,"4":0,"5":2,"6":0,"7":0,"8":9,"9":1,"10":1,"11":0},"b":{"0":[0,1],"1":[9,1],"2":[10,1],"3":[8,1],"4":[9,9],"5":[0,0],"6":[0,0],"7":[0,0],"8":[3,7]},"meta":{"lastBranch":0,"lastFunction":0,"lastStatement":0,"seen":{}}}
,"/Users/liyixin/repos/web/auto_config/src/components/controls/SelectInput.vue": {"path":"/Users/liyixin/repos/web/auto_config/src/components/controls/SelectInput.vue","statementMap":{"0":{"start":{"line":2,"column":2},"end":{"line":9,"column":null}},"1":{"start":{"line":6,"column":13},"end":{"line":6,"column":82}},"2":{"start":{"line":8,"column":4},"end":{"line":9,"column":null}}},"fnMap":{"0":{"name":"(anonymous_0)","decl":{"start":{"line":6,"column":11},"end":{"line":6,"column":13}},"loc":{"start":{"line":6,"column":13},"end":{"line":6,"column":82}},"line":6},"1":{"name":"(anonymous_1)","decl":{"start":{"line":8,"column":26},"end":{"line":8,"column":36}},"loc":{"start":{"line":8,"column":22},"end":{"line":9,"column":null}},"line":8}},"branchMap":{"0":{"loc":{"start":{"line":6,"column":11},"end":{"line":6,"column":null}},"type":"binary-expr","locations":[{"start":{"line":6,"column":11},"end":{"line":6,"column":13}},{"start":{"line":6,"column":11},"end":{"line":6,"column":82}}],"line":6}},"s":{"0":3,"1":1,"2":6},"f":{"0":1,"1":6},"b":{"0":[3,3]},"meta":{"lastBranch":1,"lastFunction":2,"lastStatement":3,"seen":{"s:2:2:9:Infinity":0,"b:6:11:6:13:6:11:6:82":0,"f:6:11:6:13":0,"s:6:13:6:82":1,"f:8:26:8:36":1,"s:8:4:9:Infinity":2}}}
,"/Users/liyixin/repos/web/auto_config/src/components/controls/TextInput.vue": {"path":"/Users/liyixin/repos/web/auto_config/src/components/controls/TextInput.vue","statementMap":{"0":{"start":{"line":2,"column":2},"end":{"line":10,"column":null}},"1":{"start":{"line":10,"column":12},"end":{"line":10,"column":80}}},"fnMap":{"0":{"name":"(anonymous_0)","decl":{"start":{"line":10,"column":10},"end":{"line":10,"column":12}},"loc":{"start":{"line":10,"column":12},"end":{"line":10,"column":80}},"line":10}},"branchMap":{"0":{"loc":{"start":{"line":10,"column":10},"end":{"line":10,"column":null}},"type":"binary-expr","locations":[{"start":{"line":10,"column":10},"end":{"line":10,"column":12}},{"start":{"line":10,"column":10},"end":{"line":10,"column":80}}],"line":10}},"s":{"0":37,"1":4},"f":{"0":4},"b":{"0":[37,34]},"meta":{"lastBranch":1,"lastFunction":1,"lastStatement":2,"seen":{"s:2:2:10:Infinity":0,"b:10:10:10:12:10:10:10:80":0,"f:10:10:10:12":0,"s:10:12:10:80":1}}}
,"/Users/liyixin/repos/web/auto_config/src/components/controls/TextareaInput.vue": {"path":"/Users/liyixin/repos/web/auto_config/src/components/controls/TextareaInput.vue","statementMap":{"0":{"start":{"line":2,"column":2},"end":{"line":8,"column":null}},"1":{"start":{"line":8,"column":12},"end":{"line":8,"column":83}}},"fnMap":{"0":{"name":"(anonymous_0)","decl":{"start":{"line":8,"column":10},"end":{"line":8,"column":12}},"loc":{"start":{"line":8,"column":12},"end":{"line":8,"column":83}},"line":8}},"branchMap":{"0":{"loc":{"start":{"line":8,"column":10},"end":{"line":8,"column":null}},"type":"binary-expr","locations":[{"start":{"line":8,"column":10},"end":{"line":8,"column":12}},{"start":{"line":8,"column":10},"end":{"line":8,"column":83}}],"line":8}},"s":{"0":3,"1":1},"f":{"0":1},"b":{"0":[3,3]},"meta":{"lastBranch":1,"lastFunction":1,"lastStatement":2,"seen":{"s:2:2:8:Infinity":0,"b:8:10:8:12:8:10:8:83":0,"f:8:10:8:12":0,"s:8:12:8:83":1}}}
,"/Users/liyixin/repos/web/auto_config/src/composables/useFormState.ts": {"path":"/Users/liyixin/repos/web/auto_config/src/composables/useFormState.ts","statementMap":{"0":{"start":{"line":7,"column":8},"end":{"line":7,"column":49}},"1":{"start":{"line":10,"column":4},"end":{"line":10,"column":null}},"2":{"start":{"line":14,"column":4},"end":{"line":14,"column":null}},"3":{"start":{"line":18,"column":4},"end":{"line":18,"column":null}},"4":{"start":{"line":22,"column":4},"end":{"line":22,"column":null}},"5":{"start":{"line":25,"column":2},"end":{"line":25,"column":null}}},"fnMap":{"0":{"name":"useFormState","decl":{"start":{"line":6,"column":16},"end":{"line":6,"column":31}},"loc":{"start":{"line":6,"column":31},"end":{"line":25,"column":null}},"line":6},"1":{"name":"initFromSchema","decl":{"start":{"line":9,"column":11},"end":{"line":9,"column":26}},"loc":{"start":{"line":9,"column":52},"end":{"line":10,"column":null}},"line":9},"2":{"name":"setValue","decl":{"start":{"line":13,"column":11},"end":{"line":13,"column":20}},"loc":{"start":{"line":13,"column":56},"end":{"line":14,"column":null}},"line":13},"3":{"name":"getValue","decl":{"start":{"line":17,"column":11},"end":{"line":17,"column":20}},"loc":{"start":{"line":17,"column":43},"end":{"line":18,"column":null}},"line":17},"4":{"name":"reset","decl":{"start":{"line":21,"column":11},"end":{"line":21,"column":17}},"loc":{"start":{"line":21,"column":43},"end":{"line":22,"column":null}},"line":21}},"branchMap":{},"s":{"0":18,"1":18,"2":5,"3":1,"4":2,"5":18},"f":{"0":18,"1":18,"2":5,"3":1,"4":2},"b":{},"meta":{"lastBranch":0,"lastFunction":5,"lastStatement":6,"seen":{"f:6:16:6:31":0,"s:7:8:7:49":0,"f:9:11:9:26":1,"s:10:4:10:Infinity":1,"f:13:11:13:20":2,"s:14:4:14:Infinity":2,"f:17:11:17:20":3,"s:18:4:18:Infinity":3,"f:21:11:21:17":4,"s:22:4:22:Infinity":4,"s:25:2:25:Infinity":5}}}
,"/Users/liyixin/repos/web/auto_config/src/composables/useValidation.ts": {"path":"/Users/liyixin/repos/web/auto_config/src/composables/useValidation.ts","statementMap":{"0":{"start":{"line":7,"column":12},"end":{"line":7,"column":55}},"1":{"start":{"line":8,"column":0},"end":{"line":8,"column":null}},"2":{"start":{"line":12,"column":2},"end":{"line":12,"column":null}},"3":{"start":{"line":16,"column":8},"end":{"line":16,"column":67}},"4":{"start":{"line":19,"column":21},"end":{"line":19,"column":40}},"5":{"start":{"line":20,"column":18},"end":{"line":20,"column":32}},"6":{"start":{"line":22,"column":4},"end":{"line":24,"column":null}},"7":{"start":{"line":23,"column":6},"end":{"line":23,"column":null}},"8":{"start":{"line":24,"column":6},"end":{"line":24,"column":null}},"9":{"start":{"line":27,"column":10},"end":{"line":34,"column":null}},"10":{"start":{"line":30,"column":8},"end":{"line":32,"column":48}},"11":{"start":{"line":33,"column":6},"end":{"line":33,"column":null}},"12":{"start":{"line":36,"column":4},"end":{"line":36,"column":null}},"13":{"start":{"line":37,"column":4},"end":{"line":37,"column":null}},"14":{"start":{"line":41,"column":4},"end":{"line":41,"column":null}},"15":{"start":{"line":41,"column":45},"end":{"line":41,"column":61}},"16":{"start":{"line":45,"column":4},"end":{"line":45,"column":null}},"17":{"start":{"line":45,"column":43},"end":{"line":45,"column":59}},"18":{"start":{"line":49,"column":4},"end":{"line":49,"column":null}},"19":{"start":{"line":52,"column":2},"end":{"line":52,"column":null}}},"fnMap":{"0":{"name":"normalizeErrorPath","decl":{"start":{"line":10,"column":9},"end":{"line":10,"column":28}},"loc":{"start":{"line":10,"column":58},"end":{"line":12,"column":null}},"line":10},"1":{"name":"useValidation","decl":{"start":{"line":15,"column":16},"end":{"line":15,"column":32}},"loc":{"start":{"line":15,"column":32},"end":{"line":52,"column":null}},"line":15},"2":{"name":"validate","decl":{"start":{"line":18,"column":11},"end":{"line":18,"column":20}},"loc":{"start":{"line":18,"column":89},"end":{"line":37,"column":null}},"line":18},"3":{"name":"(anonymous_3)","decl":{"start":{"line":27,"column":62},"end":{"line":27,"column":67}},"loc":{"start":{"line":27,"column":75},"end":{"line":34,"column":null}},"line":27},"4":{"name":"getFieldErrors","decl":{"start":{"line":40,"column":11},"end":{"line":40,"column":26}},"loc":{"start":{"line":40,"column":59},"end":{"line":41,"column":null}},"line":40},"5":{"name":"(anonymous_5)","decl":{"start":{"line":41,"column":31},"end":{"line":41,"column":39}},"loc":{"start":{"line":41,"column":45},"end":{"line":41,"column":61}},"line":41},"6":{"name":"hasFieldError","decl":{"start":{"line":44,"column":11},"end":{"line":44,"column":25}},"loc":{"start":{"line":44,"column":48},"end":{"line":45,"column":null}},"line":44},"7":{"name":"(anonymous_7)","decl":{"start":{"line":45,"column":31},"end":{"line":45,"column":37}},"loc":{"start":{"line":45,"column":43},"end":{"line":45,"column":59}},"line":45},"8":{"name":"clearErrors","decl":{"start":{"line":48,"column":11},"end":{"line":48,"column":31}},"loc":{"start":{"line":48,"column":31},"end":{"line":49,"column":null}},"line":48}},"branchMap":{"0":{"loc":{"start":{"line":22,"column":4},"end":{"line":24,"column":null}},"type":"if","locations":[{"start":{"line":22,"column":4},"end":{"line":24,"column":null}},{"start":{},"end":{}}],"line":22},"1":{"loc":{"start":{"line":27,"column":39},"end":{"line":27,"column":60}},"type":"binary-expr","locations":[{"start":{"line":27,"column":39},"end":{"line":27,"column":58}},{"start":{"line":27,"column":58},"end":{"line":27,"column":60}}],"line":27},"2":{"loc":{"start":{"line":30,"column":8},"end":{"line":32,"column":48}},"type":"cond-expr","locations":[{"start":{"line":31,"column":12},"end":{"line":31,"column":null}},{"start":{"line":32,"column":12},"end":{"line":32,"column":48}}],"line":30},"3":{"loc":{"start":{"line":30,"column":8},"end":{"line":30,"column":null}},"type":"binary-expr","locations":[{"start":{"line":30,"column":8},"end":{"line":30,"column":38}},{"start":{"line":30,"column":38},"end":{"line":30,"column":null}}],"line":30},"4":{"loc":{"start":{"line":33,"column":30},"end":{"line":33,"column":62}},"type":"binary-expr","locations":[{"start":{"line":33,"column":30},"end":{"line":33,"column":45}},{"start":{"line":33,"column":45},"end":{"line":33,"column":62}}],"line":33}},"s":{"0":2,"1":2,"2":2,"3":19,"4":7,"5":7,"6":7,"7":2,"8":2,"9":5,"10":7,"11":7,"12":7,"13":7,"14":1,"15":1,"16":2,"17":2,"18":15,"19":19},"f":{"0":2,"1":19,"2":7,"3":7,"4":1,"5":1,"6":2,"7":2,"8":15},"b":{"0":[2,5],"1":[5,0],"2":[5,2],"3":[7,5],"4":[7,0]},"meta":{"lastBranch":5,"lastFunction":9,"lastStatement":20,"seen":{"s:7:12:7:55":0,"s:8:0:8:Infinity":1,"f:10:9:10:28":0,"s:12:2:12:Infinity":2,"f:15:16:15:32":1,"s:16:8:16:67":3,"f:18:11:18:20":2,"s:19:21:19:40":4,"s:20:18:20:32":5,"b:22:4:24:Infinity:undefined:undefined:undefined:undefined":0,"s:22:4:24:Infinity":6,"s:23:6:23:Infinity":7,"s:24:6:24:Infinity":8,"s:27:10:34:Infinity":9,"b:27:39:27:58:27:58:27:60":1,"f:27:62:27:67":3,"s:30:8:32:48":10,"b:31:12:31:Infinity:32:12:32:48":2,"b:30:8:30:38:30:38:30:Infinity":3,"s:33:6:33:Infinity":11,"b:33:30:33:45:33:45:33:62":4,"s:36:4:36:Infinity":12,"s:37:4:37:Infinity":13,"f:40:11:40:26":4,"s:41:4:41:Infinity":14,"f:41:31:41:39":5,"s:41:45:41:61":15,"f:44:11:44:25":6,"s:45:4:45:Infinity":16,"f:45:31:45:37":7,"s:45:43:45:59":17,"f:48:11:48:31":8,"s:49:4:49:Infinity":18,"s:52:2:52:Infinity":19}}}
,"/Users/liyixin/repos/web/auto_config/src/utils/deep-clone.ts": {"path":"/Users/liyixin/repos/web/auto_config/src/utils/deep-clone.ts","statementMap":{"0":{"start":{"line":2,"column":2},"end":{"line":2,"column":null}},"1":{"start":{"line":2,"column":51},"end":{"line":2,"column":null}},"2":{"start":{"line":3,"column":2},"end":{"line":3,"column":null}},"3":{"start":{"line":3,"column":28},"end":{"line":3,"column":null}},"4":{"start":{"line":4,"column":2},"end":{"line":6,"column":null}},"5":{"start":{"line":5,"column":69},"end":{"line":5,"column":86}},"6":{"start":{"line":18,"column":16},"end":{"line":18,"column":31}},"7":{"start":{"line":19,"column":2},"end":{"line":19,"column":null}},"8":{"start":{"line":27,"column":2},"end":{"line":27,"column":null}},"9":{"start":{"line":27,"column":26},"end":{"line":27,"column":null}},"10":{"start":{"line":29,"column":26},"end":{"line":29,"column":null}},"11":{"start":{"line":30,"column":19},"end":{"line":30,"column":63}},"12":{"start":{"line":31,"column":17},"end":{"line":31,"column":83}},"13":{"start":{"line":33,"column":2},"end":{"line":33,"column":null}},"14":{"start":{"line":40,"column":2},"end":{"line":40,"column":null}},"15":{"start":{"line":40,"column":13},"end":{"line":40,"column":null}},"16":{"start":{"line":41,"column":2},"end":{"line":44,"column":null}},"17":{"start":{"line":42,"column":4},"end":{"line":42,"column":null}},"18":{"start":{"line":42,"column":45},"end":{"line":42,"column":null}},"19":{"start":{"line":43,"column":4},"end":{"line":43,"column":null}}},"fnMap":{"0":{"name":"deepClone","decl":{"start":{"line":1,"column":16},"end":{"line":1,"column":29}},"loc":{"start":{"line":1,"column":42},"end":{"line":6,"column":null}},"line":1},"1":{"name":"(anonymous_1)","decl":{"start":{"line":5,"column":53},"end":{"line":5,"column":58}},"loc":{"start":{"line":5,"column":69},"end":{"line":5,"column":86}},"line":5},"2":{"name":"setNestedValue","decl":{"start":{"line":13,"column":16},"end":{"line":13,"column":null}},"loc":{"start":{"line":17,"column":27},"end":{"line":19,"column":null}},"line":17},"3":{"name":"setAtPath","decl":{"start":{"line":22,"column":9},"end":{"line":22,"column":null}},"loc":{"start":{"line":26,"column":11},"end":{"line":33,"column":null}},"line":26},"4":{"name":"getNestedValue","decl":{"start":{"line":39,"column":16},"end":{"line":39,"column":31}},"loc":{"start":{"line":39,"column":84},"end":{"line":44,"column":null}},"line":39},"5":{"name":"(anonymous_5)","decl":{"start":{"line":41,"column":25},"end":{"line":41,"column":42}},"loc":{"start":{"line":41,"column":56},"end":{"line":44,"column":9}},"line":41}},"branchMap":{"0":{"loc":{"start":{"line":2,"column":2},"end":{"line":2,"column":null}},"type":"if","locations":[{"start":{"line":2,"column":2},"end":{"line":2,"column":null}},{"start":{},"end":{}}],"line":2},"1":{"loc":{"start":{"line":2,"column":6},"end":{"line":2,"column":51}},"type":"binary-expr","locations":[{"start":{"line":2,"column":6},"end":{"line":2,"column":24}},{"start":{"line":2,"column":24},"end":{"line":2,"column":51}}],"line":2},"2":{"loc":{"start":{"line":3,"column":2},"end":{"line":3,"column":null}},"type":"if","locations":[{"start":{"line":3,"column":2},"end":{"line":3,"column":null}},{"start":{},"end":{}}],"line":3},"3":{"loc":{"start":{"line":27,"column":2},"end":{"line":27,"column":null}},"type":"if","locations":[{"start":{"line":27,"column":2},"end":{"line":27,"column":null}},{"start":{},"end":{}}],"line":27},"4":{"loc":{"start":{"line":30,"column":19},"end":{"line":30,"column":63}},"type":"binary-expr","locations":[{"start":{"line":30,"column":19},"end":{"line":30,"column":61}},{"start":{"line":30,"column":61},"end":{"line":30,"column":63}}],"line":30},"5":{"loc":{"start":{"line":40,"column":2},"end":{"line":40,"column":null}},"type":"if","locations":[{"start":{"line":40,"column":2},"end":{"line":40,"column":null}},{"start":{},"end":{}}],"line":40},"6":{"loc":{"start":{"line":42,"column":4},"end":{"line":42,"column":null}},"type":"if","locations":[{"start":{"line":42,"column":4},"end":{"line":42,"column":null}},{"start":{},"end":{}}],"line":42},"7":{"loc":{"start":{"line":42,"column":8},"end":{"line":42,"column":45}},"type":"binary-expr","locations":[{"start":{"line":42,"column":8},"end":{"line":42,"column":25}},{"start":{"line":42,"column":25},"end":{"line":42,"column":45}}],"line":42}},"s":{"0":14,"1":9,"2":5,"3":2,"4":3,"5":4,"6":9,"7":9,"8":23,"9":9,"10":14,"11":14,"12":23,"13":23,"14":5,"15":1,"16":4,"17":8,"18":1,"19":7},"f":{"0":14,"1":4,"2":9,"3":23,"4":5,"5":8},"b":{"0":[9,5],"1":[14,13],"2":[2,3],"3":[9,14],"4":[14,2],"5":[1,4],"6":[1,7],"7":[8,8]},"meta":{"lastBranch":8,"lastFunction":6,"lastStatement":20,"seen":{"f:1:16:1:29":0,"b:2:2:2:Infinity:undefined:undefined:undefined:undefined":0,"s:2:2:2:Infinity":0,"b:2:6:2:24:2:24:2:51":1,"s:2:51:2:Infinity":1,"b:3:2:3:Infinity:undefined:undefined:undefined:undefined":2,"s:3:2:3:Infinity":2,"s:3:28:3:Infinity":3,"s:4:2:6:Infinity":4,"f:5:53:5:58":1,"s:5:69:5:86":5,"f:13:16:13:Infinity":2,"s:18:16:18:31":6,"s:19:2:19:Infinity":7,"f:22:9:22:Infinity":3,"b:27:2:27:Infinity:undefined:undefined:undefined:undefined":3,"s:27:2:27:Infinity":8,"s:27:26:27:Infinity":9,"s:29:26:29:Infinity":10,"s:30:19:30:63":11,"b:30:19:30:61:30:61:30:63":4,"s:31:17:31:83":12,"s:33:2:33:Infinity":13,"f:39:16:39:31":4,"b:40:2:40:Infinity:undefined:undefined:undefined:undefined":5,"s:40:2:40:Infinity":14,"s:40:13:40:Infinity":15,"s:41:2:44:Infinity":16,"f:41:25:41:42":5,"b:42:4:42:Infinity:undefined:undefined:undefined:undefined":6,"s:42:4:42:Infinity":17,"b:42:8:42:25:42:25:42:45":7,"s:42:45:42:Infinity":18,"s:43:4:43:Infinity":19}}}
,"/Users/liyixin/repos/web/auto_config/src/utils/default-values.ts": {"path":"/Users/liyixin/repos/web/auto_config/src/utils/default-values.ts","statementMap":{"0":{"start":{"line":7,"column":2},"end":{"line":7,"column":null}},"1":{"start":{"line":7,"column":54},"end":{"line":7,"column":null}},"2":{"start":{"line":9,"column":2},"end":{"line":17,"column":null}},"3":{"start":{"line":10,"column":4},"end":{"line":11,"column":null}},"4":{"start":{"line":11,"column":6},"end":{"line":11,"column":null}},"5":{"start":{"line":13,"column":4},"end":{"line":14,"column":null}},"6":{"start":{"line":14,"column":6},"end":{"line":14,"column":null}},"7":{"start":{"line":16,"column":4},"end":{"line":16,"column":null}},"8":{"start":{"line":21,"column":2},"end":{"line":21,"column":null}},"9":{"start":{"line":21,"column":33},"end":{"line":21,"column":null}},"10":{"start":{"line":22,"column":2},"end":{"line":22,"column":null}},"11":{"start":{"line":22,"column":61},"end":{"line":22,"column":null}},"12":{"start":{"line":23,"column":2},"end":{"line":23,"column":null}},"13":{"start":{"line":23,"column":31},"end":{"line":23,"column":null}},"14":{"start":{"line":24,"column":2},"end":{"line":26,"column":null}},"15":{"start":{"line":25,"column":4},"end":{"line":25,"column":null}},"16":{"start":{"line":25,"column":62},"end":{"line":25,"column":null}},"17":{"start":{"line":26,"column":4},"end":{"line":26,"column":null}},"18":{"start":{"line":28,"column":2},"end":{"line":28,"column":null}},"19":{"start":{"line":32,"column":2},"end":{"line":44,"column":null}},"20":{"start":{"line":33,"column":4},"end":{"line":34,"column":null}},"21":{"start":{"line":34,"column":6},"end":{"line":34,"column":null}},"22":{"start":{"line":36,"column":4},"end":{"line":37,"column":null}},"23":{"start":{"line":37,"column":6},"end":{"line":37,"column":null}},"24":{"start":{"line":39,"column":4},"end":{"line":40,"column":null}},"25":{"start":{"line":40,"column":6},"end":{"line":40,"column":null}},"26":{"start":{"line":42,"column":21},"end":{"line":42,"column":48}},"27":{"start":{"line":43,"column":4},"end":{"line":43,"column":null}},"28":{"start":{"line":48,"column":2},"end":{"line":53,"column":null}},"29":{"start":{"line":49,"column":21},"end":{"line":49,"column":null}},"30":{"start":{"line":50,"column":19},"end":{"line":50,"column":null}},"31":{"start":{"line":51,"column":18},"end":{"line":51,"column":null}},"32":{"start":{"line":52,"column":19},"end":{"line":52,"column":null}},"33":{"start":{"line":53,"column":13},"end":{"line":53,"column":null}}},"fnMap":{"0":{"name":"extractDefaults","decl":{"start":{"line":6,"column":16},"end":{"line":6,"column":32}},"loc":{"start":{"line":6,"column":77},"end":{"line":17,"column":null}},"line":6},"1":{"name":"(anonymous_1)","decl":{"start":{"line":9,"column":43},"end":{"line":9,"column":76}},"loc":{"start":{"line":9,"column":104},"end":{"line":17,"column":7}},"line":9},"2":{"name":"getTypeDefault","decl":{"start":{"line":20,"column":9},"end":{"line":20,"column":24}},"loc":{"start":{"line":20,"column":69},"end":{"line":28,"column":null}},"line":20},"3":{"name":"buildDefaultFromDescriptors","decl":{"start":{"line":31,"column":16},"end":{"line":31,"column":44}},"loc":{"start":{"line":31,"column":100},"end":{"line":44,"column":null}},"line":31},"4":{"name":"(anonymous_4)","decl":{"start":{"line":32,"column":16},"end":{"line":32,"column":49}},"loc":{"start":{"line":32,"column":64},"end":{"line":44,"column":7}},"line":32},"5":{"name":"getDescriptorDefault","decl":{"start":{"line":47,"column":9},"end":{"line":47,"column":30}},"loc":{"start":{"line":47,"column":83},"end":{"line":53,"column":null}},"line":47}},"branchMap":{"0":{"loc":{"start":{"line":7,"column":2},"end":{"line":7,"column":null}},"type":"if","locations":[{"start":{"line":7,"column":2},"end":{"line":7,"column":null}},{"start":{},"end":{}}],"line":7},"1":{"loc":{"start":{"line":7,"column":6},"end":{"line":7,"column":54}},"type":"binary-expr","locations":[{"start":{"line":7,"column":6},"end":{"line":7,"column":34}},{"start":{"line":7,"column":34},"end":{"line":7,"column":54}}],"line":7},"2":{"loc":{"start":{"line":10,"column":4},"end":{"line":11,"column":null}},"type":"if","locations":[{"start":{"line":10,"column":4},"end":{"line":11,"column":null}},{"start":{},"end":{}}],"line":10},"3":{"loc":{"start":{"line":13,"column":4},"end":{"line":14,"column":null}},"type":"if","locations":[{"start":{"line":13,"column":4},"end":{"line":14,"column":null}},{"start":{},"end":{}}],"line":13},"4":{"loc":{"start":{"line":21,"column":2},"end":{"line":21,"column":null}},"type":"if","locations":[{"start":{"line":21,"column":2},"end":{"line":21,"column":null}},{"start":{},"end":{}}],"line":21},"5":{"loc":{"start":{"line":22,"column":2},"end":{"line":22,"column":null}},"type":"if","locations":[{"start":{"line":22,"column":2},"end":{"line":22,"column":null}},{"start":{},"end":{}}],"line":22},"6":{"loc":{"start":{"line":22,"column":6},"end":{"line":22,"column":61}},"type":"binary-expr","locations":[{"start":{"line":22,"column":6},"end":{"line":
[...]
,"/Users/liyixin/repos/web/auto_config/src/utils/file-io.ts": {"path":"/Users/liyixin/repos/web/auto_config/src/utils/file-io.ts","statementMap":{"0":{"start":{"line":4,"column":2},"end":{"line":26,"column":null}},"1":{"start":{"line":5,"column":4},"end":{"line":7,"column":null}},"2":{"start":{"line":6,"column":6},"end":{"line":6,"column":null}},"3":{"start":{"line":7,"column":6},"end":{"line":7,"column":null}},"4":{"start":{"line":10,"column":19},"end":{"line":10,"column":35}},"5":{"start":{"line":11,"column":4},"end":{"line":21,"column":null}},"6":{"start":{"line":12,"column":6},"end":{"line":21,"column":null}},"7":{"start":{"line":13,"column":21},"end":{"line":13,"column":null}},"8":{"start":{"line":14,"column":8},"end":{"line":16,"column":null}},"9":{"start":{"line":15,"column":10},"end":{"line":15,"column":null}},"10":{"start":{"line":16,"column":10},"end":{"line":16,"column":null}},"11":{"start":{"line":18,"column":23},"end":{"line":18,"column":39}},"12":{"start":{"line":19,"column":8},"end":{"line":19,"column":null}},"13":{"start":{"line":21,"column":8},"end":{"line":21,"column":null}},"14":{"start":{"line":24,"column":4},"end":{"line":24,"column":null}},"15":{"start":{"line":24,"column":27},"end":{"line":24,"column":67}},"16":{"start":{"line":25,"column":4},"end":{"line":25,"column":null}},"17":{"start":{"line":30,"column":15},"end":{"line":30,"column":44}},"18":{"start":{"line":31,"column":15},"end":{"line":31,"column":61}},"19":{"start":{"line":32,"column":14},"end":{"line":32,"column":39}},"20":{"start":{"line":33,"column":17},"end":{"line":33,"column":44}},"21":{"start":{"line":34,"column":2},"end":{"line":34,"column":null}},"22":{"start":{"line":35,"column":2},"end":{"line":35,"column":null}},"23":{"start":{"line":36,"column":2},"end":{"line":36,"column":null}},"24":{"start":{"line":37,"column":2},"end":{"line":37,"column":null}}},"fnMap":{"0":{"name":"readJsonFile","decl":{"start":{"line":3,"column":16},"end":{"line":3,"column":29}},"loc":{"start":{"line":3,"column":62},"end":{"line":26,"column":null}},"line":3},"1":{"name":"(anonymous_1)","decl":{"start":{"line":4,"column":13},"end":{"line":4,"column":22}},"loc":{"start":{"line":4,"column":42},"end":{"line":26,"column":null}},"line":4},"2":{"name":"(anonymous_2)","decl":{"start":{"line":11,"column":11},"end":{"line":11,"column":21}},"loc":{"start":{"line":11,"column":31},"end":{"line":21,"column":null}},"line":11},"3":{"name":"(anonymous_3)","decl":{"start":{"line":24,"column":11},"end":{"line":24,"column":27}},"loc":{"start":{"line":24,"column":27},"end":{"line":24,"column":67}},"line":24},"4":{"name":"downloadJson","decl":{"start":{"line":29,"column":16},"end":{"line":29,"column":29}},"loc":{"start":{"line":29,"column":68},"end":{"line":37,"column":null}},"line":29}},"branchMap":{"0":{"loc":{"start":{"line":5,"column":4},"end":{"line":7,"column":null}},"type":"if","locations":[{"start":{"line":5,"column":4},"end":{"line":7,"column":null}},{"start":{},"end":{}}],"line":5},"1":{"loc":{"start":{"line":14,"column":8},"end":{"line":16,"column":null}},"type":"if","locations":[{"start":{"line":14,"column":8},"end":{"line":16,"column":null}},{"start":{},"end":{}}],"line":14},"2":{"loc":{"start":{"line":35,"column":20},"end":{"line":35,"column":null}},"type":"cond-expr","locations":[{"start":{"line":35,"column":49},"end":{"line":35,"column":60}},{"start":{"line":35,"column":60},"end":{"line":35,"column":null}}],"line":35}},"s":{"0":4,"1":4,"2":1,"3":1,"4":3,"5":3,"6":2,"7":2,"8":2,"9":0,"10":0,"11":2,"12":2,"13":1,"14":3,"15":1,"16":3,"17":3,"18":3,"19":3,"20":3,"21":3,"22":3,"23":3,"24":3},"f":{"0":4,"1":4,"2":2,"3":1,"4":3},"b":{"0":[1,3],"1":[0,2],"2":[1,2]},"meta":{"lastBranch":3,"lastFunction":5,"lastStatement":25,"seen":{"f:3:16:3:29":0,"s:4:2:26:Infinity":0,"f:4:13:4:22":1,"b:5:4:7:Infinity:undefined:undefined:undefined:undefined":0,"s:5:4:7:Infinity":1,"s:6:6:6:Infinity":2,"s:7:6:7:Infinity":3,"s:10:19:10:35":4,"s:11:4:21:Infinity":5,"f:11:11:11:21":2,"s:12:6:21:Infinity":6,"s:13:21:13:Infinity":7,"b:14:8:16:Infinity:undefined:undefined:undefined:undefined":1,"s:14:8:16:Infinity":8,"s:15:10:15:Infinity":9,"s:16:10:16:Infinity":10,"s:18:23:18:39":11,"s:19:8:19:Infinity":12,"s:21:8:21:Infinity":13,"s:24:4:24:Infinity":14,"f:24:11:24:27":3,"s:24:27:24:67":15,"s:25:4:25:Infinity":16,"f:29:16:29:29":4,"s:30:15:30:44":17,"s:31:15:31:61":18,"s:32:14:32:39":19,"s:33:17:33:44":20,"s:34:2:34:Infinity":21,"s:35:2:35:Infinity":22,"b:35:49:35:60:35:60:35:Infinity":2,"s:36:2:36:Infinity":23,"s:37:2:37:Infinity":24}}}
,"/Users/liyixin/repos/web/auto_config/src/utils/schema-parser.ts": {"path":"/Users/liyixin/repos/web/auto_config/src/utils/schema-parser.ts","statementMap":{"0":{"start":{"line":5,"column":2},"end":{"line":5,"column":null}},"1":{"start":{"line":5,"column":33},"end":{"line":5,"column":null}},"2":{"start":{"line":6,"column":2},"end":{"line":6,"column":null}},"3":{"start":{"line":6,"column":61},"end":{"line":6,"column":null}},"4":{"start":{"line":7,"column":2},"end":{"line":7,"column":null}},"5":{"start":{"line":7,"column":32},"end":{"line":7,"column":null}},"6":{"start":{"line":8,"column":2},"end":{"line":10,"column":null}},"7":{"start":{"line":9,"column":4},"end":{"line":9,"column":null}},"8":{"start":{"line":9,"column":41},"end":{"line":9,"column":null}},"9":{"start":{"line":10,"column":4},"end":{"line":10,"column":null}},"10":{"start":{"line":12,"column":2},"end":{"line":15,"column":null}},"11":{"start":{"line":13,"column":4},"end":{"line":13,"column":null}},"12":{"start":{"line":13,"column":62},"end":{"line":13,"column":null}},"13":{"start":{"line":14,"column":4},"end":{"line":14,"column":null}},"14":{"start":{"line":14,"column":38},"end":{"line":14,"column":null}},"15":{"start":{"line":15,"column":4},"end":{"line":15,"column":null}},"16":{"start":{"line":17,"column":2},"end":{"line":17,"column":null}},"17":{"start":{"line":21,"column":2},"end":{"line":21,"column":null}},"18":{"start":{"line":21,"column":48},"end":{"line":21,"column":null}},"19":{"start":{"line":22,"column":20},"end":{"line":22,"column":null}},"20":{"start":{"line":23,"column":2},"end":{"line":23,"column":null}},"21":{"start":{"line":23,"column":30},"end":{"line":23,"column":null}},"22":{"start":{"line":24,"column":2},"end":{"line":24,"column":null}},"23":{"start":{"line":24,"column":57},"end":{"line":24,"column":null}},"24":{"start":{"line":25,"column":2},"end":{"line":25,"column":null}},"25":{"start":{"line":29,"column":2},"end":{"line":29,"column":null}},"26":{"start":{"line":29,"column":35},"end":{"line":29,"column":null}},"27":{"start":{"line":30,"column":2},"end":{"line":33,"column":null}},"28":{"start":{"line":30,"column":37},"end":{"line":33,"column":5}},"29":{"start":{"line":43,"column":15},"end":{"line":43,"column":null}},"30":{"start":{"line":44,"column":22},"end":{"line":44,"column":48}},"31":{"start":{"line":46,"column":42},"end":{"line":61,"column":null}},"32":{"start":{"line":63,"column":2},"end":{"line":64,"column":null}},"33":{"start":{"line":64,"column":4},"end":{"line":64,"column":null}},"34":{"start":{"line":67,"column":2},"end":{"line":73,"column":null}},"35":{"start":{"line":68,"column":4},"end":{"line":73,"column":null}},"36":{"start":{"line":76,"column":2},"end":{"line":76,"column":null}},"37":{"start":{"line":85,"column":2},"end":{"line":87,"column":null}},"38":{"start":{"line":86,"column":4},"end":{"line":86,"column":75}},"39":{"start":{"line":91,"column":2},"end":{"line":92,"column":null}},"40":{"start":{"line":92,"column":4},"end":{"line":92,"column":null}},"41":{"start":{"line":94,"column":2},"end":{"line":94,"column":null}}},"fnMap":{"0":{"name":"resolveControlType","decl":{"start":{"line":4,"column":9},"end":{"line":4,"column":28}},"loc":{"start":{"line":4,"column":61},"end":{"line":17,"column":null}},"line":4},"1":{"name":"resolveItemType","decl":{"start":{"line":20,"column":9},"end":{"line":20,"column":25}},"loc":{"start":{"line":20,"column":72},"end":{"line":25,"column":null}},"line":20},"2":{"name":"resolveOptions","decl":{"start":{"line":28,"column":9},"end":{"line":28,"column":24}},"loc":{"start":{"line":28,"column":76},"end":{"line":33,"column":null}},"line":28},"3":{"name":"(anonymous_3)","decl":{"start":{"line":30,"column":21},"end":{"line":30,"column":26}},"loc":{"start":{"line":30,"column":37},"end":{"line":33,"column":5}},"line":30},"4":{"name":"parseField","decl":{"start":{"line":36,"column":9},"end":{"line":36,"column":null}},"loc":{"start":{"line":42,"column":23},"end":{"line":76,"column":null}},"line":42},"5":{"name":"parseProperties","decl":{"start":{"line":79,"column":9},"end":{"line":79,"column":null}},"loc":{"start":{"line":84,"column":25},"end":{"line":87,"column":null}},"line":84},"6":{"name":"(anonymous_6)","decl":{"start":{"line":85,"column":36},"end":{"line":85,"column":41}},"loc":{"start":{"line":86,"column":4},"end":{"line":86,"column":75}},"line":86},"7":{"name":"parseSchema","decl":{"start":{"line":90,"column":16},"end":{"line":90,"column":28}},"loc":{"start":{"line":90,"column":71},"end":{"line":94,"column":null}},"line":90}},"branchMap":{"0":{"loc":{"start":{"line":5,"column":2},"end":{"line":5,"column":null}},"type":"if","locations":[{"start":{"line":5,"column":2},"end":{"line":5,"column":null}},{"start":{},"end":{}}],"line":5},"1":{"loc":{"start":{"line":6,"column":2},"end":{"line":6,"column":null}},"type":"if","locations":[{"start":{"line":6,"column":2},"end":{"line":6,"column":null}},{"start":{},"end":{}}],"line":6},"2":{"loc":{"start":{"line":6,"column":6},"end":{"line":6,"column":61}},"type":"binary-expr","locations":[{"start":{"line":6,"column":6},"end":{"line":6,"column":34}},{"start":{"line":6,"column":34},"end":{"line":6,"column":61}}],"line":6},"3":{"loc":{"start":{"line":7,"column":2},"end":{"line":7,"column":null}},"type":"if","locations":[{"start":{"line":7,"column":2},"end":{"line":7,"column":null}},{"start":{},"end":{}}],"line":7},"4":{"loc":{"start":{"line":8,"column":2},"end":{"line":10,"column":null}},"type":"if","locations":[{"start":{"line":8,"column":2},"end":{"line":10,"column":null}},{"start":{},"end":{}}],"line":8},"5":{"loc":{"start":{"line":9,"column":4},"end":{"line":9,"column":null}},"type":"if","locations":[{"start":{"line":9,"column":4},"end":{"line":9,"column":null}},{"start":{},"end":{}}],"line":9},"6":{"loc":{"start":{"line":12,"column":2},"end":{"line":15,"column":null}},"type":"if","locations":[{"start":{"line":12,"column":2},"end":{"line":15,"column":null}},{"start":{},"end":{}}],"line":12},"7":{"loc":{"start":{"line":13,"column":4},"end":{"line":13,"column":null}},"type":"if","locations":[{"start":{"line":13,"column":4},"end":{"line":13,"column":null}},{"start":{},"end":{}}],"line":13},"8":{"loc":{"start":{"line":13,"column":8},"end":{"line":13,"column":62}},"type":"binary-expr","locations":[{"start":{"line":13,"column":8},"end":{"line":13,"column":34}},{"start":{"line":13,"column":38},"end":{"line":13,"column":62}}],"line":13},"9":{"loc":{"start":{"line":14,"column":4},"end":{"line":14,"column":null}},"type":"if","locations":[{"start":{"line":14,"column":4},"end":{"line":14,"column":null}},{"start":{},"end":{}}],"line":14},"10":{"loc":{"start":{"line":21,"column":2},"end":{"line":21,"column":null}},"type":"if","locations":[{"start":{"line":21,"column":2},"end":{"line":21,"column":null}},{"start":{},"end":{}}],"line":21},"11":{"loc":{"start":{"line":21,"column":6},"end":{"line":21,"column":48}},"type":"binary-expr","locations":[{"start":{"line":21,"column":6},"end":{"line":21,"column":33}},{"start":{"line":21,"column":33},"end":{"line":21,"column":48}}],"line":21},"12":{"loc":{"start":{"line":23,"column":2},"end":{"line":23,"column":null}},"type":"if","locations":[{"start":{"line":23,"column":2},"end":{"line":23,"column":null}},{"start":{},"end":{}}],"line":23},"13":{"loc":{"start":{"line":24,"column":2},"end":{"line":24,"column":null}},"type":"if","locations":[{"start":{"line":24,"column":2},"end":{"line":24,"column":null}},{"start":{},"end":{}}],"line":24},"14":{"loc":{"start":{"line":24,"column":6},"end":{"line":24,"column":57}},"type":"binary-expr","locations":[{"start":{"line":24,"column":6},"end":{"line":24,"column":32}},{"start":{"line":24,"column":32},"end":{"line":24,"column":57}}],"line":24},"15":{"loc":{"start":{"line":29,"column":2},"end":{"line":29,"column":null}},"type":"if","locations":[{"start":{"line":29,"column":2},"end":{"line":29,"column":null}},{"start":{},"end":{}}],"line":29},"16":{"loc":{"start":{"line":43,"column":15},"end":{"line":43,"column":null}},"type":"cond-expr","locations":[{"start":{"line":43,"column":28},"end":{"line":43,"column":53}},{"start":{"line":43,"column":53},"end":{"line":43,"column":null}}],"line":43},"17":{"loc":{"start":{"line":49,"column":11},"end":{"line":49,"column":null}},"type":"binary-expr","locations":[{"start":{"line":49,"column":11},"end":{"line":49,"column":27}},{"start":{"line":49,"column":27},"end":{"line":49,"column":null}}],"line":49},"18":{"loc":{"start":{"line":63,"column":2},"end":{"line":64,"column":null}},"type":"if","locations":[{"start":{"line":63,"column":2},"end":{"line":64,"column":null}},{"start":{},"end":{}}],"line":63},"19":{"loc":{"start":{"line":63,"column":6},"end":{"line":63,"column":52}},"type":"binary-expr","locations":[{"start":{"line":63,"column":6},"end":{"line":63,"column":33}},{"start":{"line":63,"column":33},"end":{"line":63,"column":52}}],"line":63},"20":{"loc":{"start":{"line":64,"column":61},"end":{"line":64,"column":82}},"type":"binary-expr","locations":[{"start":{"line":64,"column":61},"end":{"line":64,"column":80}},{"start":{"line":64,"column":80},"end":{"line":64,"column":82}}],"line":64},"21":{"loc":{"start":{"line":67,"column":2},"end":{"line":73,"column":null}},"type":"if","locations":[{"start":{"line":67,"column":2},"end":{"line":73,"column":null}},{"start":{},"end":{}}],"line":67},"22":{"loc":{"start":{"line":67,"column":6},"end":{"line":67,"column":66}},"type":"binary-expr","locations":[{"start":{"line":67,"column":6},"end":{"line":67,"column":40}},{"start":{"line":67,"column":40},"end":{"line":67,"column":66}}],"line":67},"23":{"loc":{"start":{"line":70,"column":6},"end":{"line":70,"column":33}},"type":"binary-expr","locations":[{"start":{"line":70,"column":6},"end":{"line":70,"column":31}},{"start":{"line":70,"column":31},"end":{"line":70,"column":33}}],"line":70},"24":{"loc":{"start":{"line":91,"column":2},"end":{"line":92,"column":null}},"type":"if","locations":[{"start":{"line":91,"column":2},"end":{"line":92,"column":null}},{"start":{},"end":{}}],"line":91},"25":{"loc":{"start":{"line":91,"column":6},"end":{"line":91,"column":54}},"type":"binary-expr","locations":[{"start":{"line":91,"column":6},"end":{"line":91,"column":34}},{"start":{"line":91,"column":34},"end":{"line":91,"column":54}}],"line":91},"26":{"loc":{"start":{"line":94,"column":44},"end":{"line":94,"column":65}},"type":"binary-expr","locations":[{"start":{"line":94,"column":44},"end":{"line":94,"column":63}},{"start":{"line":94,"column":63},"end":{"line":94,"column":65}}],"line":94}},"s":{"0":63,"1":13,"2":50,"3":18,"4":32,"5":3,"6":29,"7":6,"8":2,"9":4,"10":23,"11":23,"12":1,"13":22,"14":1,"15":21,"16":0,"17":63,"18":58,"19":5,"20":5,"21":2,"22":3,"23":1,"24":2,"25":63,"26":62,"27":1,"28":2,"29":63,"30":63,"31":63,"32":63,"33":3,"34":63,"35":2,"36":63,"37":35,"38":63,"39":33,"40":3,"41":30},"f":{"0":63,"1":63,"2":63,"3":2,"4":63,"5":35,"6":63,"7":33},"b":{"0":[13,50],"1":[18,32],"2":[50,49],"3":[3,29],"4":[6,23],"5":[2,4],"6":[23,0],"7":[1,22],"8":[23,1],"9":[1,21],"10":[58,5],"11":[63,6],"12":[2,3],"13":[1,2],"14":[3,3],"15":[62,1],"16":[4,59],"17":[63,25],"18":[3,60],"19":[63,3],"20":[3,3],"21":[2,61],"22":[63,2],"23":[2,2],"24":[3,30],"25":[33,31],"26":[30,17]},"meta":{"lastBranch":27,"lastFunction":8,"lastStatement":42,"seen":{"f:4:9:4:28":0,"b:5:2:5:Infinity:undefined:undefined:undefined:undefined":0,"s:5:2:5:Infinity":0,"s:5:33:5:Infinity":1,"b:6:2:6:Infinity:undefined:undefined:undefined:undefined":1,"s:6:2:6:Infinity":2,"b:6:6:6:34:6:34:6:61":2,"s:6:61:6:Infinity":3,"b:7:2:7:Infinity:undefined:undefined:undefined:undefined":3,"s:7:2:7:Infinity":4,"s:7:32:7:Infinity":5,"b:8:2:10:Infinity:undefined:undefined:undefined:undefined":4,"s:8:2:10:Infinity":6,"b:9:4:9:Infinity:undefined:undefined:undefined:undefined":5,"s:9:4:9:Infinity":7,"s:9:41:9:Infinity":8,"s:10:4:10:Infinity":9,"b:12:2:15:Infinity:undefined:undefined:undefined:undefined":6,"s:12:2:15:Infinity":10,"b:13:4:13:Infinity:undefined:undefined:undefined:undefined":7,"s:13:4:13:Infinity":11,"b:13:8:13:34:13:38:13:62":8,"s:13:62:13:Infinity":12,"b:14:4:14:Infinity:undefined:undefined:undefined:undefined":9,"s:14:4:14:Infinity":13,"s:14:38:14:Infinity":14,"s:15:4:15:Infinity":15,"s:17:2:17:Infinity":16,"f:20:9:20:25":1,"b:21:2:21:Infinity:undefined:undefined:undefined:undefined":10,"s:21:2:21:Infinity":17,"b:21:6:21:33:21:33:21:48":11,"s:21:48:21:Infinity":18,"s:22:20:22:Infinity":19,"b:23:2:23:Infinity:undefined:undefined:undefined:undefined":12,"s:23:2:23:Infinity":20,"s:23:30:23:Infinity":21,"b:24:2:24:Infinity:undefined:undefined:undefined:undefined":13,"s:24:2:24:Infinity":22,"b:24:6:24:32:24:32:24:57":14,"s:24:57:24:Infinity":23,"s:25:2:25:Infinity":24,"f:28:9:28:24":2,"b:29:2:29:Infinity:undefined:undefined:undefined:undefined":15,"s:29:2:29:Infinity":25,"s:29:35:29:Infinity":26,"s:30:2:33:Infinity":27,"f:30:21:30:26":3,"s:30:37:33:5":28,"f:36:9:36:Infinity":4,"s:43:15:43:Infinity":29,"b:43:28:43:53:43:53:43:Infinity":16,"s:44:22:44:48":30,"s:46:42:61:Infinity":31,"b:49:11:49:27:49:27:49:Infinity":17,"b:63:2:64:Infinity:undefined:undefined:undefined:undefined":18,"s:63:2:64:Infinity":32,"b:63:6:63:33:63:33:63:52":19,"s:64:4:64:Infinity":33,"b:64:61:64:80:64:80:64:82":20,"b:67:2:73:Infinity:undefined:undefined:undefined:undefined":21,"s:67:2:73:Infinity":34,"b:67:6:67:40:67:40:67:66":22,"s:68:4:73:Infinity":35,"b:70:6:70:31:70:31:70:33":23,"s:76:2:76:Infinity":36,"f:79:9:79:Infinity":5,"s:85:2:87:Infinity":37,"f:85:36:85:41":6,"s:86:4:86:75":38,"f:90:16:90:28":7,"b:91:2:92:Infinity:undefined:undefined:undefined:undefined":24,"s:91:2:92:Infinity":39,"b:91:6:91:34:91:34:91:54":25,"s:92:4:92:Infinity":40,"s:94:2:94:Infinity":41,"b:94:44:94:63:94:63:94:65":26}}}
}
